2025-04-01 13:45:06 | INFO     | __main__:_check_and_train_initial_models:277 - Phát hiện 5 mô hình chưa tồn tại, cần huấn luyện ban đầu
2025-04-01 13:45:06 | INFO     | __main__:_check_and_train_initial_models:303 - Đang huấn luyện mô hình [1/5]: TSLA - monthly
2025-04-01 13:45:07 | INFO     | __main__:_train_model_if_needed:683 - Kiểm tra và huấn luyện mô hình cho TSLA - monthly
2025-04-01 13:45:07 | INFO     | __main__:_train_model_if_needed:708 - Bắt đầu huấn luyện mô hình mới cho TSLA - monthly
2025-04-01 13:45:07 | ERROR    | models.base_predictor:train:243 - Không đủ dữ liệu để huấn luyện mô hình TSLA - monthly
2025-04-01 13:45:07 | ERROR    | __main__:_train_model_if_needed:728 - Huấn luyện mô hình thất bại cho TSLA - monthly
2025-04-01 13:45:07 | INFO     | __main__:_check_and_train_initial_models:303 - Đang huấn luyện mô hình [2/5]: NVDA - monthly
2025-04-01 13:45:08 | INFO     | __main__:_train_model_if_needed:683 - Kiểm tra và huấn luyện mô hình cho NVDA - monthly
2025-04-01 13:45:08 | INFO     | __main__:_train_model_if_needed:708 - Bắt đầu huấn luyện mô hình mới cho NVDA - monthly
2025-04-01 13:45:08 | ERROR    | models.base_predictor:train:243 - Không đủ dữ liệu để huấn luyện mô hình NVDA - monthly
2025-04-01 13:45:08 | ERROR    | __main__:_train_model_if_needed:728 - Huấn luyện mô hình thất bại cho NVDA - monthly
2025-04-01 13:45:08 | INFO     | __main__:_check_and_train_initial_models:303 - Đang huấn luyện mô hình [3/5]: PLTR - monthly
2025-04-01 13:45:08 | INFO     | __main__:_train_model_if_needed:683 - Kiểm tra và huấn luyện mô hình cho PLTR - monthly
2025-04-01 13:45:08 | INFO     | __main__:_train_model_if_needed:708 - Bắt đầu huấn luyện mô hình mới cho PLTR - monthly
2025-04-01 13:45:08 | ERROR    | models.base_predictor:train:243 - Không đủ dữ liệu để huấn luyện mô hình PLTR - monthly
2025-04-01 13:45:08 | ERROR    | __main__:_train_model_if_needed:728 - Huấn luyện mô hình thất bại cho PLTR - monthly
2025-04-01 13:45:08 | INFO     | __main__:_check_and_train_initial_models:303 - Đang huấn luyện mô hình [4/5]: AGX - monthly
2025-04-01 13:45:09 | INFO     | __main__:_train_model_if_needed:683 - Kiểm tra và huấn luyện mô hình cho AGX - monthly
2025-04-01 13:45:09 | INFO     | __main__:_train_model_if_needed:708 - Bắt đầu huấn luyện mô hình mới cho AGX - monthly
2025-04-01 13:45:09 | ERROR    | models.base_predictor:train:243 - Không đủ dữ liệu để huấn luyện mô hình AGX - monthly
2025-04-01 13:45:09 | ERROR    | __main__:_train_model_if_needed:728 - Huấn luyện mô hình thất bại cho AGX - monthly
2025-04-01 13:45:09 | INFO     | __main__:_check_and_train_initial_models:303 - Đang huấn luyện mô hình [5/5]: AMZN - monthly
2025-04-01 13:45:09 | INFO     | __main__:_train_model_if_needed:683 - Kiểm tra và huấn luyện mô hình cho AMZN - monthly
2025-04-01 13:45:09 | INFO     | __main__:_train_model_if_needed:708 - Bắt đầu huấn luyện mô hình mới cho AMZN - monthly
2025-04-01 13:45:09 | ERROR    | models.base_predictor:train:243 - Không đủ dữ liệu để huấn luyện mô hình AMZN - monthly
2025-04-01 13:45:09 | ERROR    | __main__:_train_model_if_needed:728 - Huấn luyện mô hình thất bại cho AMZN - monthly
2025-04-01 13:45:10 | INFO     | __main__:_check_and_train_initial_models:344 - Hoàn thành huấn luyện ban đầu: 0/5 mô hình
2025-04-01 13:45:13 | INFO     | __main__:_run_predictions:626 - Mô hình monthly cho TSLA không tồn tại, bắt đầu huấn luyện...
2025-04-01 13:45:13 | ERROR    | models.base_predictor:train:243 - Không đủ dữ liệu để huấn luyện mô hình TSLA - monthly
2025-04-01 17:25:12 | INFO     | __main__:_check_and_train_initial_models:277 - Phát hiện 4 mô hình chưa tồn tại, cần huấn luyện ban đầu
2025-04-01 17:25:12 | INFO     | __main__:_check_and_train_initial_models:303 - Đang huấn luyện mô hình [1/4]: TSLA - monthly
2025-04-01 17:25:13 | INFO     | __main__:_train_model_if_needed:683 - Kiểm tra và huấn luyện mô hình cho TSLA - monthly
2025-04-01 17:25:13 | INFO     | __main__:_train_model_if_needed:708 - Bắt đầu huấn luyện mô hình mới cho TSLA - monthly
2025-04-01 17:25:13 | ERROR    | models.base_predictor:train:243 - Không đủ dữ liệu để huấn luyện mô hình TSLA - monthly
2025-04-01 17:25:13 | ERROR    | __main__:_train_model_if_needed:728 - Huấn luyện mô hình thất bại cho TSLA - monthly
2025-04-01 17:25:13 | INFO     | __main__:_check_and_train_initial_models:303 - Đang huấn luyện mô hình [2/4]: NVDA - monthly
2025-04-01 17:25:14 | INFO     | __main__:_train_model_if_needed:683 - Kiểm tra và huấn luyện mô hình cho NVDA - monthly
2025-04-01 17:25:14 | INFO     | __main__:_train_model_if_needed:708 - Bắt đầu huấn luyện mô hình mới cho NVDA - monthly
2025-04-01 17:25:14 | ERROR    | models.base_predictor:train:243 - Không đủ dữ liệu để huấn luyện mô hình NVDA - monthly
2025-04-01 17:25:14 | ERROR    | __main__:_train_model_if_needed:728 - Huấn luyện mô hình thất bại cho NVDA - monthly
2025-04-01 17:25:14 | INFO     | __main__:_check_and_train_initial_models:303 - Đang huấn luyện mô hình [3/4]: PLTR - monthly
2025-04-01 17:25:14 | INFO     | __main__:_train_model_if_needed:683 - Kiểm tra và huấn luyện mô hình cho PLTR - monthly
2025-04-01 17:25:14 | INFO     | __main__:_train_model_if_needed:708 - Bắt đầu huấn luyện mô hình mới cho PLTR - monthly
2025-04-01 17:25:14 | ERROR    | models.base_predictor:train:243 - Không đủ dữ liệu để huấn luyện mô hình PLTR - monthly
2025-04-01 17:25:14 | ERROR    | __main__:_train_model_if_needed:728 - Huấn luyện mô hình thất bại cho PLTR - monthly
2025-04-01 17:25:14 | INFO     | __main__:_check_and_train_initial_models:303 - Đang huấn luyện mô hình [4/4]: AMZN - monthly
2025-04-01 17:25:16 | INFO     | __main__:_train_model_if_needed:683 - Kiểm tra và huấn luyện mô hình cho AMZN - monthly
2025-04-01 17:25:16 | INFO     | __main__:_train_model_if_needed:708 - Bắt đầu huấn luyện mô hình mới cho AMZN - monthly
2025-04-01 17:25:16 | ERROR    | models.base_predictor:train:243 - Không đủ dữ liệu để huấn luyện mô hình AMZN - monthly
2025-04-01 17:25:16 | ERROR    | __main__:_train_model_if_needed:728 - Huấn luyện mô hình thất bại cho AMZN - monthly
2025-04-01 17:25:16 | INFO     | __main__:_check_and_train_initial_models:344 - Hoàn thành huấn luyện ban đầu: 0/4 mô hình
2025-04-01 18:30:23 | INFO     | __main__:_check_and_train_initial_models:277 - Phát hiện 4 mô hình chưa tồn tại, cần huấn luyện ban đầu
2025-04-01 18:30:23 | INFO     | __main__:_check_and_train_initial_models:303 - Đang huấn luyện mô hình [1/4]: TSLA - monthly
2025-04-01 18:30:24 | INFO     | __main__:_train_model_if_needed:683 - Kiểm tra và huấn luyện mô hình cho TSLA - monthly
2025-04-01 18:30:24 | INFO     | __main__:_train_model_if_needed:708 - Bắt đầu huấn luyện mô hình mới cho TSLA - monthly
2025-04-01 18:30:24 | ERROR    | models.base_predictor:train:243 - Không đủ dữ liệu để huấn luyện mô hình TSLA - monthly
2025-04-01 18:30:24 | ERROR    | __main__:_train_model_if_needed:728 - Huấn luyện mô hình thất bại cho TSLA - monthly
2025-04-01 18:30:24 | INFO     | __main__:_check_and_train_initial_models:303 - Đang huấn luyện mô hình [2/4]: NVDA - monthly
2025-04-01 18:30:25 | INFO     | __main__:_train_model_if_needed:683 - Kiểm tra và huấn luyện mô hình cho NVDA - monthly
2025-04-01 18:30:25 | INFO     | __main__:_train_model_if_needed:708 - Bắt đầu huấn luyện mô hình mới cho NVDA - monthly
2025-04-01 18:30:25 | ERROR    | models.base_predictor:train:243 - Không đủ dữ liệu để huấn luyện mô hình NVDA - monthly
2025-04-01 18:30:25 | ERROR    | __main__:_train_model_if_needed:728 - Huấn luyện mô hình thất bại cho NVDA - monthly
2025-04-01 18:30:25 | INFO     | __main__:_check_and_train_initial_models:303 - Đang huấn luyện mô hình [3/4]: PLTR - monthly
2025-04-01 18:30:25 | INFO     | __main__:_train_model_if_needed:683 - Kiểm tra và huấn luyện mô hình cho PLTR - monthly
2025-04-01 18:30:25 | INFO     | __main__:_train_model_if_needed:708 - Bắt đầu huấn luyện mô hình mới cho PLTR - monthly
2025-04-01 18:30:25 | ERROR    | models.base_predictor:train:243 - Không đủ dữ liệu để huấn luyện mô hình PLTR - monthly
2025-04-01 18:30:25 | ERROR    | __main__:_train_model_if_needed:728 - Huấn luyện mô hình thất bại cho PLTR - monthly
2025-04-01 18:30:25 | INFO     | __main__:_check_and_train_initial_models:303 - Đang huấn luyện mô hình [4/4]: AMZN - monthly
2025-04-01 18:30:26 | INFO     | __main__:_train_model_if_needed:683 - Kiểm tra và huấn luyện mô hình cho AMZN - monthly
2025-04-01 18:30:26 | INFO     | __main__:_train_model_if_needed:708 - Bắt đầu huấn luyện mô hình mới cho AMZN - monthly
2025-04-01 18:30:26 | ERROR    | models.base_predictor:train:243 - Không đủ dữ liệu để huấn luyện mô hình AMZN - monthly
2025-04-01 18:30:26 | ERROR    | __main__:_train_model_if_needed:728 - Huấn luyện mô hình thất bại cho AMZN - monthly
2025-04-01 18:30:26 | INFO     | __main__:_check_and_train_initial_models:344 - Hoàn thành huấn luyện ban đầu: 0/4 mô hình
2025-04-01 19:38:15 | INFO     | __main__:_check_and_train_initial_models:277 - Phát hiện 4 mô hình chưa tồn tại, cần huấn luyện ban đầu
2025-04-01 19:38:17 | INFO     | __main__:_check_and_train_initial_models:303 - Đang huấn luyện mô hình [1/4]: TSLA - monthly
2025-04-01 19:38:17 | INFO     | __main__:_train_model_if_needed:683 - Kiểm tra và huấn luyện mô hình cho TSLA - monthly
2025-04-01 19:38:17 | INFO     | __main__:_train_model_if_needed:708 - Bắt đầu huấn luyện mô hình mới cho TSLA - monthly
2025-04-01 19:38:18 | ERROR    | models.base_predictor:train:285 - Lỗi khi huấn luyện mô hình TSLA - monthly: Training data contains 1 samples, which is not sufficient to split it into a validation and training set as specified by `validation_split=0.2`. Either provide more data, or a different value for the `validation_split` argument.
2025-04-01 19:38:18 | ERROR    | models.base_predictor:train:286 - Traceback (most recent call last):
  File "/home/trietvo/BondZiA/models/base_predictor.py", line 265, in train
    history = self.model.fit(
  File "/home/trietvo/miniconda3/envs/tf_gpu/lib/python3.9/site-packages/keras/utils/traceback_utils.py", line 70, in error_handler
    raise e.with_traceback(filtered_tb) from None
  File "/home/trietvo/miniconda3/envs/tf_gpu/lib/python3.9/site-packages/keras/engine/data_adapter.py", line 1686, in train_validation_split
    raise ValueError(
ValueError: Training data contains 1 samples, which is not sufficient to split it into a validation and training set as specified by `validation_split=0.2`. Either provide more data, or a different value for the `validation_split` argument.

2025-04-01 19:38:18 | ERROR    | __main__:_train_model_if_needed:728 - Huấn luyện mô hình thất bại cho TSLA - monthly
2025-04-01 19:38:18 | INFO     | __main__:_check_and_train_initial_models:303 - Đang huấn luyện mô hình [2/4]: NVDA - monthly
2025-04-01 19:38:19 | INFO     | __main__:_train_model_if_needed:683 - Kiểm tra và huấn luyện mô hình cho NVDA - monthly
2025-04-01 19:38:19 | INFO     | __main__:_train_model_if_needed:708 - Bắt đầu huấn luyện mô hình mới cho NVDA - monthly
2025-04-01 19:38:19 | ERROR    | models.base_predictor:train:285 - Lỗi khi huấn luyện mô hình NVDA - monthly: Training data contains 1 samples, which is not sufficient to split it into a validation and training set as specified by `validation_split=0.2`. Either provide more data, or a different value for the `validation_split` argument.
2025-04-01 19:38:19 | ERROR    | models.base_predictor:train:286 - Traceback (most recent call last):
  File "/home/trietvo/BondZiA/models/base_predictor.py", line 265, in train
    history = self.model.fit(
  File "/home/trietvo/miniconda3/envs/tf_gpu/lib/python3.9/site-packages/keras/utils/traceback_utils.py", line 70, in error_handler
    raise e.with_traceback(filtered_tb) from None
  File "/home/trietvo/miniconda3/envs/tf_gpu/lib/python3.9/site-packages/keras/engine/data_adapter.py", line 1686, in train_validation_split
    raise ValueError(
ValueError: Training data contains 1 samples, which is not sufficient to split it into a validation and training set as specified by `validation_split=0.2`. Either provide more data, or a different value for the `validation_split` argument.

2025-04-01 19:38:19 | ERROR    | __main__:_train_model_if_needed:728 - Huấn luyện mô hình thất bại cho NVDA - monthly
2025-04-01 19:38:19 | INFO     | __main__:_check_and_train_initial_models:303 - Đang huấn luyện mô hình [3/4]: PLTR - monthly
2025-04-01 19:38:20 | INFO     | __main__:_train_model_if_needed:683 - Kiểm tra và huấn luyện mô hình cho PLTR - monthly
2025-04-01 19:38:20 | INFO     | __main__:_train_model_if_needed:708 - Bắt đầu huấn luyện mô hình mới cho PLTR - monthly
2025-04-01 19:38:20 | ERROR    | models.base_predictor:train:285 - Lỗi khi huấn luyện mô hình PLTR - monthly: Training data contains 1 samples, which is not sufficient to split it into a validation and training set as specified by `validation_split=0.2`. Either provide more data, or a different value for the `validation_split` argument.
2025-04-01 19:38:20 | ERROR    | models.base_predictor:train:286 - Traceback (most recent call last):
  File "/home/trietvo/BondZiA/models/base_predictor.py", line 265, in train
    history = self.model.fit(
  File "/home/trietvo/miniconda3/envs/tf_gpu/lib/python3.9/site-packages/keras/utils/traceback_utils.py", line 70, in error_handler
    raise e.with_traceback(filtered_tb) from None
  File "/home/trietvo/miniconda3/envs/tf_gpu/lib/python3.9/site-packages/keras/engine/data_adapter.py", line 1686, in train_validation_split
    raise ValueError(
ValueError: Training data contains 1 samples, which is not sufficient to split it into a validation and training set as specified by `validation_split=0.2`. Either provide more data, or a different value for the `validation_split` argument.

2025-04-01 19:38:20 | ERROR    | __main__:_train_model_if_needed:728 - Huấn luyện mô hình thất bại cho PLTR - monthly
2025-04-01 19:38:20 | INFO     | __main__:_check_and_train_initial_models:303 - Đang huấn luyện mô hình [4/4]: AMZN - monthly
2025-04-01 19:38:21 | INFO     | __main__:_train_model_if_needed:683 - Kiểm tra và huấn luyện mô hình cho AMZN - monthly
2025-04-01 19:38:21 | INFO     | __main__:_train_model_if_needed:708 - Bắt đầu huấn luyện mô hình mới cho AMZN - monthly
2025-04-01 19:38:21 | ERROR    | models.base_predictor:train:285 - Lỗi khi huấn luyện mô hình AMZN - monthly: Training data contains 1 samples, which is not sufficient to split it into a validation and training set as specified by `validation_split=0.2`. Either provide more data, or a different value for the `validation_split` argument.
2025-04-01 19:38:21 | ERROR    | models.base_predictor:train:286 - Traceback (most recent call last):
  File "/home/trietvo/BondZiA/models/base_predictor.py", line 265, in train
    history = self.model.fit(
  File "/home/trietvo/miniconda3/envs/tf_gpu/lib/python3.9/site-packages/keras/utils/traceback_utils.py", line 70, in error_handler
    raise e.with_traceback(filtered_tb) from None
  File "/home/trietvo/miniconda3/envs/tf_gpu/lib/python3.9/site-packages/keras/engine/data_adapter.py", line 1686, in train_validation_split
    raise ValueError(
ValueError: Training data contains 1 samples, which is not sufficient to split it into a validation and training set as specified by `validation_split=0.2`. Either provide more data, or a different value for the `validation_split` argument.

2025-04-01 19:38:21 | ERROR    | __main__:_train_model_if_needed:728 - Huấn luyện mô hình thất bại cho AMZN - monthly
2025-04-01 19:38:22 | INFO     | __main__:_check_and_train_initial_models:344 - Hoàn thành huấn luyện ban đầu: 0/4 mô hình
2025-04-01 19:54:35 | INFO     | __main__:_check_and_train_initial_models:277 - Phát hiện 4 mô hình chưa tồn tại, cần huấn luyện ban đầu
2025-04-01 19:54:36 | INFO     | __main__:_check_and_train_initial_models:303 - Đang huấn luyện mô hình [1/4]: TSLA - monthly
2025-04-01 19:54:36 | INFO     | __main__:_train_model_if_needed:683 - Kiểm tra và huấn luyện mô hình cho TSLA - monthly
2025-04-01 19:54:36 | INFO     | __main__:_train_model_if_needed:708 - Bắt đầu huấn luyện mô hình mới cho TSLA - monthly
2025-04-01 19:54:37 | ERROR    | models.base_predictor:train:285 - Lỗi khi huấn luyện mô hình TSLA - monthly: Training data contains 1 samples, which is not sufficient to split it into a validation and training set as specified by `validation_split=0.2`. Either provide more data, or a different value for the `validation_split` argument.
2025-04-01 19:54:37 | ERROR    | models.base_predictor:train:286 - Traceback (most recent call last):
  File "/home/trietvo/BondZiA/models/base_predictor.py", line 265, in train
    history = self.model.fit(
  File "/home/trietvo/miniconda3/envs/tf_gpu/lib/python3.9/site-packages/keras/utils/traceback_utils.py", line 70, in error_handler
    raise e.with_traceback(filtered_tb) from None
  File "/home/trietvo/miniconda3/envs/tf_gpu/lib/python3.9/site-packages/keras/engine/data_adapter.py", line 1686, in train_validation_split
    raise ValueError(
ValueError: Training data contains 1 samples, which is not sufficient to split it into a validation and training set as specified by `validation_split=0.2`. Either provide more data, or a different value for the `validation_split` argument.

2025-04-01 19:54:37 | ERROR    | __main__:_train_model_if_needed:728 - Huấn luyện mô hình thất bại cho TSLA - monthly
2025-04-01 19:54:37 | INFO     | __main__:_check_and_train_initial_models:303 - Đang huấn luyện mô hình [2/4]: NVDA - monthly
2025-04-01 19:54:38 | INFO     | __main__:_train_model_if_needed:683 - Kiểm tra và huấn luyện mô hình cho NVDA - monthly
2025-04-01 19:54:38 | INFO     | __main__:_train_model_if_needed:708 - Bắt đầu huấn luyện mô hình mới cho NVDA - monthly
2025-04-01 19:54:38 | ERROR    | models.base_predictor:train:285 - Lỗi khi huấn luyện mô hình NVDA - monthly: Training data contains 1 samples, which is not sufficient to split it into a validation and training set as specified by `validation_split=0.2`. Either provide more data, or a different value for the `validation_split` argument.
2025-04-01 19:54:38 | ERROR    | models.base_predictor:train:286 - Traceback (most recent call last):
  File "/home/trietvo/BondZiA/models/base_predictor.py", line 265, in train
    history = self.model.fit(
  File "/home/trietvo/miniconda3/envs/tf_gpu/lib/python3.9/site-packages/keras/utils/traceback_utils.py", line 70, in error_handler
    raise e.with_traceback(filtered_tb) from None
  File "/home/trietvo/miniconda3/envs/tf_gpu/lib/python3.9/site-packages/keras/engine/data_adapter.py", line 1686, in train_validation_split
    raise ValueError(
ValueError: Training data contains 1 samples, which is not sufficient to split it into a validation and training set as specified by `validation_split=0.2`. Either provide more data, or a different value for the `validation_split` argument.

2025-04-01 19:54:38 | ERROR    | __main__:_train_model_if_needed:728 - Huấn luyện mô hình thất bại cho NVDA - monthly
2025-04-01 19:54:38 | INFO     | __main__:_check_and_train_initial_models:303 - Đang huấn luyện mô hình [3/4]: PLTR - monthly
2025-04-01 19:54:39 | INFO     | __main__:_train_model_if_needed:683 - Kiểm tra và huấn luyện mô hình cho PLTR - monthly
2025-04-01 19:54:39 | INFO     | __main__:_train_model_if_needed:708 - Bắt đầu huấn luyện mô hình mới cho PLTR - monthly
2025-04-01 19:54:39 | ERROR    | models.base_predictor:train:285 - Lỗi khi huấn luyện mô hình PLTR - monthly: Training data contains 1 samples, which is not sufficient to split it into a validation and training set as specified by `validation_split=0.2`. Either provide more data, or a different value for the `validation_split` argument.
2025-04-01 19:54:39 | ERROR    | models.base_predictor:train:286 - Traceback (most recent call last):
  File "/home/trietvo/BondZiA/models/base_predictor.py", line 265, in train
    history = self.model.fit(
  File "/home/trietvo/miniconda3/envs/tf_gpu/lib/python3.9/site-packages/keras/utils/traceback_utils.py", line 70, in error_handler
    raise e.with_traceback(filtered_tb) from None
  File "/home/trietvo/miniconda3/envs/tf_gpu/lib/python3.9/site-packages/keras/engine/data_adapter.py", line 1686, in train_validation_split
    raise ValueError(
ValueError: Training data contains 1 samples, which is not sufficient to split it into a validation and training set as specified by `validation_split=0.2`. Either provide more data, or a different value for the `validation_split` argument.

2025-04-01 19:54:39 | ERROR    | __main__:_train_model_if_needed:728 - Huấn luyện mô hình thất bại cho PLTR - monthly
2025-04-01 19:54:39 | INFO     | __main__:_check_and_train_initial_models:303 - Đang huấn luyện mô hình [4/4]: AMZN - monthly
2025-04-01 19:54:40 | INFO     | __main__:_train_model_if_needed:683 - Kiểm tra và huấn luyện mô hình cho AMZN - monthly
2025-04-01 19:54:40 | INFO     | __main__:_train_model_if_needed:708 - Bắt đầu huấn luyện mô hình mới cho AMZN - monthly
2025-04-01 19:54:40 | ERROR    | models.base_predictor:train:285 - Lỗi khi huấn luyện mô hình AMZN - monthly: Training data contains 1 samples, which is not sufficient to split it into a validation and training set as specified by `validation_split=0.2`. Either provide more data, or a different value for the `validation_split` argument.
2025-04-01 19:54:40 | ERROR    | models.base_predictor:train:286 - Traceback (most recent call last):
  File "/home/trietvo/BondZiA/models/base_predictor.py", line 265, in train
    history = self.model.fit(
  File "/home/trietvo/miniconda3/envs/tf_gpu/lib/python3.9/site-packages/keras/utils/traceback_utils.py", line 70, in error_handler
    raise e.with_traceback(filtered_tb) from None
  File "/home/trietvo/miniconda3/envs/tf_gpu/lib/python3.9/site-packages/keras/engine/data_adapter.py", line 1686, in train_validation_split
    raise ValueError(
ValueError: Training data contains 1 samples, which is not sufficient to split it into a validation and training set as specified by `validation_split=0.2`. Either provide more data, or a different value for the `validation_split` argument.

2025-04-01 19:54:40 | ERROR    | __main__:_train_model_if_needed:728 - Huấn luyện mô hình thất bại cho AMZN - monthly
2025-04-01 19:54:41 | INFO     | __main__:_check_and_train_initial_models:344 - Hoàn thành huấn luyện ban đầu: 0/4 mô hình
2025-04-01 20:01:35 | INFO     | __main__:_check_and_train_initial_models:277 - Phát hiện 7 mô hình chưa tồn tại, cần huấn luyện ban đầu
2025-04-01 20:01:35 | INFO     | __main__:_check_and_train_initial_models:303 - Đang huấn luyện mô hình [1/7]: TSLA - monthly
2025-04-01 20:01:36 | INFO     | __main__:_train_model_if_needed:683 - Kiểm tra và huấn luyện mô hình cho TSLA - monthly
2025-04-01 20:01:36 | INFO     | __main__:_train_model_if_needed:708 - Bắt đầu huấn luyện mô hình mới cho TSLA - monthly
2025-04-01 20:01:36 | ERROR    | models.base_predictor:train:285 - Lỗi khi huấn luyện mô hình TSLA - monthly: Training data contains 1 samples, which is not sufficient to split it into a validation and training set as specified by `validation_split=0.2`. Either provide more data, or a different value for the `validation_split` argument.
2025-04-01 20:01:36 | ERROR    | models.base_predictor:train:286 - Traceback (most recent call last):
  File "/home/trietvo/BondZiA/models/base_predictor.py", line 265, in train
    history = self.model.fit(
  File "/home/trietvo/miniconda3/envs/tf_gpu/lib/python3.9/site-packages/keras/utils/traceback_utils.py", line 70, in error_handler
    raise e.with_traceback(filtered_tb) from None
  File "/home/trietvo/miniconda3/envs/tf_gpu/lib/python3.9/site-packages/keras/engine/data_adapter.py", line 1686, in train_validation_split
    raise ValueError(
ValueError: Training data contains 1 samples, which is not sufficient to split it into a validation and training set as specified by `validation_split=0.2`. Either provide more data, or a different value for the `validation_split` argument.

2025-04-01 20:01:36 | ERROR    | __main__:_train_model_if_needed:728 - Huấn luyện mô hình thất bại cho TSLA - monthly
2025-04-01 20:01:36 | INFO     | __main__:_check_and_train_initial_models:303 - Đang huấn luyện mô hình [2/7]: NVDA - monthly
2025-04-01 20:01:37 | INFO     | __main__:_train_model_if_needed:683 - Kiểm tra và huấn luyện mô hình cho NVDA - monthly
2025-04-01 20:01:37 | INFO     | __main__:_train_model_if_needed:708 - Bắt đầu huấn luyện mô hình mới cho NVDA - monthly
2025-04-01 20:01:38 | ERROR    | models.base_predictor:train:285 - Lỗi khi huấn luyện mô hình NVDA - monthly: Training data contains 1 samples, which is not sufficient to split it into a validation and training set as specified by `validation_split=0.2`. Either provide more data, or a different value for the `validation_split` argument.
2025-04-01 20:01:38 | ERROR    | models.base_predictor:train:286 - Traceback (most recent call last):
  File "/home/trietvo/BondZiA/models/base_predictor.py", line 265, in train
    history = self.model.fit(
  File "/home/trietvo/miniconda3/envs/tf_gpu/lib/python3.9/site-packages/keras/utils/traceback_utils.py", line 70, in error_handler
    raise e.with_traceback(filtered_tb) from None
  File "/home/trietvo/miniconda3/envs/tf_gpu/lib/python3.9/site-packages/keras/engine/data_adapter.py", line 1686, in train_validation_split
    raise ValueError(
ValueError: Training data contains 1 samples, which is not sufficient to split it into a validation and training set as specified by `validation_split=0.2`. Either provide more data, or a different value for the `validation_split` argument.

2025-04-01 20:01:38 | ERROR    | __main__:_train_model_if_needed:728 - Huấn luyện mô hình thất bại cho NVDA - monthly
2025-04-01 20:01:38 | INFO     | __main__:_check_and_train_initial_models:303 - Đang huấn luyện mô hình [3/7]: PLTR - monthly
2025-04-01 20:01:38 | INFO     | __main__:_train_model_if_needed:683 - Kiểm tra và huấn luyện mô hình cho PLTR - monthly
2025-04-01 20:01:38 | INFO     | __main__:_train_model_if_needed:708 - Bắt đầu huấn luyện mô hình mới cho PLTR - monthly
2025-04-01 20:01:39 | ERROR    | models.base_predictor:train:285 - Lỗi khi huấn luyện mô hình PLTR - monthly: Training data contains 1 samples, which is not sufficient to split it into a validation and training set as specified by `validation_split=0.2`. Either provide more data, or a different value for the `validation_split` argument.
2025-04-01 20:01:39 | ERROR    | models.base_predictor:train:286 - Traceback (most recent call last):
  File "/home/trietvo/BondZiA/models/base_predictor.py", line 265, in train
    history = self.model.fit(
  File "/home/trietvo/miniconda3/envs/tf_gpu/lib/python3.9/site-packages/keras/utils/traceback_utils.py", line 70, in error_handler
    raise e.with_traceback(filtered_tb) from None
  File "/home/trietvo/miniconda3/envs/tf_gpu/lib/python3.9/site-packages/keras/engine/data_adapter.py", line 1686, in train_validation_split
    raise ValueError(
ValueError: Training data contains 1 samples, which is not sufficient to split it into a validation and training set as specified by `validation_split=0.2`. Either provide more data, or a different value for the `validation_split` argument.

2025-04-01 20:01:39 | ERROR    | __main__:_train_model_if_needed:728 - Huấn luyện mô hình thất bại cho PLTR - monthly
2025-04-01 20:01:39 | INFO     | __main__:_check_and_train_initial_models:303 - Đang huấn luyện mô hình [4/7]: AMZN - monthly
2025-04-01 20:01:39 | INFO     | __main__:_train_model_if_needed:683 - Kiểm tra và huấn luyện mô hình cho AMZN - monthly
2025-04-01 20:01:39 | INFO     | __main__:_train_model_if_needed:708 - Bắt đầu huấn luyện mô hình mới cho AMZN - monthly
2025-04-01 20:01:40 | ERROR    | models.base_predictor:train:285 - Lỗi khi huấn luyện mô hình AMZN - monthly: Training data contains 1 samples, which is not sufficient to split it into a validation and training set as specified by `validation_split=0.2`. Either provide more data, or a different value for the `validation_split` argument.
2025-04-01 20:01:40 | ERROR    | models.base_predictor:train:286 - Traceback (most recent call last):
  File "/home/trietvo/BondZiA/models/base_predictor.py", line 265, in train
    history = self.model.fit(
  File "/home/trietvo/miniconda3/envs/tf_gpu/lib/python3.9/site-packages/keras/utils/traceback_utils.py", line 70, in error_handler
    raise e.with_traceback(filtered_tb) from None
  File "/home/trietvo/miniconda3/envs/tf_gpu/lib/python3.9/site-packages/keras/engine/data_adapter.py", line 1686, in train_validation_split
    raise ValueError(
ValueError: Training data contains 1 samples, which is not sufficient to split it into a validation and training set as specified by `validation_split=0.2`. Either provide more data, or a different value for the `validation_split` argument.

2025-04-01 20:01:40 | ERROR    | __main__:_train_model_if_needed:728 - Huấn luyện mô hình thất bại cho AMZN - monthly
2025-04-01 20:01:40 | INFO     | __main__:_check_and_train_initial_models:303 - Đang huấn luyện mô hình [5/7]: MSFT - intraday
2025-04-01 20:01:40 | INFO     | __main__:_train_model_if_needed:683 - Kiểm tra và huấn luyện mô hình cho MSFT - intraday
2025-04-01 20:01:40 | INFO     | __main__:_train_model_if_needed:708 - Bắt đầu huấn luyện mô hình mới cho MSFT - intraday
2025-04-01 20:04:09 | INFO     | __main__:_check_and_train_initial_models:277 - Phát hiện 7 mô hình chưa tồn tại, cần huấn luyện ban đầu
2025-04-01 20:04:10 | INFO     | __main__:_check_and_train_initial_models:303 - Đang huấn luyện mô hình [1/7]: TSLA - monthly
2025-04-01 20:04:10 | INFO     | __main__:_train_model_if_needed:683 - Kiểm tra và huấn luyện mô hình cho TSLA - monthly
2025-04-01 20:04:10 | INFO     | __main__:_train_model_if_needed:708 - Bắt đầu huấn luyện mô hình mới cho TSLA - monthly
2025-04-01 20:04:11 | ERROR    | models.base_predictor:train:285 - Lỗi khi huấn luyện mô hình TSLA - monthly: Training data contains 1 samples, which is not sufficient to split it into a validation and training set as specified by `validation_split=0.2`. Either provide more data, or a different value for the `validation_split` argument.
2025-04-01 20:04:11 | ERROR    | models.base_predictor:train:286 - Traceback (most recent call last):
  File "/home/trietvo/BondZiA/models/base_predictor.py", line 265, in train
    history = self.model.fit(
  File "/home/trietvo/miniconda3/envs/tf_gpu/lib/python3.9/site-packages/keras/utils/traceback_utils.py", line 70, in error_handler
    raise e.with_traceback(filtered_tb) from None
  File "/home/trietvo/miniconda3/envs/tf_gpu/lib/python3.9/site-packages/keras/engine/data_adapter.py", line 1686, in train_validation_split
    raise ValueError(
ValueError: Training data contains 1 samples, which is not sufficient to split it into a validation and training set as specified by `validation_split=0.2`. Either provide more data, or a different value for the `validation_split` argument.

2025-04-01 20:04:11 | ERROR    | __main__:_train_model_if_needed:728 - Huấn luyện mô hình thất bại cho TSLA - monthly
2025-04-01 20:04:11 | INFO     | __main__:_check_and_train_initial_models:303 - Đang huấn luyện mô hình [2/7]: NVDA - monthly
2025-04-01 20:04:12 | INFO     | __main__:_train_model_if_needed:683 - Kiểm tra và huấn luyện mô hình cho NVDA - monthly
2025-04-01 20:04:12 | INFO     | __main__:_train_model_if_needed:708 - Bắt đầu huấn luyện mô hình mới cho NVDA - monthly
2025-04-01 20:04:12 | ERROR    | models.base_predictor:train:285 - Lỗi khi huấn luyện mô hình NVDA - monthly: Training data contains 1 samples, which is not sufficient to split it into a validation and training set as specified by `validation_split=0.2`. Either provide more data, or a different value for the `validation_split` argument.
2025-04-01 20:04:12 | ERROR    | models.base_predictor:train:286 - Traceback (most recent call last):
  File "/home/trietvo/BondZiA/models/base_predictor.py", line 265, in train
    history = self.model.fit(
  File "/home/trietvo/miniconda3/envs/tf_gpu/lib/python3.9/site-packages/keras/utils/traceback_utils.py", line 70, in error_handler
    raise e.with_traceback(filtered_tb) from None
  File "/home/trietvo/miniconda3/envs/tf_gpu/lib/python3.9/site-packages/keras/engine/data_adapter.py", line 1686, in train_validation_split
    raise ValueError(
ValueError: Training data contains 1 samples, which is not sufficient to split it into a validation and training set as specified by `validation_split=0.2`. Either provide more data, or a different value for the `validation_split` argument.

2025-04-01 20:04:12 | ERROR    | __main__:_train_model_if_needed:728 - Huấn luyện mô hình thất bại cho NVDA - monthly
2025-04-01 20:04:12 | INFO     | __main__:_check_and_train_initial_models:303 - Đang huấn luyện mô hình [3/7]: PLTR - monthly
2025-04-01 20:04:13 | INFO     | __main__:_train_model_if_needed:683 - Kiểm tra và huấn luyện mô hình cho PLTR - monthly
2025-04-01 20:04:13 | INFO     | __main__:_train_model_if_needed:708 - Bắt đầu huấn luyện mô hình mới cho PLTR - monthly
2025-04-01 20:04:13 | ERROR    | models.base_predictor:train:285 - Lỗi khi huấn luyện mô hình PLTR - monthly: Training data contains 1 samples, which is not sufficient to split it into a validation and training set as specified by `validation_split=0.2`. Either provide more data, or a different value for the `validation_split` argument.
2025-04-01 20:04:13 | ERROR    | models.base_predictor:train:286 - Traceback (most recent call last):
  File "/home/trietvo/BondZiA/models/base_predictor.py", line 265, in train
    history = self.model.fit(
  File "/home/trietvo/miniconda3/envs/tf_gpu/lib/python3.9/site-packages/keras/utils/traceback_utils.py", line 70, in error_handler
    raise e.with_traceback(filtered_tb) from None
  File "/home/trietvo/miniconda3/envs/tf_gpu/lib/python3.9/site-packages/keras/engine/data_adapter.py", line 1686, in train_validation_split
    raise ValueError(
ValueError: Training data contains 1 samples, which is not sufficient to split it into a validation and training set as specified by `validation_split=0.2`. Either provide more data, or a different value for the `validation_split` argument.

2025-04-01 20:04:13 | ERROR    | __main__:_train_model_if_needed:728 - Huấn luyện mô hình thất bại cho PLTR - monthly
2025-04-01 20:04:13 | INFO     | __main__:_check_and_train_initial_models:303 - Đang huấn luyện mô hình [4/7]: AMZN - monthly
2025-04-01 20:04:14 | INFO     | __main__:_train_model_if_needed:683 - Kiểm tra và huấn luyện mô hình cho AMZN - monthly
2025-04-01 20:04:14 | INFO     | __main__:_train_model_if_needed:708 - Bắt đầu huấn luyện mô hình mới cho AMZN - monthly
2025-04-01 20:04:15 | ERROR    | models.base_predictor:train:285 - Lỗi khi huấn luyện mô hình AMZN - monthly: Training data contains 1 samples, which is not sufficient to split it into a validation and training set as specified by `validation_split=0.2`. Either provide more data, or a different value for the `validation_split` argument.
2025-04-01 20:04:15 | ERROR    | models.base_predictor:train:286 - Traceback (most recent call last):
  File "/home/trietvo/BondZiA/models/base_predictor.py", line 265, in train
    history = self.model.fit(
  File "/home/trietvo/miniconda3/envs/tf_gpu/lib/python3.9/site-packages/keras/utils/traceback_utils.py", line 70, in error_handler
    raise e.with_traceback(filtered_tb) from None
  File "/home/trietvo/miniconda3/envs/tf_gpu/lib/python3.9/site-packages/keras/engine/data_adapter.py", line 1686, in train_validation_split
    raise ValueError(
ValueError: Training data contains 1 samples, which is not sufficient to split it into a validation and training set as specified by `validation_split=0.2`. Either provide more data, or a different value for the `validation_split` argument.

2025-04-01 20:04:15 | ERROR    | __main__:_train_model_if_needed:728 - Huấn luyện mô hình thất bại cho AMZN - monthly
2025-04-01 20:04:15 | INFO     | __main__:_check_and_train_initial_models:303 - Đang huấn luyện mô hình [5/7]: MSFT - intraday
2025-04-01 20:04:15 | INFO     | __main__:_train_model_if_needed:683 - Kiểm tra và huấn luyện mô hình cho MSFT - intraday
2025-04-01 20:04:15 | INFO     | __main__:_train_model_if_needed:708 - Bắt đầu huấn luyện mô hình mới cho MSFT - intraday
2025-04-01 20:04:54 | INFO     | models.base_predictor:train:281 - Đã huấn luyện và lưu mô hình MSFT - intraday
2025-04-01 20:04:54 | INFO     | __main__:_train_model_if_needed:725 - Đã huấn luyện thành công mô hình cho MSFT - intraday
2025-04-01 20:04:54 | INFO     | __main__:_check_and_train_initial_models:303 - Đang huấn luyện mô hình [6/7]: MSFT - five_day
2025-04-01 20:04:54 | INFO     | __main__:_train_model_if_needed:683 - Kiểm tra và huấn luyện mô hình cho MSFT - five_day
2025-04-01 20:04:54 | INFO     | __main__:_train_model_if_needed:708 - Bắt đầu huấn luyện mô hình mới cho MSFT - five_day
2025-04-01 20:05:18 | INFO     | models.base_predictor:train:281 - Đã huấn luyện và lưu mô hình MSFT - five_day
2025-04-01 20:05:18 | INFO     | __main__:_train_model_if_needed:725 - Đã huấn luyện thành công mô hình cho MSFT - five_day
2025-04-01 20:05:18 | INFO     | __main__:_check_and_train_initial_models:303 - Đang huấn luyện mô hình [7/7]: MSFT - monthly
2025-04-01 20:05:18 | INFO     | __main__:_train_model_if_needed:683 - Kiểm tra và huấn luyện mô hình cho MSFT - monthly
2025-04-01 20:05:18 | INFO     | __main__:_train_model_if_needed:708 - Bắt đầu huấn luyện mô hình mới cho MSFT - monthly
2025-04-01 20:05:19 | ERROR    | models.base_predictor:train:285 - Lỗi khi huấn luyện mô hình MSFT - monthly: Training data contains 1 samples, which is not sufficient to split it into a validation and training set as specified by `validation_split=0.2`. Either provide more data, or a different value for the `validation_split` argument.
2025-04-01 20:05:19 | ERROR    | models.base_predictor:train:286 - Traceback (most recent call last):
  File "/home/trietvo/BondZiA/models/base_predictor.py", line 265, in train
    history = self.model.fit(
  File "/home/trietvo/miniconda3/envs/tf_gpu/lib/python3.9/site-packages/keras/utils/traceback_utils.py", line 70, in error_handler
    raise e.with_traceback(filtered_tb) from None
  File "/home/trietvo/miniconda3/envs/tf_gpu/lib/python3.9/site-packages/keras/engine/data_adapter.py", line 1686, in train_validation_split
    raise ValueError(
ValueError: Training data contains 1 samples, which is not sufficient to split it into a validation and training set as specified by `validation_split=0.2`. Either provide more data, or a different value for the `validation_split` argument.

2025-04-01 20:05:19 | ERROR    | __main__:_train_model_if_needed:728 - Huấn luyện mô hình thất bại cho MSFT - monthly
2025-04-01 20:05:19 | INFO     | __main__:_check_and_train_initial_models:344 - Hoàn thành huấn luyện ban đầu: 2/7 mô hình
2025-04-01 21:04:05 | INFO     | __main__:_check_night_evolution_window:425 - Đang trong cửa sổ tiến hóa buổi tối, kiểm tra nếu cần tiến hóa mô hình...
2025-04-01 21:04:05 | INFO     | __main__:_evolve_models:797 - Kiểm tra và huấn luyện mô hình trước khi tiến hóa...
2025-04-01 21:04:05 | INFO     | __main__:_train_all_models:739 - Bắt đầu huấn luyện tất cả các mô hình...
2025-04-01 21:04:06 | INFO     | __main__:_train_model_if_needed:683 - Kiểm tra và huấn luyện mô hình cho TSLA - intraday
2025-04-01 21:04:06 | INFO     | __main__:_train_model_if_needed:704 - Mô hình cho TSLA - intraday đã tồn tại, không cần huấn luyện
2025-04-01 21:04:06 | INFO     | __main__:_train_model_if_needed:683 - Kiểm tra và huấn luyện mô hình cho TSLA - five_day
2025-04-01 21:04:06 | INFO     | __main__:_train_model_if_needed:704 - Mô hình cho TSLA - five_day đã tồn tại, không cần huấn luyện
2025-04-01 21:04:06 | INFO     | __main__:_train_model_if_needed:683 - Kiểm tra và huấn luyện mô hình cho TSLA - monthly
2025-04-01 21:04:06 | INFO     | __main__:_train_model_if_needed:708 - Bắt đầu huấn luyện mô hình mới cho TSLA - monthly
2025-04-01 21:04:07 | ERROR    | models.base_predictor:train:285 - Lỗi khi huấn luyện mô hình TSLA - monthly: Training data contains 1 samples, which is not sufficient to split it into a validation and training set as specified by `validation_split=0.2`. Either provide more data, or a different value for the `validation_split` argument.
2025-04-01 21:04:07 | ERROR    | models.base_predictor:train:286 - Traceback (most recent call last):
  File "/home/trietvo/BondZiA/models/base_predictor.py", line 265, in train
    history = self.model.fit(
  File "/home/trietvo/miniconda3/envs/tf_gpu/lib/python3.9/site-packages/keras/utils/traceback_utils.py", line 70, in error_handler
    raise e.with_traceback(filtered_tb) from None
  File "/home/trietvo/miniconda3/envs/tf_gpu/lib/python3.9/site-packages/keras/engine/data_adapter.py", line 1686, in train_validation_split
    raise ValueError(
ValueError: Training data contains 1 samples, which is not sufficient to split it into a validation and training set as specified by `validation_split=0.2`. Either provide more data, or a different value for the `validation_split` argument.

2025-04-01 21:04:07 | ERROR    | __main__:_train_model_if_needed:728 - Huấn luyện mô hình thất bại cho TSLA - monthly
2025-04-01 21:04:07 | INFO     | __main__:_train_model_if_needed:683 - Kiểm tra và huấn luyện mô hình cho NVDA - intraday
2025-04-01 21:04:07 | INFO     | __main__:_train_model_if_needed:704 - Mô hình cho NVDA - intraday đã tồn tại, không cần huấn luyện
2025-04-01 21:04:07 | INFO     | __main__:_train_model_if_needed:683 - Kiểm tra và huấn luyện mô hình cho NVDA - five_day
2025-04-01 21:04:07 | INFO     | __main__:_train_model_if_needed:704 - Mô hình cho NVDA - five_day đã tồn tại, không cần huấn luyện
2025-04-01 21:04:07 | INFO     | __main__:_train_model_if_needed:683 - Kiểm tra và huấn luyện mô hình cho NVDA - monthly
2025-04-01 21:04:07 | INFO     | __main__:_train_model_if_needed:708 - Bắt đầu huấn luyện mô hình mới cho NVDA - monthly
2025-04-01 21:04:08 | ERROR    | models.base_predictor:train:285 - Lỗi khi huấn luyện mô hình NVDA - monthly: Training data contains 1 samples, which is not sufficient to split it into a validation and training set as specified by `validation_split=0.2`. Either provide more data, or a different value for the `validation_split` argument.
2025-04-01 21:04:08 | ERROR    | models.base_predictor:train:286 - Traceback (most recent call last):
  File "/home/trietvo/BondZiA/models/base_predictor.py", line 265, in train
    history = self.model.fit(
  File "/home/trietvo/miniconda3/envs/tf_gpu/lib/python3.9/site-packages/keras/utils/traceback_utils.py", line 70, in error_handler
    raise e.with_traceback(filtered_tb) from None
  File "/home/trietvo/miniconda3/envs/tf_gpu/lib/python3.9/site-packages/keras/engine/data_adapter.py", line 1686, in train_validation_split
    raise ValueError(
ValueError: Training data contains 1 samples, which is not sufficient to split it into a validation and training set as specified by `validation_split=0.2`. Either provide more data, or a different value for the `validation_split` argument.

2025-04-01 21:04:08 | ERROR    | __main__:_train_model_if_needed:728 - Huấn luyện mô hình thất bại cho NVDA - monthly
2025-04-01 21:04:08 | INFO     | __main__:_train_model_if_needed:683 - Kiểm tra và huấn luyện mô hình cho PLTR - intraday
2025-04-01 21:04:08 | INFO     | __main__:_train_model_if_needed:704 - Mô hình cho PLTR - intraday đã tồn tại, không cần huấn luyện
2025-04-01 21:04:08 | INFO     | __main__:_train_model_if_needed:683 - Kiểm tra và huấn luyện mô hình cho PLTR - five_day
2025-04-01 21:04:08 | INFO     | __main__:_train_model_if_needed:704 - Mô hình cho PLTR - five_day đã tồn tại, không cần huấn luyện
2025-04-01 21:04:08 | INFO     | __main__:_train_model_if_needed:683 - Kiểm tra và huấn luyện mô hình cho PLTR - monthly
2025-04-01 21:04:08 | INFO     | __main__:_train_model_if_needed:708 - Bắt đầu huấn luyện mô hình mới cho PLTR - monthly
2025-04-01 21:04:08 | ERROR    | models.base_predictor:train:285 - Lỗi khi huấn luyện mô hình PLTR - monthly: Training data contains 1 samples, which is not sufficient to split it into a validation and training set as specified by `validation_split=0.2`. Either provide more data, or a different value for the `validation_split` argument.
2025-04-01 21:04:08 | ERROR    | models.base_predictor:train:286 - Traceback (most recent call last):
  File "/home/trietvo/BondZiA/models/base_predictor.py", line 265, in train
    history = self.model.fit(
  File "/home/trietvo/miniconda3/envs/tf_gpu/lib/python3.9/site-packages/keras/utils/traceback_utils.py", line 70, in error_handler
    raise e.with_traceback(filtered_tb) from None
  File "/home/trietvo/miniconda3/envs/tf_gpu/lib/python3.9/site-packages/keras/engine/data_adapter.py", line 1686, in train_validation_split
    raise ValueError(
ValueError: Training data contains 1 samples, which is not sufficient to split it into a validation and training set as specified by `validation_split=0.2`. Either provide more data, or a different value for the `validation_split` argument.

2025-04-01 21:04:08 | ERROR    | __main__:_train_model_if_needed:728 - Huấn luyện mô hình thất bại cho PLTR - monthly
2025-04-01 21:04:08 | INFO     | __main__:_train_model_if_needed:683 - Kiểm tra và huấn luyện mô hình cho AMZN - intraday
2025-04-01 21:04:08 | INFO     | __main__:_train_model_if_needed:704 - Mô hình cho AMZN - intraday đã tồn tại, không cần huấn luyện
2025-04-01 21:04:08 | INFO     | __main__:_train_model_if_needed:683 - Kiểm tra và huấn luyện mô hình cho AMZN - five_day
2025-04-01 21:04:08 | INFO     | __main__:_train_model_if_needed:704 - Mô hình cho AMZN - five_day đã tồn tại, không cần huấn luyện
2025-04-01 21:04:08 | INFO     | __main__:_train_model_if_needed:683 - Kiểm tra và huấn luyện mô hình cho AMZN - monthly
2025-04-01 21:04:08 | INFO     | __main__:_train_model_if_needed:708 - Bắt đầu huấn luyện mô hình mới cho AMZN - monthly
2025-04-01 21:04:09 | ERROR    | models.base_predictor:train:285 - Lỗi khi huấn luyện mô hình AMZN - monthly: Training data contains 1 samples, which is not sufficient to split it into a validation and training set as specified by `validation_split=0.2`. Either provide more data, or a different value for the `validation_split` argument.
2025-04-01 21:04:09 | ERROR    | models.base_predictor:train:286 - Traceback (most recent call last):
  File "/home/trietvo/BondZiA/models/base_predictor.py", line 265, in train
    history = self.model.fit(
  File "/home/trietvo/miniconda3/envs/tf_gpu/lib/python3.9/site-packages/keras/utils/traceback_utils.py", line 70, in error_handler
    raise e.with_traceback(filtered_tb) from None
  File "/home/trietvo/miniconda3/envs/tf_gpu/lib/python3.9/site-packages/keras/engine/data_adapter.py", line 1686, in train_validation_split
    raise ValueError(
ValueError: Training data contains 1 samples, which is not sufficient to split it into a validation and training set as specified by `validation_split=0.2`. Either provide more data, or a different value for the `validation_split` argument.

2025-04-01 21:04:09 | ERROR    | __main__:_train_model_if_needed:728 - Huấn luyện mô hình thất bại cho AMZN - monthly
2025-04-01 21:04:09 | INFO     | __main__:_train_model_if_needed:683 - Kiểm tra và huấn luyện mô hình cho MSFT - intraday
2025-04-01 21:04:09 | INFO     | __main__:_train_model_if_needed:704 - Mô hình cho MSFT - intraday đã tồn tại, không cần huấn luyện
2025-04-01 21:04:09 | INFO     | __main__:_train_model_if_needed:683 - Kiểm tra và huấn luyện mô hình cho MSFT - five_day
2025-04-01 21:04:09 | INFO     | __main__:_train_model_if_needed:704 - Mô hình cho MSFT - five_day đã tồn tại, không cần huấn luyện
2025-04-01 21:04:09 | INFO     | __main__:_train_model_if_needed:683 - Kiểm tra và huấn luyện mô hình cho MSFT - monthly
2025-04-01 21:04:09 | INFO     | __main__:_train_model_if_needed:708 - Bắt đầu huấn luyện mô hình mới cho MSFT - monthly
2025-04-01 21:04:09 | ERROR    | models.base_predictor:train:285 - Lỗi khi huấn luyện mô hình MSFT - monthly: Training data contains 1 samples, which is not sufficient to split it into a validation and training set as specified by `validation_split=0.2`. Either provide more data, or a different value for the `validation_split` argument.
2025-04-01 21:04:09 | ERROR    | models.base_predictor:train:286 - Traceback (most recent call last):
  File "/home/trietvo/BondZiA/models/base_predictor.py", line 265, in train
    history = self.model.fit(
  File "/home/trietvo/miniconda3/envs/tf_gpu/lib/python3.9/site-packages/keras/utils/traceback_utils.py", line 70, in error_handler
    raise e.with_traceback(filtered_tb) from None
  File "/home/trietvo/miniconda3/envs/tf_gpu/lib/python3.9/site-packages/keras/engine/data_adapter.py", line 1686, in train_validation_split
    raise ValueError(
ValueError: Training data contains 1 samples, which is not sufficient to split it into a validation and training set as specified by `validation_split=0.2`. Either provide more data, or a different value for the `validation_split` argument.

2025-04-01 21:04:09 | ERROR    | __main__:_train_model_if_needed:728 - Huấn luyện mô hình thất bại cho MSFT - monthly
2025-04-01 21:04:09 | INFO     | __main__:_train_all_models:754 - Đã huấn luyện 10/15 mô hình
2025-04-01 21:04:10 | INFO     | __main__:_evolve_models:806 - Bắt đầu tiến hóa mô hình...
2025-04-01 21:04:14 | INFO     | evolution.hyperparameter_tuner:__init__:560 - Khởi tạo ModelEvolutionManager với 5 cổ phiếu
2025-04-01 21:04:14 | INFO     | evolution.hyperparameter_tuner:evolve_all_models:604 - Bắt đầu tiến hóa tất cả các mô hình tại 2025-04-01T21:04:14.188439
2025-04-01 21:04:14 | INFO     | evolution.hyperparameter_tuner:evolve_all_models:643 - Tiến hóa mô hình TSLA - intraday
2025-04-01 22:03:57 | INFO     | evolution.hyperparameter_tuner:evolve_model:583 - Thành công: Tiến hóa mô hình TSLA - intraday
2025-04-01 22:03:57 | INFO     | evolution.hyperparameter_tuner:evolve_all_models:643 - Tiến hóa mô hình TSLA - five_day
2025-04-01 22:17:21 | INFO     | evolution.hyperparameter_tuner:evolve_model:583 - Thành công: Tiến hóa mô hình TSLA - five_day
2025-04-01 22:17:21 | INFO     | evolution.hyperparameter_tuner:evolve_all_models:643 - Tiến hóa mô hình TSLA - monthly
2025-04-01 22:17:21 | ERROR    | evolution.hyperparameter_tuner:evolve_model:589 - Lỗi khi tiến hóa mô hình TSLA - monthly: With n_samples=1, test_size=0.2 and train_size=None, the resulting train set will be empty. Adjust any of the aforementioned parameters.
2025-04-01 22:17:21 | ERROR    | evolution.hyperparameter_tuner:evolve_model:590 - Traceback (most recent call last):
  File "/home/trietvo/BondZiA/evolution/hyperparameter_tuner.py", line 579, in evolve_model
    result = tuner.tune(data)
  File "/home/trietvo/BondZiA/evolution/hyperparameter_tuner.py", line 398, in tune
    X_train, X_test, y_train, y_test, feature_scaler, price_scaler = self._prepare_data(data, features)
  File "/home/trietvo/BondZiA/evolution/hyperparameter_tuner.py", line 126, in _prepare_data
    X_train, X_test, y_train, y_test = train_test_split(X, y, test_size=0.2, shuffle=False)
  File "/home/trietvo/miniconda3/envs/tf_gpu/lib/python3.9/site-packages/sklearn/utils/_param_validation.py", line 211, in wrapper
    return func(*args, **kwargs)
  File "/home/trietvo/miniconda3/envs/tf_gpu/lib/python3.9/site-packages/sklearn/model_selection/_split.py", line 2617, in train_test_split
    n_train, n_test = _validate_shuffle_split(
  File "/home/trietvo/miniconda3/envs/tf_gpu/lib/python3.9/site-packages/sklearn/model_selection/_split.py", line 2273, in _validate_shuffle_split
    raise ValueError(
ValueError: With n_samples=1, test_size=0.2 and train_size=None, the resulting train set will be empty. Adjust any of the aforementioned parameters.

2025-04-01 22:17:21 | INFO     | evolution.hyperparameter_tuner:evolve_all_models:643 - Tiến hóa mô hình NVDA - intraday
2025-04-01 22:23:04 | INFO     | __main__:_check_and_train_initial_models:277 - Phát hiện 5 mô hình chưa tồn tại, cần huấn luyện ban đầu
2025-04-01 22:23:04 | INFO     | __main__:_check_and_train_initial_models:303 - Đang huấn luyện mô hình [1/5]: TSLA - monthly
2025-04-01 22:23:05 | INFO     | __main__:_train_model_if_needed:683 - Kiểm tra và huấn luyện mô hình cho TSLA - monthly
2025-04-01 22:23:05 | INFO     | __main__:_train_model_if_needed:708 - Bắt đầu huấn luyện mô hình mới cho TSLA - monthly
2025-04-01 22:23:06 | ERROR    | models.base_predictor:train:290 - Lỗi khi huấn luyện mô hình TSLA - monthly: Training data contains 1 samples, which is not sufficient to split it into a validation and training set as specified by `validation_split=0.2`. Either provide more data, or a different value for the `validation_split` argument.
2025-04-01 22:23:06 | ERROR    | models.base_predictor:train:291 - Traceback (most recent call last):
  File "/home/trietvo/BondZiA/models/base_predictor.py", line 270, in train
    history = self.model.fit(
  File "/home/trietvo/miniconda3/envs/tf_gpu/lib/python3.9/site-packages/keras/utils/traceback_utils.py", line 70, in error_handler
    raise e.with_traceback(filtered_tb) from None
  File "/home/trietvo/miniconda3/envs/tf_gpu/lib/python3.9/site-packages/keras/engine/data_adapter.py", line 1686, in train_validation_split
    raise ValueError(
ValueError: Training data contains 1 samples, which is not sufficient to split it into a validation and training set as specified by `validation_split=0.2`. Either provide more data, or a different value for the `validation_split` argument.

2025-04-01 22:23:06 | ERROR    | __main__:_train_model_if_needed:728 - Huấn luyện mô hình thất bại cho TSLA - monthly
2025-04-01 22:23:06 | INFO     | __main__:_check_and_train_initial_models:303 - Đang huấn luyện mô hình [2/5]: NVDA - monthly
2025-04-01 22:23:07 | INFO     | __main__:_train_model_if_needed:683 - Kiểm tra và huấn luyện mô hình cho NVDA - monthly
2025-04-01 22:23:07 | INFO     | __main__:_train_model_if_needed:708 - Bắt đầu huấn luyện mô hình mới cho NVDA - monthly
2025-04-01 22:23:07 | ERROR    | models.base_predictor:train:290 - Lỗi khi huấn luyện mô hình NVDA - monthly: Training data contains 1 samples, which is not sufficient to split it into a validation and training set as specified by `validation_split=0.2`. Either provide more data, or a different value for the `validation_split` argument.
2025-04-01 22:23:07 | ERROR    | models.base_predictor:train:291 - Traceback (most recent call last):
  File "/home/trietvo/BondZiA/models/base_predictor.py", line 270, in train
    history = self.model.fit(
  File "/home/trietvo/miniconda3/envs/tf_gpu/lib/python3.9/site-packages/keras/utils/traceback_utils.py", line 70, in error_handler
    raise e.with_traceback(filtered_tb) from None
  File "/home/trietvo/miniconda3/envs/tf_gpu/lib/python3.9/site-packages/keras/engine/data_adapter.py", line 1686, in train_validation_split
    raise ValueError(
ValueError: Training data contains 1 samples, which is not sufficient to split it into a validation and training set as specified by `validation_split=0.2`. Either provide more data, or a different value for the `validation_split` argument.

2025-04-01 22:23:07 | ERROR    | __main__:_train_model_if_needed:728 - Huấn luyện mô hình thất bại cho NVDA - monthly
2025-04-01 22:23:07 | INFO     | __main__:_check_and_train_initial_models:303 - Đang huấn luyện mô hình [3/5]: PLTR - monthly
2025-04-01 22:23:08 | INFO     | __main__:_train_model_if_needed:683 - Kiểm tra và huấn luyện mô hình cho PLTR - monthly
2025-04-01 22:23:08 | INFO     | __main__:_train_model_if_needed:708 - Bắt đầu huấn luyện mô hình mới cho PLTR - monthly
2025-04-01 22:23:08 | ERROR    | models.base_predictor:train:290 - Lỗi khi huấn luyện mô hình PLTR - monthly: Training data contains 1 samples, which is not sufficient to split it into a validation and training set as specified by `validation_split=0.2`. Either provide more data, or a different value for the `validation_split` argument.
2025-04-01 22:23:08 | ERROR    | models.base_predictor:train:291 - Traceback (most recent call last):
  File "/home/trietvo/BondZiA/models/base_predictor.py", line 270, in train
    history = self.model.fit(
  File "/home/trietvo/miniconda3/envs/tf_gpu/lib/python3.9/site-packages/keras/utils/traceback_utils.py", line 70, in error_handler
    raise e.with_traceback(filtered_tb) from None
  File "/home/trietvo/miniconda3/envs/tf_gpu/lib/python3.9/site-packages/keras/engine/data_adapter.py", line 1686, in train_validation_split
    raise ValueError(
ValueError: Training data contains 1 samples, which is not sufficient to split it into a validation and training set as specified by `validation_split=0.2`. Either provide more data, or a different value for the `validation_split` argument.

2025-04-01 22:23:08 | ERROR    | __main__:_train_model_if_needed:728 - Huấn luyện mô hình thất bại cho PLTR - monthly
2025-04-01 22:23:08 | INFO     | __main__:_check_and_train_initial_models:303 - Đang huấn luyện mô hình [4/5]: AMZN - monthly
2025-04-01 22:23:09 | INFO     | __main__:_train_model_if_needed:683 - Kiểm tra và huấn luyện mô hình cho AMZN - monthly
2025-04-01 22:23:09 | INFO     | __main__:_train_model_if_needed:708 - Bắt đầu huấn luyện mô hình mới cho AMZN - monthly
2025-04-01 22:23:10 | ERROR    | models.base_predictor:train:290 - Lỗi khi huấn luyện mô hình AMZN - monthly: Training data contains 1 samples, which is not sufficient to split it into a validation and training set as specified by `validation_split=0.2`. Either provide more data, or a different value for the `validation_split` argument.
2025-04-01 22:23:10 | ERROR    | models.base_predictor:train:291 - Traceback (most recent call last):
  File "/home/trietvo/BondZiA/models/base_predictor.py", line 270, in train
    history = self.model.fit(
  File "/home/trietvo/miniconda3/envs/tf_gpu/lib/python3.9/site-packages/keras/utils/traceback_utils.py", line 70, in error_handler
    raise e.with_traceback(filtered_tb) from None
  File "/home/trietvo/miniconda3/envs/tf_gpu/lib/python3.9/site-packages/keras/engine/data_adapter.py", line 1686, in train_validation_split
    raise ValueError(
ValueError: Training data contains 1 samples, which is not sufficient to split it into a validation and training set as specified by `validation_split=0.2`. Either provide more data, or a different value for the `validation_split` argument.

2025-04-01 22:23:10 | ERROR    | __main__:_train_model_if_needed:728 - Huấn luyện mô hình thất bại cho AMZN - monthly
2025-04-01 22:23:10 | INFO     | __main__:_check_and_train_initial_models:303 - Đang huấn luyện mô hình [5/5]: MSFT - monthly
2025-04-01 22:23:10 | INFO     | __main__:_train_model_if_needed:683 - Kiểm tra và huấn luyện mô hình cho MSFT - monthly
2025-04-01 22:23:10 | INFO     | __main__:_train_model_if_needed:708 - Bắt đầu huấn luyện mô hình mới cho MSFT - monthly
2025-04-01 22:23:11 | ERROR    | models.base_predictor:train:290 - Lỗi khi huấn luyện mô hình MSFT - monthly: Training data contains 1 samples, which is not sufficient to split it into a validation and training set as specified by `validation_split=0.2`. Either provide more data, or a different value for the `validation_split` argument.
2025-04-01 22:23:11 | ERROR    | models.base_predictor:train:291 - Traceback (most recent call last):
  File "/home/trietvo/BondZiA/models/base_predictor.py", line 270, in train
    history = self.model.fit(
  File "/home/trietvo/miniconda3/envs/tf_gpu/lib/python3.9/site-packages/keras/utils/traceback_utils.py", line 70, in error_handler
    raise e.with_traceback(filtered_tb) from None
  File "/home/trietvo/miniconda3/envs/tf_gpu/lib/python3.9/site-packages/keras/engine/data_adapter.py", line 1686, in train_validation_split
    raise ValueError(
ValueError: Training data contains 1 samples, which is not sufficient to split it into a validation and training set as specified by `validation_split=0.2`. Either provide more data, or a different value for the `validation_split` argument.

2025-04-01 22:23:11 | ERROR    | __main__:_train_model_if_needed:728 - Huấn luyện mô hình thất bại cho MSFT - monthly
2025-04-01 22:23:11 | INFO     | __main__:_check_and_train_initial_models:344 - Hoàn thành huấn luyện ban đầu: 0/5 mô hình
2025-04-01 22:34:08 | INFO     | __main__:_check_and_train_initial_models:277 - Phát hiện 5 mô hình chưa tồn tại, cần huấn luyện ban đầu
2025-04-01 22:34:08 | INFO     | __main__:_check_and_train_initial_models:303 - Đang huấn luyện mô hình [1/5]: TSLA - monthly
2025-04-01 22:34:09 | INFO     | __main__:_train_model_if_needed:683 - Kiểm tra và huấn luyện mô hình cho TSLA - monthly
2025-04-01 22:34:09 | INFO     | __main__:_train_model_if_needed:708 - Bắt đầu huấn luyện mô hình mới cho TSLA - monthly
2025-04-01 22:34:24 | INFO     | models.base_predictor:train:289 - Đã huấn luyện và lưu mô hình TSLA - monthly
2025-04-01 22:34:24 | INFO     | __main__:_train_model_if_needed:725 - Đã huấn luyện thành công mô hình cho TSLA - monthly
2025-04-01 22:34:24 | INFO     | __main__:_check_and_train_initial_models:303 - Đang huấn luyện mô hình [2/5]: NVDA - monthly
2025-04-01 22:34:24 | INFO     | __main__:_train_model_if_needed:683 - Kiểm tra và huấn luyện mô hình cho NVDA - monthly
2025-04-01 22:34:24 | INFO     | __main__:_train_model_if_needed:708 - Bắt đầu huấn luyện mô hình mới cho NVDA - monthly
2025-04-01 22:34:38 | INFO     | models.base_predictor:train:289 - Đã huấn luyện và lưu mô hình NVDA - monthly
2025-04-01 22:34:38 | INFO     | __main__:_train_model_if_needed:725 - Đã huấn luyện thành công mô hình cho NVDA - monthly
2025-04-01 22:34:38 | INFO     | __main__:_check_and_train_initial_models:303 - Đang huấn luyện mô hình [3/5]: PLTR - monthly
2025-04-01 22:34:38 | INFO     | __main__:_train_model_if_needed:683 - Kiểm tra và huấn luyện mô hình cho PLTR - monthly
2025-04-01 22:34:38 | INFO     | __main__:_train_model_if_needed:708 - Bắt đầu huấn luyện mô hình mới cho PLTR - monthly
2025-04-01 22:34:52 | INFO     | models.base_predictor:train:289 - Đã huấn luyện và lưu mô hình PLTR - monthly
2025-04-01 22:34:52 | INFO     | __main__:_train_model_if_needed:725 - Đã huấn luyện thành công mô hình cho PLTR - monthly
2025-04-01 22:34:52 | INFO     | __main__:_check_and_train_initial_models:303 - Đang huấn luyện mô hình [4/5]: AMZN - monthly
2025-04-01 22:34:52 | INFO     | __main__:_train_model_if_needed:683 - Kiểm tra và huấn luyện mô hình cho AMZN - monthly
2025-04-01 22:34:52 | INFO     | __main__:_train_model_if_needed:708 - Bắt đầu huấn luyện mô hình mới cho AMZN - monthly
2025-04-01 22:35:05 | INFO     | models.base_predictor:train:289 - Đã huấn luyện và lưu mô hình AMZN - monthly
2025-04-01 22:35:05 | INFO     | __main__:_train_model_if_needed:725 - Đã huấn luyện thành công mô hình cho AMZN - monthly
2025-04-01 22:35:05 | INFO     | __main__:_check_and_train_initial_models:303 - Đang huấn luyện mô hình [5/5]: MSFT - monthly
2025-04-01 22:35:06 | INFO     | __main__:_train_model_if_needed:683 - Kiểm tra và huấn luyện mô hình cho MSFT - monthly
2025-04-01 22:35:06 | INFO     | __main__:_train_model_if_needed:708 - Bắt đầu huấn luyện mô hình mới cho MSFT - monthly
2025-04-01 22:35:18 | INFO     | models.base_predictor:train:289 - Đã huấn luyện và lưu mô hình MSFT - monthly
2025-04-01 22:35:18 | INFO     | __main__:_train_model_if_needed:725 - Đã huấn luyện thành công mô hình cho MSFT - monthly
2025-04-01 22:35:19 | INFO     | __main__:_check_and_train_initial_models:344 - Hoàn thành huấn luyện ban đầu: 5/5 mô hình
2025-04-01 23:34:04 | INFO     | __main__:_check_night_evolution_window:425 - Đang trong cửa sổ tiến hóa buổi tối, kiểm tra nếu cần tiến hóa mô hình...
2025-04-01 23:34:04 | INFO     | __main__:_evolve_models:797 - Kiểm tra và huấn luyện mô hình trước khi tiến hóa...
2025-04-01 23:34:04 | INFO     | __main__:_train_all_models:739 - Bắt đầu huấn luyện tất cả các mô hình...
2025-04-01 23:34:05 | INFO     | __main__:_train_model_if_needed:683 - Kiểm tra và huấn luyện mô hình cho TSLA - intraday
2025-04-01 23:34:05 | INFO     | __main__:_train_model_if_needed:704 - Mô hình cho TSLA - intraday đã tồn tại, không cần huấn luyện
2025-04-01 23:34:05 | INFO     | __main__:_train_model_if_needed:683 - Kiểm tra và huấn luyện mô hình cho TSLA - five_day
2025-04-01 23:34:05 | INFO     | __main__:_train_model_if_needed:704 - Mô hình cho TSLA - five_day đã tồn tại, không cần huấn luyện
2025-04-01 23:34:05 | INFO     | __main__:_train_model_if_needed:683 - Kiểm tra và huấn luyện mô hình cho TSLA - monthly
2025-04-01 23:34:05 | INFO     | __main__:_train_model_if_needed:708 - Bắt đầu huấn luyện mô hình mới cho TSLA - monthly
2025-04-01 23:34:21 | INFO     | models.base_predictor:train:289 - Đã huấn luyện và lưu mô hình TSLA - monthly
2025-04-01 23:34:21 | INFO     | __main__:_train_model_if_needed:725 - Đã huấn luyện thành công mô hình cho TSLA - monthly
2025-04-01 23:34:21 | INFO     | __main__:_train_model_if_needed:683 - Kiểm tra và huấn luyện mô hình cho NVDA - intraday
2025-04-01 23:34:21 | INFO     | __main__:_train_model_if_needed:704 - Mô hình cho NVDA - intraday đã tồn tại, không cần huấn luyện
2025-04-01 23:34:21 | INFO     | __main__:_train_model_if_needed:683 - Kiểm tra và huấn luyện mô hình cho NVDA - five_day
2025-04-01 23:34:21 | INFO     | __main__:_train_model_if_needed:704 - Mô hình cho NVDA - five_day đã tồn tại, không cần huấn luyện
2025-04-01 23:34:21 | INFO     | __main__:_train_model_if_needed:683 - Kiểm tra và huấn luyện mô hình cho NVDA - monthly
2025-04-01 23:34:21 | INFO     | __main__:_train_model_if_needed:708 - Bắt đầu huấn luyện mô hình mới cho NVDA - monthly
2025-04-01 23:34:36 | INFO     | models.base_predictor:train:289 - Đã huấn luyện và lưu mô hình NVDA - monthly
2025-04-01 23:34:36 | INFO     | __main__:_train_model_if_needed:725 - Đã huấn luyện thành công mô hình cho NVDA - monthly
2025-04-01 23:34:36 | INFO     | __main__:_train_model_if_needed:683 - Kiểm tra và huấn luyện mô hình cho PLTR - intraday
2025-04-01 23:34:36 | INFO     | __main__:_train_model_if_needed:704 - Mô hình cho PLTR - intraday đã tồn tại, không cần huấn luyện
2025-04-01 23:34:36 | INFO     | __main__:_train_model_if_needed:683 - Kiểm tra và huấn luyện mô hình cho PLTR - five_day
2025-04-01 23:34:36 | INFO     | __main__:_train_model_if_needed:704 - Mô hình cho PLTR - five_day đã tồn tại, không cần huấn luyện
2025-04-01 23:34:36 | INFO     | __main__:_train_model_if_needed:683 - Kiểm tra và huấn luyện mô hình cho PLTR - monthly
2025-04-01 23:34:36 | INFO     | __main__:_train_model_if_needed:708 - Bắt đầu huấn luyện mô hình mới cho PLTR - monthly
2025-04-01 23:34:51 | INFO     | models.base_predictor:train:289 - Đã huấn luyện và lưu mô hình PLTR - monthly
2025-04-01 23:34:51 | INFO     | __main__:_train_model_if_needed:725 - Đã huấn luyện thành công mô hình cho PLTR - monthly
2025-04-01 23:34:51 | INFO     | __main__:_train_model_if_needed:683 - Kiểm tra và huấn luyện mô hình cho AMZN - intraday
2025-04-01 23:34:51 | INFO     | __main__:_train_model_if_needed:704 - Mô hình cho AMZN - intraday đã tồn tại, không cần huấn luyện
2025-04-01 23:34:51 | INFO     | __main__:_train_model_if_needed:683 - Kiểm tra và huấn luyện mô hình cho AMZN - five_day
2025-04-01 23:34:51 | INFO     | __main__:_train_model_if_needed:704 - Mô hình cho AMZN - five_day đã tồn tại, không cần huấn luyện
2025-04-01 23:34:51 | INFO     | __main__:_train_model_if_needed:683 - Kiểm tra và huấn luyện mô hình cho AMZN - monthly
2025-04-01 23:34:51 | INFO     | __main__:_train_model_if_needed:708 - Bắt đầu huấn luyện mô hình mới cho AMZN - monthly
2025-04-01 23:35:06 | INFO     | models.base_predictor:train:289 - Đã huấn luyện và lưu mô hình AMZN - monthly
2025-04-01 23:35:06 | INFO     | __main__:_train_model_if_needed:725 - Đã huấn luyện thành công mô hình cho AMZN - monthly
2025-04-01 23:35:06 | INFO     | __main__:_train_model_if_needed:683 - Kiểm tra và huấn luyện mô hình cho MSFT - intraday
2025-04-01 23:35:06 | INFO     | __main__:_train_model_if_needed:704 - Mô hình cho MSFT - intraday đã tồn tại, không cần huấn luyện
2025-04-01 23:35:06 | INFO     | __main__:_train_model_if_needed:683 - Kiểm tra và huấn luyện mô hình cho MSFT - five_day
2025-04-01 23:35:06 | INFO     | __main__:_train_model_if_needed:704 - Mô hình cho MSFT - five_day đã tồn tại, không cần huấn luyện
2025-04-01 23:35:06 | INFO     | __main__:_train_model_if_needed:683 - Kiểm tra và huấn luyện mô hình cho MSFT - monthly
2025-04-01 23:35:06 | INFO     | __main__:_train_model_if_needed:708 - Bắt đầu huấn luyện mô hình mới cho MSFT - monthly
2025-04-01 23:35:21 | INFO     | models.base_predictor:train:289 - Đã huấn luyện và lưu mô hình MSFT - monthly
2025-04-01 23:35:21 | INFO     | __main__:_train_model_if_needed:725 - Đã huấn luyện thành công mô hình cho MSFT - monthly
2025-04-01 23:35:21 | INFO     | __main__:_train_all_models:754 - Đã huấn luyện 15/15 mô hình
2025-04-01 23:35:22 | INFO     | __main__:_evolve_models:806 - Bắt đầu tiến hóa mô hình...
2025-04-01 23:35:26 | INFO     | evolution.hyperparameter_tuner:__init__:560 - Khởi tạo ModelEvolutionManager với 5 cổ phiếu
2025-04-01 23:35:26 | INFO     | evolution.hyperparameter_tuner:evolve_all_models:604 - Bắt đầu tiến hóa tất cả các mô hình tại 2025-04-01T23:35:26.972697
2025-04-01 23:35:26 | INFO     | evolution.hyperparameter_tuner:evolve_all_models:643 - Tiến hóa mô hình TSLA - intraday
2025-04-02 00:06:51 | INFO     | evolution.hyperparameter_tuner:evolve_model:583 - Thành công: Tiến hóa mô hình TSLA - intraday
2025-04-02 00:06:51 | INFO     | evolution.hyperparameter_tuner:evolve_all_models:643 - Tiến hóa mô hình TSLA - five_day
2025-04-02 00:19:12 | INFO     | evolution.hyperparameter_tuner:evolve_model:583 - Thành công: Tiến hóa mô hình TSLA - five_day
2025-04-02 00:19:12 | INFO     | evolution.hyperparameter_tuner:evolve_all_models:643 - Tiến hóa mô hình TSLA - monthly
2025-04-02 00:19:12 | ERROR    | evolution.hyperparameter_tuner:evolve_model:589 - Lỗi khi tiến hóa mô hình TSLA - monthly: With n_samples=1, test_size=0.2 and train_size=None, the resulting train set will be empty. Adjust any of the aforementioned parameters.
2025-04-02 00:19:12 | ERROR    | evolution.hyperparameter_tuner:evolve_model:590 - Traceback (most recent call last):
  File "/home/trietvo/BondZiA/evolution/hyperparameter_tuner.py", line 579, in evolve_model
    result = tuner.tune(data)
  File "/home/trietvo/BondZiA/evolution/hyperparameter_tuner.py", line 398, in tune
    X_train, X_test, y_train, y_test, feature_scaler, price_scaler = self._prepare_data(data, features)
  File "/home/trietvo/BondZiA/evolution/hyperparameter_tuner.py", line 126, in _prepare_data
    X_train, X_test, y_train, y_test = train_test_split(X, y, test_size=0.2, shuffle=False)
  File "/home/trietvo/miniconda3/envs/tf_gpu/lib/python3.9/site-packages/sklearn/utils/_param_validation.py", line 211, in wrapper
    return func(*args, **kwargs)
  File "/home/trietvo/miniconda3/envs/tf_gpu/lib/python3.9/site-packages/sklearn/model_selection/_split.py", line 2617, in train_test_split
    n_train, n_test = _validate_shuffle_split(
  File "/home/trietvo/miniconda3/envs/tf_gpu/lib/python3.9/site-packages/sklearn/model_selection/_split.py", line 2273, in _validate_shuffle_split
    raise ValueError(
ValueError: With n_samples=1, test_size=0.2 and train_size=None, the resulting train set will be empty. Adjust any of the aforementioned parameters.

2025-04-02 00:19:12 | INFO     | evolution.hyperparameter_tuner:evolve_all_models:643 - Tiến hóa mô hình NVDA - intraday
2025-04-02 02:04:17 | INFO     | evolution.hyperparameter_tuner:evolve_model:583 - Thành công: Tiến hóa mô hình NVDA - intraday
2025-04-02 02:04:17 | INFO     | evolution.hyperparameter_tuner:evolve_all_models:643 - Tiến hóa mô hình NVDA - five_day
2025-04-02 02:12:41 | INFO     | evolution.hyperparameter_tuner:evolve_model:583 - Thành công: Tiến hóa mô hình NVDA - five_day
2025-04-02 02:12:41 | INFO     | evolution.hyperparameter_tuner:evolve_all_models:643 - Tiến hóa mô hình NVDA - monthly
2025-04-02 02:12:41 | ERROR    | evolution.hyperparameter_tuner:evolve_model:589 - Lỗi khi tiến hóa mô hình NVDA - monthly: With n_samples=1, test_size=0.2 and train_size=None, the resulting train set will be empty. Adjust any of the aforementioned parameters.
2025-04-02 02:12:41 | ERROR    | evolution.hyperparameter_tuner:evolve_model:590 - Traceback (most recent call last):
  File "/home/trietvo/BondZiA/evolution/hyperparameter_tuner.py", line 579, in evolve_model
    result = tuner.tune(data)
  File "/home/trietvo/BondZiA/evolution/hyperparameter_tuner.py", line 398, in tune
    X_train, X_test, y_train, y_test, feature_scaler, price_scaler = self._prepare_data(data, features)
  File "/home/trietvo/BondZiA/evolution/hyperparameter_tuner.py", line 126, in _prepare_data
    X_train, X_test, y_train, y_test = train_test_split(X, y, test_size=0.2, shuffle=False)
  File "/home/trietvo/miniconda3/envs/tf_gpu/lib/python3.9/site-packages/sklearn/utils/_param_validation.py", line 211, in wrapper
    return func(*args, **kwargs)
  File "/home/trietvo/miniconda3/envs/tf_gpu/lib/python3.9/site-packages/sklearn/model_selection/_split.py", line 2617, in train_test_split
    n_train, n_test = _validate_shuffle_split(
  File "/home/trietvo/miniconda3/envs/tf_gpu/lib/python3.9/site-packages/sklearn/model_selection/_split.py", line 2273, in _validate_shuffle_split
    raise ValueError(
ValueError: With n_samples=1, test_size=0.2 and train_size=None, the resulting train set will be empty. Adjust any of the aforementioned parameters.

2025-04-02 02:12:41 | INFO     | evolution.hyperparameter_tuner:evolve_all_models:643 - Tiến hóa mô hình PLTR - intraday
2025-04-02 02:39:27 | INFO     | evolution.hyperparameter_tuner:evolve_model:583 - Thành công: Tiến hóa mô hình PLTR - intraday
2025-04-02 02:39:27 | INFO     | evolution.hyperparameter_tuner:evolve_all_models:643 - Tiến hóa mô hình PLTR - five_day
2025-04-02 02:46:37 | INFO     | evolution.hyperparameter_tuner:evolve_model:583 - Thành công: Tiến hóa mô hình PLTR - five_day
2025-04-02 02:46:37 | INFO     | evolution.hyperparameter_tuner:evolve_all_models:643 - Tiến hóa mô hình PLTR - monthly
2025-04-02 02:46:37 | ERROR    | evolution.hyperparameter_tuner:evolve_model:589 - Lỗi khi tiến hóa mô hình PLTR - monthly: With n_samples=1, test_size=0.2 and train_size=None, the resulting train set will be empty. Adjust any of the aforementioned parameters.
2025-04-02 02:46:37 | ERROR    | evolution.hyperparameter_tuner:evolve_model:590 - Traceback (most recent call last):
  File "/home/trietvo/BondZiA/evolution/hyperparameter_tuner.py", line 579, in evolve_model
    result = tuner.tune(data)
  File "/home/trietvo/BondZiA/evolution/hyperparameter_tuner.py", line 398, in tune
    X_train, X_test, y_train, y_test, feature_scaler, price_scaler = self._prepare_data(data, features)
  File "/home/trietvo/BondZiA/evolution/hyperparameter_tuner.py", line 126, in _prepare_data
    X_train, X_test, y_train, y_test = train_test_split(X, y, test_size=0.2, shuffle=False)
  File "/home/trietvo/miniconda3/envs/tf_gpu/lib/python3.9/site-packages/sklearn/utils/_param_validation.py", line 211, in wrapper
    return func(*args, **kwargs)
  File "/home/trietvo/miniconda3/envs/tf_gpu/lib/python3.9/site-packages/sklearn/model_selection/_split.py", line 2617, in train_test_split
    n_train, n_test = _validate_shuffle_split(
  File "/home/trietvo/miniconda3/envs/tf_gpu/lib/python3.9/site-packages/sklearn/model_selection/_split.py", line 2273, in _validate_shuffle_split
    raise ValueError(
ValueError: With n_samples=1, test_size=0.2 and train_size=None, the resulting train set will be empty. Adjust any of the aforementioned parameters.

2025-04-02 02:46:37 | INFO     | evolution.hyperparameter_tuner:evolve_all_models:643 - Tiến hóa mô hình AMZN - intraday
2025-04-02 03:14:42 | INFO     | evolution.hyperparameter_tuner:evolve_model:583 - Thành công: Tiến hóa mô hình AMZN - intraday
2025-04-02 03:14:42 | INFO     | evolution.hyperparameter_tuner:evolve_all_models:643 - Tiến hóa mô hình AMZN - five_day
2025-04-02 03:18:09 | INFO     | evolution.hyperparameter_tuner:evolve_model:583 - Thành công: Tiến hóa mô hình AMZN - five_day
2025-04-02 03:18:09 | INFO     | evolution.hyperparameter_tuner:evolve_all_models:643 - Tiến hóa mô hình AMZN - monthly
2025-04-02 03:18:09 | ERROR    | evolution.hyperparameter_tuner:evolve_model:589 - Lỗi khi tiến hóa mô hình AMZN - monthly: With n_samples=1, test_size=0.2 and train_size=None, the resulting train set will be empty. Adjust any of the aforementioned parameters.
2025-04-02 03:18:09 | ERROR    | evolution.hyperparameter_tuner:evolve_model:590 - Traceback (most recent call last):
  File "/home/trietvo/BondZiA/evolution/hyperparameter_tuner.py", line 579, in evolve_model
    result = tuner.tune(data)
  File "/home/trietvo/BondZiA/evolution/hyperparameter_tuner.py", line 398, in tune
    X_train, X_test, y_train, y_test, feature_scaler, price_scaler = self._prepare_data(data, features)
  File "/home/trietvo/BondZiA/evolution/hyperparameter_tuner.py", line 126, in _prepare_data
    X_train, X_test, y_train, y_test = train_test_split(X, y, test_size=0.2, shuffle=False)
  File "/home/trietvo/miniconda3/envs/tf_gpu/lib/python3.9/site-packages/sklearn/utils/_param_validation.py", line 211, in wrapper
    return func(*args, **kwargs)
  File "/home/trietvo/miniconda3/envs/tf_gpu/lib/python3.9/site-packages/sklearn/model_selection/_split.py", line 2617, in train_test_split
    n_train, n_test = _validate_shuffle_split(
  File "/home/trietvo/miniconda3/envs/tf_gpu/lib/python3.9/site-packages/sklearn/model_selection/_split.py", line 2273, in _validate_shuffle_split
    raise ValueError(
ValueError: With n_samples=1, test_size=0.2 and train_size=None, the resulting train set will be empty. Adjust any of the aforementioned parameters.

2025-04-02 03:18:09 | INFO     | evolution.hyperparameter_tuner:evolve_all_models:643 - Tiến hóa mô hình MSFT - intraday
2025-04-02 04:11:49 | INFO     | evolution.hyperparameter_tuner:evolve_model:583 - Thành công: Tiến hóa mô hình MSFT - intraday
2025-04-02 04:11:49 | INFO     | evolution.hyperparameter_tuner:evolve_all_models:643 - Tiến hóa mô hình MSFT - five_day
2025-04-02 04:15:12 | INFO     | evolution.hyperparameter_tuner:evolve_model:583 - Thành công: Tiến hóa mô hình MSFT - five_day
2025-04-02 04:15:12 | INFO     | evolution.hyperparameter_tuner:evolve_all_models:643 - Tiến hóa mô hình MSFT - monthly
2025-04-02 04:15:12 | ERROR    | evolution.hyperparameter_tuner:evolve_model:589 - Lỗi khi tiến hóa mô hình MSFT - monthly: With n_samples=1, test_size=0.2 and train_size=None, the resulting train set will be empty. Adjust any of the aforementioned parameters.
2025-04-02 04:15:12 | ERROR    | evolution.hyperparameter_tuner:evolve_model:590 - Traceback (most recent call last):
  File "/home/trietvo/BondZiA/evolution/hyperparameter_tuner.py", line 579, in evolve_model
    result = tuner.tune(data)
  File "/home/trietvo/BondZiA/evolution/hyperparameter_tuner.py", line 398, in tune
    X_train, X_test, y_train, y_test, feature_scaler, price_scaler = self._prepare_data(data, features)
  File "/home/trietvo/BondZiA/evolution/hyperparameter_tuner.py", line 126, in _prepare_data
    X_train, X_test, y_train, y_test = train_test_split(X, y, test_size=0.2, shuffle=False)
  File "/home/trietvo/miniconda3/envs/tf_gpu/lib/python3.9/site-packages/sklearn/utils/_param_validation.py", line 211, in wrapper
    return func(*args, **kwargs)
  File "/home/trietvo/miniconda3/envs/tf_gpu/lib/python3.9/site-packages/sklearn/model_selection/_split.py", line 2617, in train_test_split
    n_train, n_test = _validate_shuffle_split(
  File "/home/trietvo/miniconda3/envs/tf_gpu/lib/python3.9/site-packages/sklearn/model_selection/_split.py", line 2273, in _validate_shuffle_split
    raise ValueError(
ValueError: With n_samples=1, test_size=0.2 and train_size=None, the resulting train set will be empty. Adjust any of the aforementioned parameters.

2025-04-02 04:15:12 | INFO     | evolution.hyperparameter_tuner:_save_evolution_results:727 - Đã lưu kết quả tiến hóa vào /home/trietvo/BondZiA/evolution/results/evolution_results_20250402_041512.json
2025-04-02 04:15:12 | INFO     | evolution.hyperparameter_tuner:evolve_all_models:664 - Hoàn thành tiến hóa 10/15 mô hình
2025-04-02 04:15:12 | INFO     | evolution.hyperparameter_tuner:evolve_all_models:666 - Thời gian tiến hóa: 16785.269251 giây
2025-04-02 04:15:12 | INFO     | __main__:_save_evolution_status:889 - Đã lưu trạng thái tiến hóa: {'last_evolution_time': '2025-04-02T04:15:12.263765', 'version': '1.0.8'}
2025-04-02 04:15:12 | INFO     | __main__:_evolve_models:853 - Hoàn thành tiến hóa mô hình. Phiên bản mới: 1.0.10
2025-04-02 04:15:21 | INFO     | __main__:_run_predictions:626 - Mô hình monthly cho TSLA không tồn tại, bắt đầu huấn luyện...
2025-04-02 04:15:35 | INFO     | models.base_predictor:train:289 - Đã huấn luyện và lưu mô hình TSLA - monthly
