2025-04-01 13:45:06 | INFO     | models.base_predictor:__init__:62 - Sử dụng cấu hình prediction cho intraday: {'lookback_window': 60, 'update_interval': 15, 'features': ['open', 'high', 'low', 'close', 'volume', 'rsi_14', 'macd', 'sma_20', 'ema_9']}
2025-04-01 13:45:06 | INFO     | models.base_predictor:__init__:62 - Sử dụng cấu hình prediction cho five_day: {'lookback_window': 30, 'update_interval': 1440, 'features': ['open', 'high', 'low', 'close', 'volume', 'rsi_14', 'macd', 'sma_20', 'ema_9']}
2025-04-01 13:45:06 | INFO     | models.base_predictor:__init__:62 - Sử dụng cấu hình prediction cho monthly: {'lookback_window': 90, 'update_interval': 1440, 'features': ['open', 'high', 'low', 'close', 'volume', 'rsi_14', 'macd', 'sma_20', 'ema_9']}
2025-04-01 13:45:06 | INFO     | models.base_predictor:__init__:62 - Sử dụng cấu hình prediction cho intraday: {'lookback_window': 60, 'update_interval': 15, 'features': ['open', 'high', 'low', 'close', 'volume', 'rsi_14', 'macd', 'sma_20', 'ema_9']}
2025-04-01 13:45:06 | INFO     | models.base_predictor:__init__:62 - Sử dụng cấu hình prediction cho five_day: {'lookback_window': 30, 'update_interval': 1440, 'features': ['open', 'high', 'low', 'close', 'volume', 'rsi_14', 'macd', 'sma_20', 'ema_9']}
2025-04-01 13:45:06 | INFO     | models.base_predictor:__init__:62 - Sử dụng cấu hình prediction cho monthly: {'lookback_window': 90, 'update_interval': 1440, 'features': ['open', 'high', 'low', 'close', 'volume', 'rsi_14', 'macd', 'sma_20', 'ema_9']}
2025-04-01 13:45:06 | INFO     | models.base_predictor:__init__:62 - Sử dụng cấu hình prediction cho intraday: {'lookback_window': 60, 'update_interval': 15, 'features': ['open', 'high', 'low', 'close', 'volume', 'rsi_14', 'macd', 'sma_20', 'ema_9']}
2025-04-01 13:45:06 | INFO     | models.base_predictor:__init__:62 - Sử dụng cấu hình prediction cho five_day: {'lookback_window': 30, 'update_interval': 1440, 'features': ['open', 'high', 'low', 'close', 'volume', 'rsi_14', 'macd', 'sma_20', 'ema_9']}
2025-04-01 13:45:06 | INFO     | models.base_predictor:__init__:62 - Sử dụng cấu hình prediction cho monthly: {'lookback_window': 90, 'update_interval': 1440, 'features': ['open', 'high', 'low', 'close', 'volume', 'rsi_14', 'macd', 'sma_20', 'ema_9']}
2025-04-01 13:45:06 | INFO     | models.base_predictor:__init__:62 - Sử dụng cấu hình prediction cho intraday: {'lookback_window': 60, 'update_interval': 15, 'features': ['open', 'high', 'low', 'close', 'volume', 'rsi_14', 'macd', 'sma_20', 'ema_9']}
2025-04-01 13:45:06 | INFO     | models.base_predictor:__init__:62 - Sử dụng cấu hình prediction cho five_day: {'lookback_window': 30, 'update_interval': 1440, 'features': ['open', 'high', 'low', 'close', 'volume', 'rsi_14', 'macd', 'sma_20', 'ema_9']}
2025-04-01 13:45:06 | INFO     | models.base_predictor:__init__:62 - Sử dụng cấu hình prediction cho monthly: {'lookback_window': 90, 'update_interval': 1440, 'features': ['open', 'high', 'low', 'close', 'volume', 'rsi_14', 'macd', 'sma_20', 'ema_9']}
2025-04-01 13:45:06 | INFO     | models.base_predictor:__init__:62 - Sử dụng cấu hình prediction cho intraday: {'lookback_window': 60, 'update_interval': 15, 'features': ['open', 'high', 'low', 'close', 'volume', 'rsi_14', 'macd', 'sma_20', 'ema_9']}
2025-04-01 13:45:06 | INFO     | models.base_predictor:__init__:62 - Sử dụng cấu hình prediction cho five_day: {'lookback_window': 30, 'update_interval': 1440, 'features': ['open', 'high', 'low', 'close', 'volume', 'rsi_14', 'macd', 'sma_20', 'ema_9']}
2025-04-01 13:45:06 | INFO     | models.base_predictor:__init__:62 - Sử dụng cấu hình prediction cho monthly: {'lookback_window': 90, 'update_interval': 1440, 'features': ['open', 'high', 'low', 'close', 'volume', 'rsi_14', 'macd', 'sma_20', 'ema_9']}
2025-04-01 13:45:07 | INFO     | models.base_predictor:__init__:62 - Sử dụng cấu hình prediction cho monthly: {'lookback_window': 90, 'update_interval': 1440, 'features': ['open', 'high', 'low', 'close', 'volume', 'rsi_14', 'macd', 'sma_20', 'ema_9']}
2025-04-01 13:45:08 | INFO     | models.base_predictor:__init__:62 - Sử dụng cấu hình prediction cho monthly: {'lookback_window': 90, 'update_interval': 1440, 'features': ['open', 'high', 'low', 'close', 'volume', 'rsi_14', 'macd', 'sma_20', 'ema_9']}
2025-04-01 13:45:08 | INFO     | models.base_predictor:__init__:62 - Sử dụng cấu hình prediction cho monthly: {'lookback_window': 90, 'update_interval': 1440, 'features': ['open', 'high', 'low', 'close', 'volume', 'rsi_14', 'macd', 'sma_20', 'ema_9']}
2025-04-01 13:45:09 | INFO     | models.base_predictor:__init__:62 - Sử dụng cấu hình prediction cho monthly: {'lookback_window': 90, 'update_interval': 1440, 'features': ['open', 'high', 'low', 'close', 'volume', 'rsi_14', 'macd', 'sma_20', 'ema_9']}
2025-04-01 13:45:09 | INFO     | models.base_predictor:__init__:62 - Sử dụng cấu hình prediction cho monthly: {'lookback_window': 90, 'update_interval': 1440, 'features': ['open', 'high', 'low', 'close', 'volume', 'rsi_14', 'macd', 'sma_20', 'ema_9']}
2025-04-01 13:45:10 | INFO     | __main__:_run_predictions:547 - Bắt đầu dự đoán giá cổ phiếu...
2025-04-01 13:45:10 | INFO     | models.base_predictor:__init__:62 - Sử dụng cấu hình prediction cho intraday: {'lookback_window': 60, 'update_interval': 15, 'features': ['open', 'high', 'low', 'close', 'volume', 'rsi_14', 'macd', 'sma_20', 'ema_9']}
2025-04-01 13:45:11 | INFO     | models.base_predictor:predict:468 - Dự đoán TSLA - intraday: up (12.1%) - Giá: 260.94
2025-04-01 13:45:11 | INFO     | models.base_predictor:__init__:62 - Sử dụng cấu hình prediction cho five_day: {'lookback_window': 30, 'update_interval': 1440, 'features': ['open', 'high', 'low', 'close', 'volume', 'rsi_14', 'macd', 'sma_20', 'ema_9']}
2025-04-01 13:45:13 | INFO     | models.base_predictor:predict:468 - Dự đoán TSLA - five_day: down (68.1%) - Giá: 236.82
2025-04-01 13:45:13 | INFO     | models.base_predictor:__init__:62 - Sử dụng cấu hình prediction cho monthly: {'lookback_window': 90, 'update_interval': 1440, 'features': ['open', 'high', 'low', 'close', 'volume', 'rsi_14', 'macd', 'sma_20', 'ema_9']}
2025-04-01 13:45:14 | INFO     | utils.visualization:create_price_prediction_chart:248 - Đã lưu biểu đồ dự đoán TSLA tại /home/trietvo/BondZiA/charts/TSLA_prediction_20250401_134513.png
2025-04-01 13:45:15 | INFO     | utils.discord_notifier:send_prediction_message:258 - Đã gửi thông báo dự đoán cho: ['TSLA']
2025-04-01 13:45:16 | INFO     | __main__:_run_predictions:668 - Đã dự đoán giá cho 1 cổ phiếu
2025-04-01 13:50:02 | INFO     | __main__:_run_predictions:547 - Bắt đầu dự đoán giá cổ phiếu...
2025-04-01 13:50:03 | INFO     | __main__:_run_predictions:668 - Đã dự đoán giá cho 0 cổ phiếu
2025-04-01 13:55:03 | INFO     | __main__:_run_predictions:547 - Bắt đầu dự đoán giá cổ phiếu...
2025-04-01 13:55:05 | INFO     | __main__:_run_predictions:668 - Đã dự đoán giá cho 0 cổ phiếu
2025-04-01 14:00:35 | INFO     | __main__:_run_predictions:547 - Bắt đầu dự đoán giá cổ phiếu...
2025-04-01 14:01:07 | INFO     | models.base_predictor:__init__:62 - Sử dụng cấu hình prediction cho intraday: {'lookback_window': 60, 'update_interval': 15, 'features': ['open', 'high', 'low', 'close', 'volume', 'rsi_14', 'macd', 'sma_20', 'ema_9']}
2025-04-01 14:01:07 | INFO     | models.base_predictor:predict:468 - Dự đoán TSLA - intraday: up (12.1%) - Giá: 260.94
2025-04-01 14:01:08 | INFO     | utils.visualization:create_price_prediction_chart:248 - Đã lưu biểu đồ dự đoán TSLA tại /home/trietvo/BondZiA/charts/TSLA_prediction_20250401_140107.png
2025-04-01 14:01:08 | INFO     | utils.discord_notifier:send_prediction_message:258 - Đã gửi thông báo dự đoán cho: ['TSLA']
2025-04-01 14:01:09 | INFO     | __main__:_run_predictions:668 - Đã dự đoán giá cho 1 cổ phiếu
2025-04-01 14:06:10 | INFO     | __main__:_run_predictions:547 - Bắt đầu dự đoán giá cổ phiếu...
2025-04-01 14:06:41 | INFO     | __main__:_run_predictions:668 - Đã dự đoán giá cho 0 cổ phiếu
2025-04-01 14:11:41 | INFO     | __main__:_run_predictions:547 - Bắt đầu dự đoán giá cổ phiếu...
2025-04-01 14:11:43 | INFO     | __main__:_run_predictions:668 - Đã dự đoán giá cho 0 cổ phiếu
2025-04-01 14:16:44 | INFO     | __main__:_run_predictions:547 - Bắt đầu dự đoán giá cổ phiếu...
2025-04-01 14:16:47 | INFO     | models.base_predictor:__init__:62 - Sử dụng cấu hình prediction cho intraday: {'lookback_window': 60, 'update_interval': 15, 'features': ['open', 'high', 'low', 'close', 'volume', 'rsi_14', 'macd', 'sma_20', 'ema_9']}
2025-04-01 14:16:47 | INFO     | models.base_predictor:predict:468 - Dự đoán TSLA - intraday: up (12.1%) - Giá: 260.94
2025-04-01 14:16:48 | INFO     | utils.visualization:create_price_prediction_chart:248 - Đã lưu biểu đồ dự đoán TSLA tại /home/trietvo/BondZiA/charts/TSLA_prediction_20250401_141647.png
2025-04-01 14:16:48 | INFO     | utils.discord_notifier:send_prediction_message:258 - Đã gửi thông báo dự đoán cho: ['TSLA']
2025-04-01 14:16:49 | INFO     | __main__:_run_predictions:668 - Đã dự đoán giá cho 1 cổ phiếu
2025-04-01 14:21:50 | INFO     | __main__:_run_predictions:547 - Bắt đầu dự đoán giá cổ phiếu...
2025-04-01 14:21:51 | INFO     | __main__:_run_predictions:668 - Đã dự đoán giá cho 0 cổ phiếu
2025-04-01 14:26:51 | INFO     | __main__:_run_predictions:547 - Bắt đầu dự đoán giá cổ phiếu...
2025-04-01 14:26:53 | INFO     | __main__:_run_predictions:668 - Đã dự đoán giá cho 0 cổ phiếu
2025-04-01 14:31:53 | INFO     | __main__:_run_predictions:547 - Bắt đầu dự đoán giá cổ phiếu...
2025-04-01 14:31:56 | INFO     | models.base_predictor:__init__:62 - Sử dụng cấu hình prediction cho intraday: {'lookback_window': 60, 'update_interval': 15, 'features': ['open', 'high', 'low', 'close', 'volume', 'rsi_14', 'macd', 'sma_20', 'ema_9']}
2025-04-01 14:31:57 | INFO     | models.base_predictor:predict:468 - Dự đoán TSLA - intraday: up (12.1%) - Giá: 260.94
2025-04-01 14:31:57 | INFO     | utils.visualization:create_price_prediction_chart:248 - Đã lưu biểu đồ dự đoán TSLA tại /home/trietvo/BondZiA/charts/TSLA_prediction_20250401_143157.png
2025-04-01 14:31:58 | INFO     | utils.discord_notifier:send_prediction_message:258 - Đã gửi thông báo dự đoán cho: ['TSLA']
2025-04-01 14:31:59 | INFO     | __main__:_run_predictions:668 - Đã dự đoán giá cho 1 cổ phiếu
2025-04-01 14:36:59 | INFO     | __main__:_run_predictions:547 - Bắt đầu dự đoán giá cổ phiếu...
2025-04-01 14:37:00 | INFO     | __main__:_run_predictions:668 - Đã dự đoán giá cho 0 cổ phiếu
2025-04-01 14:42:00 | INFO     | __main__:_run_predictions:547 - Bắt đầu dự đoán giá cổ phiếu...
2025-04-01 14:42:02 | INFO     | __main__:_run_predictions:668 - Đã dự đoán giá cho 0 cổ phiếu
2025-04-01 14:47:02 | INFO     | __main__:_run_predictions:547 - Bắt đầu dự đoán giá cổ phiếu...
2025-04-01 14:47:05 | INFO     | models.base_predictor:__init__:62 - Sử dụng cấu hình prediction cho intraday: {'lookback_window': 60, 'update_interval': 15, 'features': ['open', 'high', 'low', 'close', 'volume', 'rsi_14', 'macd', 'sma_20', 'ema_9']}
2025-04-01 14:47:05 | INFO     | models.base_predictor:predict:468 - Dự đoán TSLA - intraday: up (12.1%) - Giá: 260.94
2025-04-01 14:47:05 | INFO     | utils.visualization:create_price_prediction_chart:248 - Đã lưu biểu đồ dự đoán TSLA tại /home/trietvo/BondZiA/charts/TSLA_prediction_20250401_144705.png
2025-04-01 14:47:06 | INFO     | utils.discord_notifier:send_prediction_message:258 - Đã gửi thông báo dự đoán cho: ['TSLA']
2025-04-01 14:47:07 | INFO     | __main__:_run_predictions:668 - Đã dự đoán giá cho 1 cổ phiếu
2025-04-01 14:52:07 | INFO     | __main__:_run_predictions:547 - Bắt đầu dự đoán giá cổ phiếu...
2025-04-01 14:52:08 | INFO     | __main__:_run_predictions:668 - Đã dự đoán giá cho 0 cổ phiếu
2025-04-01 14:57:09 | INFO     | __main__:_run_predictions:547 - Bắt đầu dự đoán giá cổ phiếu...
2025-04-01 14:57:10 | INFO     | __main__:_run_predictions:668 - Đã dự đoán giá cho 0 cổ phiếu
2025-04-01 15:02:10 | INFO     | __main__:_run_predictions:547 - Bắt đầu dự đoán giá cổ phiếu...
2025-04-01 15:02:13 | INFO     | models.base_predictor:__init__:62 - Sử dụng cấu hình prediction cho intraday: {'lookback_window': 60, 'update_interval': 15, 'features': ['open', 'high', 'low', 'close', 'volume', 'rsi_14', 'macd', 'sma_20', 'ema_9']}
2025-04-01 15:02:13 | INFO     | models.base_predictor:predict:468 - Dự đoán TSLA - intraday: up (12.1%) - Giá: 260.94
2025-04-01 15:02:13 | INFO     | utils.visualization:create_price_prediction_chart:248 - Đã lưu biểu đồ dự đoán TSLA tại /home/trietvo/BondZiA/charts/TSLA_prediction_20250401_150213.png
2025-04-01 15:02:14 | INFO     | utils.discord_notifier:send_prediction_message:258 - Đã gửi thông báo dự đoán cho: ['TSLA']
2025-04-01 15:02:15 | INFO     | __main__:_run_predictions:668 - Đã dự đoán giá cho 1 cổ phiếu
2025-04-01 15:07:15 | INFO     | __main__:_run_predictions:547 - Bắt đầu dự đoán giá cổ phiếu...
2025-04-01 15:07:16 | INFO     | __main__:_run_predictions:668 - Đã dự đoán giá cho 0 cổ phiếu
2025-04-01 15:12:17 | INFO     | __main__:_run_predictions:547 - Bắt đầu dự đoán giá cổ phiếu...
2025-04-01 15:12:18 | INFO     | __main__:_run_predictions:668 - Đã dự đoán giá cho 0 cổ phiếu
2025-04-01 15:17:18 | INFO     | __main__:_run_predictions:547 - Bắt đầu dự đoán giá cổ phiếu...
2025-04-01 15:17:21 | INFO     | models.base_predictor:__init__:62 - Sử dụng cấu hình prediction cho intraday: {'lookback_window': 60, 'update_interval': 15, 'features': ['open', 'high', 'low', 'close', 'volume', 'rsi_14', 'macd', 'sma_20', 'ema_9']}
2025-04-01 15:17:22 | INFO     | models.base_predictor:predict:468 - Dự đoán TSLA - intraday: up (12.1%) - Giá: 260.94
2025-04-01 15:17:22 | INFO     | utils.visualization:create_price_prediction_chart:248 - Đã lưu biểu đồ dự đoán TSLA tại /home/trietvo/BondZiA/charts/TSLA_prediction_20250401_151722.png
2025-04-01 15:17:23 | INFO     | utils.discord_notifier:send_prediction_message:258 - Đã gửi thông báo dự đoán cho: ['TSLA']
2025-04-01 15:17:24 | INFO     | __main__:_run_predictions:668 - Đã dự đoán giá cho 1 cổ phiếu
2025-04-01 15:22:24 | INFO     | __main__:_run_predictions:547 - Bắt đầu dự đoán giá cổ phiếu...
2025-04-01 15:22:25 | INFO     | __main__:_run_predictions:668 - Đã dự đoán giá cho 0 cổ phiếu
2025-04-01 15:27:25 | INFO     | __main__:_run_predictions:547 - Bắt đầu dự đoán giá cổ phiếu...
2025-04-01 15:27:26 | INFO     | __main__:_run_predictions:668 - Đã dự đoán giá cho 0 cổ phiếu
2025-04-01 15:32:27 | INFO     | __main__:_run_predictions:547 - Bắt đầu dự đoán giá cổ phiếu...
2025-04-01 15:32:30 | INFO     | models.base_predictor:__init__:62 - Sử dụng cấu hình prediction cho intraday: {'lookback_window': 60, 'update_interval': 15, 'features': ['open', 'high', 'low', 'close', 'volume', 'rsi_14', 'macd', 'sma_20', 'ema_9']}
2025-04-01 15:32:30 | INFO     | models.base_predictor:predict:468 - Dự đoán TSLA - intraday: up (12.1%) - Giá: 260.94
2025-04-01 15:32:31 | INFO     | utils.visualization:create_price_prediction_chart:248 - Đã lưu biểu đồ dự đoán TSLA tại /home/trietvo/BondZiA/charts/TSLA_prediction_20250401_153231.png
2025-04-01 15:32:31 | INFO     | utils.discord_notifier:send_prediction_message:258 - Đã gửi thông báo dự đoán cho: ['TSLA']
2025-04-01 15:32:32 | INFO     | __main__:_run_predictions:668 - Đã dự đoán giá cho 1 cổ phiếu
2025-04-01 15:37:33 | INFO     | __main__:_run_predictions:547 - Bắt đầu dự đoán giá cổ phiếu...
2025-04-01 15:37:34 | INFO     | __main__:_run_predictions:668 - Đã dự đoán giá cho 0 cổ phiếu
2025-04-01 15:42:35 | INFO     | __main__:_run_predictions:547 - Bắt đầu dự đoán giá cổ phiếu...
2025-04-01 15:42:36 | INFO     | __main__:_run_predictions:668 - Đã dự đoán giá cho 0 cổ phiếu
2025-04-01 15:47:36 | INFO     | __main__:_run_predictions:547 - Bắt đầu dự đoán giá cổ phiếu...
2025-04-01 15:47:39 | INFO     | models.base_predictor:__init__:62 - Sử dụng cấu hình prediction cho intraday: {'lookback_window': 60, 'update_interval': 15, 'features': ['open', 'high', 'low', 'close', 'volume', 'rsi_14', 'macd', 'sma_20', 'ema_9']}
2025-04-01 15:47:39 | INFO     | models.base_predictor:predict:468 - Dự đoán TSLA - intraday: up (12.1%) - Giá: 260.94
2025-04-01 15:47:40 | INFO     | utils.visualization:create_price_prediction_chart:248 - Đã lưu biểu đồ dự đoán TSLA tại /home/trietvo/BondZiA/charts/TSLA_prediction_20250401_154739.png
2025-04-01 15:47:40 | INFO     | utils.discord_notifier:send_prediction_message:258 - Đã gửi thông báo dự đoán cho: ['TSLA']
2025-04-01 15:47:41 | INFO     | __main__:_run_predictions:668 - Đã dự đoán giá cho 1 cổ phiếu
2025-04-01 15:52:42 | INFO     | __main__:_run_predictions:547 - Bắt đầu dự đoán giá cổ phiếu...
2025-04-01 15:52:43 | INFO     | __main__:_run_predictions:668 - Đã dự đoán giá cho 0 cổ phiếu
2025-04-01 15:57:43 | INFO     | __main__:_run_predictions:547 - Bắt đầu dự đoán giá cổ phiếu...
2025-04-01 15:57:44 | INFO     | __main__:_run_predictions:668 - Đã dự đoán giá cho 0 cổ phiếu
2025-04-01 16:02:44 | INFO     | __main__:_check_and_predict:527 - Không trong giờ giao dịch, bỏ qua dự đoán
2025-04-01 16:07:45 | INFO     | __main__:_check_and_predict:527 - Không trong giờ giao dịch, bỏ qua dự đoán
2025-04-01 16:12:45 | INFO     | __main__:_check_and_predict:527 - Không trong giờ giao dịch, bỏ qua dự đoán
2025-04-01 16:17:46 | INFO     | __main__:_check_and_predict:527 - Không trong giờ giao dịch, bỏ qua dự đoán
2025-04-01 16:22:46 | INFO     | __main__:_check_and_predict:527 - Không trong giờ giao dịch, bỏ qua dự đoán
2025-04-01 16:27:46 | INFO     | __main__:_check_and_predict:527 - Không trong giờ giao dịch, bỏ qua dự đoán
2025-04-01 16:32:47 | INFO     | __main__:_check_and_predict:527 - Không trong giờ giao dịch, bỏ qua dự đoán
2025-04-01 16:37:47 | INFO     | __main__:_check_and_predict:527 - Không trong giờ giao dịch, bỏ qua dự đoán
2025-04-01 16:42:47 | INFO     | __main__:_check_and_predict:527 - Không trong giờ giao dịch, bỏ qua dự đoán
2025-04-01 16:47:47 | INFO     | __main__:_check_and_predict:527 - Không trong giờ giao dịch, bỏ qua dự đoán
2025-04-01 16:52:48 | INFO     | __main__:_check_and_predict:527 - Không trong giờ giao dịch, bỏ qua dự đoán
2025-04-01 16:57:48 | INFO     | __main__:_check_and_predict:527 - Không trong giờ giao dịch, bỏ qua dự đoán
2025-04-01 17:02:49 | INFO     | __main__:_check_and_predict:527 - Không trong giờ giao dịch, bỏ qua dự đoán
2025-04-01 17:07:49 | INFO     | __main__:_check_and_predict:527 - Không trong giờ giao dịch, bỏ qua dự đoán
2025-04-01 17:12:49 | INFO     | __main__:_check_and_predict:527 - Không trong giờ giao dịch, bỏ qua dự đoán
2025-04-01 17:17:50 | INFO     | __main__:_check_and_predict:527 - Không trong giờ giao dịch, bỏ qua dự đoán
2025-04-01 17:22:50 | INFO     | __main__:_check_and_predict:527 - Không trong giờ giao dịch, bỏ qua dự đoán
2025-04-01 17:25:12 | INFO     | models.base_predictor:__init__:62 - Sử dụng cấu hình prediction cho intraday: {'lookback_window': 60, 'update_interval': 15, 'features': ['open', 'high', 'low', 'close', 'volume', 'rsi_14', 'macd', 'sma_20', 'ema_9']}
2025-04-01 17:25:12 | INFO     | models.base_predictor:__init__:62 - Sử dụng cấu hình prediction cho five_day: {'lookback_window': 30, 'update_interval': 1440, 'features': ['open', 'high', 'low', 'close', 'volume', 'rsi_14', 'macd', 'sma_20', 'ema_9']}
2025-04-01 17:25:12 | INFO     | models.base_predictor:__init__:62 - Sử dụng cấu hình prediction cho monthly: {'lookback_window': 90, 'update_interval': 1440, 'features': ['open', 'high', 'low', 'close', 'volume', 'rsi_14', 'macd', 'sma_20', 'ema_9']}
2025-04-01 17:25:12 | INFO     | models.base_predictor:__init__:62 - Sử dụng cấu hình prediction cho intraday: {'lookback_window': 60, 'update_interval': 15, 'features': ['open', 'high', 'low', 'close', 'volume', 'rsi_14', 'macd', 'sma_20', 'ema_9']}
2025-04-01 17:25:12 | INFO     | models.base_predictor:__init__:62 - Sử dụng cấu hình prediction cho five_day: {'lookback_window': 30, 'update_interval': 1440, 'features': ['open', 'high', 'low', 'close', 'volume', 'rsi_14', 'macd', 'sma_20', 'ema_9']}
2025-04-01 17:25:12 | INFO     | models.base_predictor:__init__:62 - Sử dụng cấu hình prediction cho monthly: {'lookback_window': 90, 'update_interval': 1440, 'features': ['open', 'high', 'low', 'close', 'volume', 'rsi_14', 'macd', 'sma_20', 'ema_9']}
2025-04-01 17:25:12 | INFO     | models.base_predictor:__init__:62 - Sử dụng cấu hình prediction cho intraday: {'lookback_window': 60, 'update_interval': 15, 'features': ['open', 'high', 'low', 'close', 'volume', 'rsi_14', 'macd', 'sma_20', 'ema_9']}
2025-04-01 17:25:12 | INFO     | models.base_predictor:__init__:62 - Sử dụng cấu hình prediction cho five_day: {'lookback_window': 30, 'update_interval': 1440, 'features': ['open', 'high', 'low', 'close', 'volume', 'rsi_14', 'macd', 'sma_20', 'ema_9']}
2025-04-01 17:25:12 | INFO     | models.base_predictor:__init__:62 - Sử dụng cấu hình prediction cho monthly: {'lookback_window': 90, 'update_interval': 1440, 'features': ['open', 'high', 'low', 'close', 'volume', 'rsi_14', 'macd', 'sma_20', 'ema_9']}
2025-04-01 17:25:12 | INFO     | models.base_predictor:__init__:62 - Sử dụng cấu hình prediction cho intraday: {'lookback_window': 60, 'update_interval': 15, 'features': ['open', 'high', 'low', 'close', 'volume', 'rsi_14', 'macd', 'sma_20', 'ema_9']}
2025-04-01 17:25:12 | INFO     | models.base_predictor:__init__:62 - Sử dụng cấu hình prediction cho five_day: {'lookback_window': 30, 'update_interval': 1440, 'features': ['open', 'high', 'low', 'close', 'volume', 'rsi_14', 'macd', 'sma_20', 'ema_9']}
2025-04-01 17:25:12 | INFO     | models.base_predictor:__init__:62 - Sử dụng cấu hình prediction cho monthly: {'lookback_window': 90, 'update_interval': 1440, 'features': ['open', 'high', 'low', 'close', 'volume', 'rsi_14', 'macd', 'sma_20', 'ema_9']}
2025-04-01 17:25:13 | INFO     | models.base_predictor:__init__:62 - Sử dụng cấu hình prediction cho monthly: {'lookback_window': 90, 'update_interval': 1440, 'features': ['open', 'high', 'low', 'close', 'volume', 'rsi_14', 'macd', 'sma_20', 'ema_9']}
2025-04-01 17:25:14 | INFO     | models.base_predictor:__init__:62 - Sử dụng cấu hình prediction cho monthly: {'lookback_window': 90, 'update_interval': 1440, 'features': ['open', 'high', 'low', 'close', 'volume', 'rsi_14', 'macd', 'sma_20', 'ema_9']}
2025-04-01 17:25:14 | INFO     | models.base_predictor:__init__:62 - Sử dụng cấu hình prediction cho monthly: {'lookback_window': 90, 'update_interval': 1440, 'features': ['open', 'high', 'low', 'close', 'volume', 'rsi_14', 'macd', 'sma_20', 'ema_9']}
2025-04-01 17:25:16 | INFO     | models.base_predictor:__init__:62 - Sử dụng cấu hình prediction cho monthly: {'lookback_window': 90, 'update_interval': 1440, 'features': ['open', 'high', 'low', 'close', 'volume', 'rsi_14', 'macd', 'sma_20', 'ema_9']}
2025-04-01 17:30:08 | INFO     | __main__:_check_and_predict:527 - Không trong giờ giao dịch, bỏ qua dự đoán
2025-04-01 17:35:09 | INFO     | __main__:_check_and_predict:527 - Không trong giờ giao dịch, bỏ qua dự đoán
2025-04-01 17:40:10 | INFO     | __main__:_check_and_predict:527 - Không trong giờ giao dịch, bỏ qua dự đoán
2025-04-01 17:45:10 | INFO     | __main__:_check_and_predict:527 - Không trong giờ giao dịch, bỏ qua dự đoán
2025-04-01 17:50:11 | INFO     | __main__:_check_and_predict:527 - Không trong giờ giao dịch, bỏ qua dự đoán
2025-04-01 17:55:13 | INFO     | __main__:_check_and_predict:527 - Không trong giờ giao dịch, bỏ qua dự đoán
2025-04-01 18:00:13 | INFO     | __main__:_check_and_predict:527 - Không trong giờ giao dịch, bỏ qua dự đoán
2025-04-01 18:05:13 | INFO     | __main__:_check_and_predict:527 - Không trong giờ giao dịch, bỏ qua dự đoán
2025-04-01 18:10:16 | INFO     | __main__:_check_and_predict:527 - Không trong giờ giao dịch, bỏ qua dự đoán
2025-04-01 18:30:23 | INFO     | models.base_predictor:__init__:62 - Sử dụng cấu hình prediction cho intraday: {'lookback_window': 60, 'update_interval': 15, 'features': ['open', 'high', 'low', 'close', 'volume', 'rsi_14', 'macd', 'sma_20', 'ema_9']}
2025-04-01 18:30:23 | INFO     | models.base_predictor:__init__:62 - Sử dụng cấu hình prediction cho five_day: {'lookback_window': 30, 'update_interval': 1440, 'features': ['open', 'high', 'low', 'close', 'volume', 'rsi_14', 'macd', 'sma_20', 'ema_9']}
2025-04-01 18:30:23 | INFO     | models.base_predictor:__init__:62 - Sử dụng cấu hình prediction cho monthly: {'lookback_window': 90, 'update_interval': 1440, 'features': ['open', 'high', 'low', 'close', 'volume', 'rsi_14', 'macd', 'sma_20', 'ema_9']}
2025-04-01 18:30:23 | INFO     | models.base_predictor:__init__:62 - Sử dụng cấu hình prediction cho intraday: {'lookback_window': 60, 'update_interval': 15, 'features': ['open', 'high', 'low', 'close', 'volume', 'rsi_14', 'macd', 'sma_20', 'ema_9']}
2025-04-01 18:30:23 | INFO     | models.base_predictor:__init__:62 - Sử dụng cấu hình prediction cho five_day: {'lookback_window': 30, 'update_interval': 1440, 'features': ['open', 'high', 'low', 'close', 'volume', 'rsi_14', 'macd', 'sma_20', 'ema_9']}
2025-04-01 18:30:23 | INFO     | models.base_predictor:__init__:62 - Sử dụng cấu hình prediction cho monthly: {'lookback_window': 90, 'update_interval': 1440, 'features': ['open', 'high', 'low', 'close', 'volume', 'rsi_14', 'macd', 'sma_20', 'ema_9']}
2025-04-01 18:30:23 | INFO     | models.base_predictor:__init__:62 - Sử dụng cấu hình prediction cho intraday: {'lookback_window': 60, 'update_interval': 15, 'features': ['open', 'high', 'low', 'close', 'volume', 'rsi_14', 'macd', 'sma_20', 'ema_9']}
2025-04-01 18:30:23 | INFO     | models.base_predictor:__init__:62 - Sử dụng cấu hình prediction cho five_day: {'lookback_window': 30, 'update_interval': 1440, 'features': ['open', 'high', 'low', 'close', 'volume', 'rsi_14', 'macd', 'sma_20', 'ema_9']}
2025-04-01 18:30:23 | INFO     | models.base_predictor:__init__:62 - Sử dụng cấu hình prediction cho monthly: {'lookback_window': 90, 'update_interval': 1440, 'features': ['open', 'high', 'low', 'close', 'volume', 'rsi_14', 'macd', 'sma_20', 'ema_9']}
2025-04-01 18:30:23 | INFO     | models.base_predictor:__init__:62 - Sử dụng cấu hình prediction cho intraday: {'lookback_window': 60, 'update_interval': 15, 'features': ['open', 'high', 'low', 'close', 'volume', 'rsi_14', 'macd', 'sma_20', 'ema_9']}
2025-04-01 18:30:23 | INFO     | models.base_predictor:__init__:62 - Sử dụng cấu hình prediction cho five_day: {'lookback_window': 30, 'update_interval': 1440, 'features': ['open', 'high', 'low', 'close', 'volume', 'rsi_14', 'macd', 'sma_20', 'ema_9']}
2025-04-01 18:30:23 | INFO     | models.base_predictor:__init__:62 - Sử dụng cấu hình prediction cho monthly: {'lookback_window': 90, 'update_interval': 1440, 'features': ['open', 'high', 'low', 'close', 'volume', 'rsi_14', 'macd', 'sma_20', 'ema_9']}
2025-04-01 18:30:24 | INFO     | models.base_predictor:__init__:62 - Sử dụng cấu hình prediction cho monthly: {'lookback_window': 90, 'update_interval': 1440, 'features': ['open', 'high', 'low', 'close', 'volume', 'rsi_14', 'macd', 'sma_20', 'ema_9']}
2025-04-01 18:30:25 | INFO     | models.base_predictor:__init__:62 - Sử dụng cấu hình prediction cho monthly: {'lookback_window': 90, 'update_interval': 1440, 'features': ['open', 'high', 'low', 'close', 'volume', 'rsi_14', 'macd', 'sma_20', 'ema_9']}
2025-04-01 18:30:25 | INFO     | models.base_predictor:__init__:62 - Sử dụng cấu hình prediction cho monthly: {'lookback_window': 90, 'update_interval': 1440, 'features': ['open', 'high', 'low', 'close', 'volume', 'rsi_14', 'macd', 'sma_20', 'ema_9']}
2025-04-01 18:30:26 | INFO     | models.base_predictor:__init__:62 - Sử dụng cấu hình prediction cho monthly: {'lookback_window': 90, 'update_interval': 1440, 'features': ['open', 'high', 'low', 'close', 'volume', 'rsi_14', 'macd', 'sma_20', 'ema_9']}
2025-04-01 18:35:18 | INFO     | __main__:_check_and_predict:527 - Không trong giờ giao dịch, bỏ qua dự đoán
2025-04-01 18:40:19 | INFO     | __main__:_check_and_predict:527 - Không trong giờ giao dịch, bỏ qua dự đoán
2025-04-01 18:45:20 | INFO     | __main__:_check_and_predict:527 - Không trong giờ giao dịch, bỏ qua dự đoán
2025-04-01 18:50:20 | INFO     | __main__:_check_and_predict:527 - Không trong giờ giao dịch, bỏ qua dự đoán
2025-04-01 18:55:21 | INFO     | __main__:_check_and_predict:527 - Không trong giờ giao dịch, bỏ qua dự đoán
2025-04-01 19:00:23 | INFO     | __main__:_check_and_predict:527 - Không trong giờ giao dịch, bỏ qua dự đoán
2025-04-01 19:05:24 | INFO     | __main__:_check_and_predict:527 - Không trong giờ giao dịch, bỏ qua dự đoán
2025-04-01 19:10:24 | INFO     | __main__:_check_and_predict:527 - Không trong giờ giao dịch, bỏ qua dự đoán
2025-04-01 19:15:26 | INFO     | __main__:_check_and_predict:527 - Không trong giờ giao dịch, bỏ qua dự đoán
2025-04-01 19:20:26 | INFO     | __main__:_check_and_predict:527 - Không trong giờ giao dịch, bỏ qua dự đoán
2025-04-01 19:25:27 | INFO     | __main__:_check_and_predict:527 - Không trong giờ giao dịch, bỏ qua dự đoán
2025-04-01 19:30:30 | INFO     | __main__:_check_and_predict:527 - Không trong giờ giao dịch, bỏ qua dự đoán
2025-04-01 19:38:15 | INFO     | models.base_predictor:__init__:62 - Sử dụng cấu hình prediction cho intraday: {'lookback_window': 60, 'update_interval': 15, 'features': ['open', 'high', 'low', 'close', 'volume', 'rsi_14', 'macd', 'sma_20', 'ema_9']}
2025-04-01 19:38:15 | INFO     | models.base_predictor:__init__:62 - Sử dụng cấu hình prediction cho five_day: {'lookback_window': 30, 'update_interval': 1440, 'features': ['open', 'high', 'low', 'close', 'volume', 'rsi_14', 'macd', 'sma_20', 'ema_9']}
2025-04-01 19:38:15 | INFO     | models.base_predictor:__init__:62 - Sử dụng cấu hình prediction cho monthly: {'lookback_window': 60, 'update_interval': 1440, 'features': ['open', 'high', 'low', 'close', 'volume', 'rsi_14', 'macd', 'sma_20', 'ema_9']}
2025-04-01 19:38:15 | INFO     | models.base_predictor:__init__:62 - Sử dụng cấu hình prediction cho intraday: {'lookback_window': 60, 'update_interval': 15, 'features': ['open', 'high', 'low', 'close', 'volume', 'rsi_14', 'macd', 'sma_20', 'ema_9']}
2025-04-01 19:38:15 | INFO     | models.base_predictor:__init__:62 - Sử dụng cấu hình prediction cho five_day: {'lookback_window': 30, 'update_interval': 1440, 'features': ['open', 'high', 'low', 'close', 'volume', 'rsi_14', 'macd', 'sma_20', 'ema_9']}
2025-04-01 19:38:15 | INFO     | models.base_predictor:__init__:62 - Sử dụng cấu hình prediction cho monthly: {'lookback_window': 60, 'update_interval': 1440, 'features': ['open', 'high', 'low', 'close', 'volume', 'rsi_14', 'macd', 'sma_20', 'ema_9']}
2025-04-01 19:38:15 | INFO     | models.base_predictor:__init__:62 - Sử dụng cấu hình prediction cho intraday: {'lookback_window': 60, 'update_interval': 15, 'features': ['open', 'high', 'low', 'close', 'volume', 'rsi_14', 'macd', 'sma_20', 'ema_9']}
2025-04-01 19:38:15 | INFO     | models.base_predictor:__init__:62 - Sử dụng cấu hình prediction cho five_day: {'lookback_window': 30, 'update_interval': 1440, 'features': ['open', 'high', 'low', 'close', 'volume', 'rsi_14', 'macd', 'sma_20', 'ema_9']}
2025-04-01 19:38:15 | INFO     | models.base_predictor:__init__:62 - Sử dụng cấu hình prediction cho monthly: {'lookback_window': 60, 'update_interval': 1440, 'features': ['open', 'high', 'low', 'close', 'volume', 'rsi_14', 'macd', 'sma_20', 'ema_9']}
2025-04-01 19:38:15 | INFO     | models.base_predictor:__init__:62 - Sử dụng cấu hình prediction cho intraday: {'lookback_window': 60, 'update_interval': 15, 'features': ['open', 'high', 'low', 'close', 'volume', 'rsi_14', 'macd', 'sma_20', 'ema_9']}
2025-04-01 19:38:15 | INFO     | models.base_predictor:__init__:62 - Sử dụng cấu hình prediction cho five_day: {'lookback_window': 30, 'update_interval': 1440, 'features': ['open', 'high', 'low', 'close', 'volume', 'rsi_14', 'macd', 'sma_20', 'ema_9']}
2025-04-01 19:38:15 | INFO     | models.base_predictor:__init__:62 - Sử dụng cấu hình prediction cho monthly: {'lookback_window': 60, 'update_interval': 1440, 'features': ['open', 'high', 'low', 'close', 'volume', 'rsi_14', 'macd', 'sma_20', 'ema_9']}
2025-04-01 19:38:17 | INFO     | models.base_predictor:__init__:62 - Sử dụng cấu hình prediction cho monthly: {'lookback_window': 60, 'update_interval': 1440, 'features': ['open', 'high', 'low', 'close', 'volume', 'rsi_14', 'macd', 'sma_20', 'ema_9']}
2025-04-01 19:38:19 | INFO     | models.base_predictor:__init__:62 - Sử dụng cấu hình prediction cho monthly: {'lookback_window': 60, 'update_interval': 1440, 'features': ['open', 'high', 'low', 'close', 'volume', 'rsi_14', 'macd', 'sma_20', 'ema_9']}
2025-04-01 19:38:20 | INFO     | models.base_predictor:__init__:62 - Sử dụng cấu hình prediction cho monthly: {'lookback_window': 60, 'update_interval': 1440, 'features': ['open', 'high', 'low', 'close', 'volume', 'rsi_14', 'macd', 'sma_20', 'ema_9']}
2025-04-01 19:38:21 | INFO     | models.base_predictor:__init__:62 - Sử dụng cấu hình prediction cho monthly: {'lookback_window': 60, 'update_interval': 1440, 'features': ['open', 'high', 'low', 'close', 'volume', 'rsi_14', 'macd', 'sma_20', 'ema_9']}
2025-04-01 19:43:11 | INFO     | __main__:_check_and_predict:527 - Không trong giờ giao dịch, bỏ qua dự đoán
2025-04-01 19:48:12 | INFO     | __main__:_check_and_predict:527 - Không trong giờ giao dịch, bỏ qua dự đoán
2025-04-01 19:54:35 | INFO     | models.base_predictor:__init__:62 - Sử dụng cấu hình prediction cho intraday: {'lookback_window': 60, 'update_interval': 15, 'features': ['open', 'high', 'low', 'close', 'volume', 'rsi_14', 'macd', 'sma_20', 'ema_9']}
2025-04-01 19:54:35 | INFO     | models.base_predictor:__init__:62 - Sử dụng cấu hình prediction cho five_day: {'lookback_window': 30, 'update_interval': 1440, 'features': ['open', 'high', 'low', 'close', 'volume', 'rsi_14', 'macd', 'sma_20', 'ema_9']}
2025-04-01 19:54:35 | INFO     | models.base_predictor:__init__:62 - Sử dụng cấu hình prediction cho monthly: {'lookback_window': 60, 'update_interval': 1440, 'features': ['open', 'high', 'low', 'close', 'volume', 'rsi_14', 'macd', 'sma_20', 'ema_9']}
2025-04-01 19:54:35 | INFO     | models.base_predictor:__init__:62 - Sử dụng cấu hình prediction cho intraday: {'lookback_window': 60, 'update_interval': 15, 'features': ['open', 'high', 'low', 'close', 'volume', 'rsi_14', 'macd', 'sma_20', 'ema_9']}
2025-04-01 19:54:35 | INFO     | models.base_predictor:__init__:62 - Sử dụng cấu hình prediction cho five_day: {'lookback_window': 30, 'update_interval': 1440, 'features': ['open', 'high', 'low', 'close', 'volume', 'rsi_14', 'macd', 'sma_20', 'ema_9']}
2025-04-01 19:54:35 | INFO     | models.base_predictor:__init__:62 - Sử dụng cấu hình prediction cho monthly: {'lookback_window': 60, 'update_interval': 1440, 'features': ['open', 'high', 'low', 'close', 'volume', 'rsi_14', 'macd', 'sma_20', 'ema_9']}
2025-04-01 19:54:35 | INFO     | models.base_predictor:__init__:62 - Sử dụng cấu hình prediction cho intraday: {'lookback_window': 60, 'update_interval': 15, 'features': ['open', 'high', 'low', 'close', 'volume', 'rsi_14', 'macd', 'sma_20', 'ema_9']}
2025-04-01 19:54:35 | INFO     | models.base_predictor:__init__:62 - Sử dụng cấu hình prediction cho five_day: {'lookback_window': 30, 'update_interval': 1440, 'features': ['open', 'high', 'low', 'close', 'volume', 'rsi_14', 'macd', 'sma_20', 'ema_9']}
2025-04-01 19:54:35 | INFO     | models.base_predictor:__init__:62 - Sử dụng cấu hình prediction cho monthly: {'lookback_window': 60, 'update_interval': 1440, 'features': ['open', 'high', 'low', 'close', 'volume', 'rsi_14', 'macd', 'sma_20', 'ema_9']}
2025-04-01 19:54:35 | INFO     | models.base_predictor:__init__:62 - Sử dụng cấu hình prediction cho intraday: {'lookback_window': 60, 'update_interval': 15, 'features': ['open', 'high', 'low', 'close', 'volume', 'rsi_14', 'macd', 'sma_20', 'ema_9']}
2025-04-01 19:54:35 | INFO     | models.base_predictor:__init__:62 - Sử dụng cấu hình prediction cho five_day: {'lookback_window': 30, 'update_interval': 1440, 'features': ['open', 'high', 'low', 'close', 'volume', 'rsi_14', 'macd', 'sma_20', 'ema_9']}
2025-04-01 19:54:35 | INFO     | models.base_predictor:__init__:62 - Sử dụng cấu hình prediction cho monthly: {'lookback_window': 60, 'update_interval': 1440, 'features': ['open', 'high', 'low', 'close', 'volume', 'rsi_14', 'macd', 'sma_20', 'ema_9']}
2025-04-01 19:54:36 | INFO     | models.base_predictor:__init__:62 - Sử dụng cấu hình prediction cho monthly: {'lookback_window': 60, 'update_interval': 1440, 'features': ['open', 'high', 'low', 'close', 'volume', 'rsi_14', 'macd', 'sma_20', 'ema_9']}
2025-04-01 19:54:38 | INFO     | models.base_predictor:__init__:62 - Sử dụng cấu hình prediction cho monthly: {'lookback_window': 60, 'update_interval': 1440, 'features': ['open', 'high', 'low', 'close', 'volume', 'rsi_14', 'macd', 'sma_20', 'ema_9']}
2025-04-01 19:54:39 | INFO     | models.base_predictor:__init__:62 - Sử dụng cấu hình prediction cho monthly: {'lookback_window': 60, 'update_interval': 1440, 'features': ['open', 'high', 'low', 'close', 'volume', 'rsi_14', 'macd', 'sma_20', 'ema_9']}
2025-04-01 19:54:40 | INFO     | models.base_predictor:__init__:62 - Sử dụng cấu hình prediction cho monthly: {'lookback_window': 60, 'update_interval': 1440, 'features': ['open', 'high', 'low', 'close', 'volume', 'rsi_14', 'macd', 'sma_20', 'ema_9']}
2025-04-01 20:01:35 | INFO     | models.base_predictor:__init__:62 - Sử dụng cấu hình prediction cho intraday: {'lookback_window': 60, 'update_interval': 15, 'features': ['open', 'high', 'low', 'close', 'volume', 'rsi_14', 'macd', 'sma_20', 'ema_9']}
2025-04-01 20:01:35 | INFO     | models.base_predictor:__init__:62 - Sử dụng cấu hình prediction cho five_day: {'lookback_window': 30, 'update_interval': 1440, 'features': ['open', 'high', 'low', 'close', 'volume', 'rsi_14', 'macd', 'sma_20', 'ema_9']}
2025-04-01 20:01:35 | INFO     | models.base_predictor:__init__:62 - Sử dụng cấu hình prediction cho monthly: {'lookback_window': 60, 'update_interval': 1440, 'features': ['open', 'high', 'low', 'close', 'volume', 'rsi_14', 'macd', 'sma_20', 'ema_9']}
2025-04-01 20:01:35 | INFO     | models.base_predictor:__init__:62 - Sử dụng cấu hình prediction cho intraday: {'lookback_window': 60, 'update_interval': 15, 'features': ['open', 'high', 'low', 'close', 'volume', 'rsi_14', 'macd', 'sma_20', 'ema_9']}
2025-04-01 20:01:35 | INFO     | models.base_predictor:__init__:62 - Sử dụng cấu hình prediction cho five_day: {'lookback_window': 30, 'update_interval': 1440, 'features': ['open', 'high', 'low', 'close', 'volume', 'rsi_14', 'macd', 'sma_20', 'ema_9']}
2025-04-01 20:01:35 | INFO     | models.base_predictor:__init__:62 - Sử dụng cấu hình prediction cho monthly: {'lookback_window': 60, 'update_interval': 1440, 'features': ['open', 'high', 'low', 'close', 'volume', 'rsi_14', 'macd', 'sma_20', 'ema_9']}
2025-04-01 20:01:35 | INFO     | models.base_predictor:__init__:62 - Sử dụng cấu hình prediction cho intraday: {'lookback_window': 60, 'update_interval': 15, 'features': ['open', 'high', 'low', 'close', 'volume', 'rsi_14', 'macd', 'sma_20', 'ema_9']}
2025-04-01 20:01:35 | INFO     | models.base_predictor:__init__:62 - Sử dụng cấu hình prediction cho five_day: {'lookback_window': 30, 'update_interval': 1440, 'features': ['open', 'high', 'low', 'close', 'volume', 'rsi_14', 'macd', 'sma_20', 'ema_9']}
2025-04-01 20:01:35 | INFO     | models.base_predictor:__init__:62 - Sử dụng cấu hình prediction cho monthly: {'lookback_window': 60, 'update_interval': 1440, 'features': ['open', 'high', 'low', 'close', 'volume', 'rsi_14', 'macd', 'sma_20', 'ema_9']}
2025-04-01 20:01:35 | INFO     | models.base_predictor:__init__:62 - Sử dụng cấu hình prediction cho intraday: {'lookback_window': 60, 'update_interval': 15, 'features': ['open', 'high', 'low', 'close', 'volume', 'rsi_14', 'macd', 'sma_20', 'ema_9']}
2025-04-01 20:01:35 | INFO     | models.base_predictor:__init__:62 - Sử dụng cấu hình prediction cho five_day: {'lookback_window': 30, 'update_interval': 1440, 'features': ['open', 'high', 'low', 'close', 'volume', 'rsi_14', 'macd', 'sma_20', 'ema_9']}
2025-04-01 20:01:35 | INFO     | models.base_predictor:__init__:62 - Sử dụng cấu hình prediction cho monthly: {'lookback_window': 60, 'update_interval': 1440, 'features': ['open', 'high', 'low', 'close', 'volume', 'rsi_14', 'macd', 'sma_20', 'ema_9']}
2025-04-01 20:01:35 | INFO     | models.base_predictor:__init__:62 - Sử dụng cấu hình prediction cho intraday: {'lookback_window': 60, 'update_interval': 15, 'features': ['open', 'high', 'low', 'close', 'volume', 'rsi_14', 'macd', 'sma_20', 'ema_9']}
2025-04-01 20:01:35 | INFO     | models.base_predictor:__init__:62 - Sử dụng cấu hình prediction cho five_day: {'lookback_window': 30, 'update_interval': 1440, 'features': ['open', 'high', 'low', 'close', 'volume', 'rsi_14', 'macd', 'sma_20', 'ema_9']}
2025-04-01 20:01:35 | INFO     | models.base_predictor:__init__:62 - Sử dụng cấu hình prediction cho monthly: {'lookback_window': 60, 'update_interval': 1440, 'features': ['open', 'high', 'low', 'close', 'volume', 'rsi_14', 'macd', 'sma_20', 'ema_9']}
2025-04-01 20:01:36 | INFO     | models.base_predictor:__init__:62 - Sử dụng cấu hình prediction cho monthly: {'lookback_window': 60, 'update_interval': 1440, 'features': ['open', 'high', 'low', 'close', 'volume', 'rsi_14', 'macd', 'sma_20', 'ema_9']}
2025-04-01 20:01:37 | INFO     | models.base_predictor:__init__:62 - Sử dụng cấu hình prediction cho monthly: {'lookback_window': 60, 'update_interval': 1440, 'features': ['open', 'high', 'low', 'close', 'volume', 'rsi_14', 'macd', 'sma_20', 'ema_9']}
2025-04-01 20:01:38 | INFO     | models.base_predictor:__init__:62 - Sử dụng cấu hình prediction cho monthly: {'lookback_window': 60, 'update_interval': 1440, 'features': ['open', 'high', 'low', 'close', 'volume', 'rsi_14', 'macd', 'sma_20', 'ema_9']}
2025-04-01 20:01:39 | INFO     | models.base_predictor:__init__:62 - Sử dụng cấu hình prediction cho monthly: {'lookback_window': 60, 'update_interval': 1440, 'features': ['open', 'high', 'low', 'close', 'volume', 'rsi_14', 'macd', 'sma_20', 'ema_9']}
2025-04-01 20:01:40 | INFO     | models.base_predictor:__init__:62 - Sử dụng cấu hình prediction cho intraday: {'lookback_window': 60, 'update_interval': 15, 'features': ['open', 'high', 'low', 'close', 'volume', 'rsi_14', 'macd', 'sma_20', 'ema_9']}
2025-04-01 20:04:09 | INFO     | models.base_predictor:__init__:62 - Sử dụng cấu hình prediction cho intraday: {'lookback_window': 60, 'update_interval': 15, 'features': ['open', 'high', 'low', 'close', 'volume', 'rsi_14', 'macd', 'sma_20', 'ema_9']}
2025-04-01 20:04:09 | INFO     | models.base_predictor:__init__:62 - Sử dụng cấu hình prediction cho five_day: {'lookback_window': 30, 'update_interval': 1440, 'features': ['open', 'high', 'low', 'close', 'volume', 'rsi_14', 'macd', 'sma_20', 'ema_9']}
2025-04-01 20:04:09 | INFO     | models.base_predictor:__init__:62 - Sử dụng cấu hình prediction cho monthly: {'lookback_window': 60, 'update_interval': 1440, 'features': ['open', 'high', 'low', 'close', 'volume', 'rsi_14', 'macd', 'sma_20', 'ema_9']}
2025-04-01 20:04:09 | INFO     | models.base_predictor:__init__:62 - Sử dụng cấu hình prediction cho intraday: {'lookback_window': 60, 'update_interval': 15, 'features': ['open', 'high', 'low', 'close', 'volume', 'rsi_14', 'macd', 'sma_20', 'ema_9']}
2025-04-01 20:04:09 | INFO     | models.base_predictor:__init__:62 - Sử dụng cấu hình prediction cho five_day: {'lookback_window': 30, 'update_interval': 1440, 'features': ['open', 'high', 'low', 'close', 'volume', 'rsi_14', 'macd', 'sma_20', 'ema_9']}
2025-04-01 20:04:09 | INFO     | models.base_predictor:__init__:62 - Sử dụng cấu hình prediction cho monthly: {'lookback_window': 60, 'update_interval': 1440, 'features': ['open', 'high', 'low', 'close', 'volume', 'rsi_14', 'macd', 'sma_20', 'ema_9']}
2025-04-01 20:04:09 | INFO     | models.base_predictor:__init__:62 - Sử dụng cấu hình prediction cho intraday: {'lookback_window': 60, 'update_interval': 15, 'features': ['open', 'high', 'low', 'close', 'volume', 'rsi_14', 'macd', 'sma_20', 'ema_9']}
2025-04-01 20:04:09 | INFO     | models.base_predictor:__init__:62 - Sử dụng cấu hình prediction cho five_day: {'lookback_window': 30, 'update_interval': 1440, 'features': ['open', 'high', 'low', 'close', 'volume', 'rsi_14', 'macd', 'sma_20', 'ema_9']}
2025-04-01 20:04:09 | INFO     | models.base_predictor:__init__:62 - Sử dụng cấu hình prediction cho monthly: {'lookback_window': 60, 'update_interval': 1440, 'features': ['open', 'high', 'low', 'close', 'volume', 'rsi_14', 'macd', 'sma_20', 'ema_9']}
2025-04-01 20:04:09 | INFO     | models.base_predictor:__init__:62 - Sử dụng cấu hình prediction cho intraday: {'lookback_window': 60, 'update_interval': 15, 'features': ['open', 'high', 'low', 'close', 'volume', 'rsi_14', 'macd', 'sma_20', 'ema_9']}
2025-04-01 20:04:09 | INFO     | models.base_predictor:__init__:62 - Sử dụng cấu hình prediction cho five_day: {'lookback_window': 30, 'update_interval': 1440, 'features': ['open', 'high', 'low', 'close', 'volume', 'rsi_14', 'macd', 'sma_20', 'ema_9']}
2025-04-01 20:04:09 | INFO     | models.base_predictor:__init__:62 - Sử dụng cấu hình prediction cho monthly: {'lookback_window': 60, 'update_interval': 1440, 'features': ['open', 'high', 'low', 'close', 'volume', 'rsi_14', 'macd', 'sma_20', 'ema_9']}
2025-04-01 20:04:09 | INFO     | models.base_predictor:__init__:62 - Sử dụng cấu hình prediction cho intraday: {'lookback_window': 60, 'update_interval': 15, 'features': ['open', 'high', 'low', 'close', 'volume', 'rsi_14', 'macd', 'sma_20', 'ema_9']}
2025-04-01 20:04:09 | INFO     | models.base_predictor:__init__:62 - Sử dụng cấu hình prediction cho five_day: {'lookback_window': 30, 'update_interval': 1440, 'features': ['open', 'high', 'low', 'close', 'volume', 'rsi_14', 'macd', 'sma_20', 'ema_9']}
2025-04-01 20:04:09 | INFO     | models.base_predictor:__init__:62 - Sử dụng cấu hình prediction cho monthly: {'lookback_window': 60, 'update_interval': 1440, 'features': ['open', 'high', 'low', 'close', 'volume', 'rsi_14', 'macd', 'sma_20', 'ema_9']}
2025-04-01 20:04:10 | INFO     | models.base_predictor:__init__:62 - Sử dụng cấu hình prediction cho monthly: {'lookback_window': 60, 'update_interval': 1440, 'features': ['open', 'high', 'low', 'close', 'volume', 'rsi_14', 'macd', 'sma_20', 'ema_9']}
2025-04-01 20:04:12 | INFO     | models.base_predictor:__init__:62 - Sử dụng cấu hình prediction cho monthly: {'lookback_window': 60, 'update_interval': 1440, 'features': ['open', 'high', 'low', 'close', 'volume', 'rsi_14', 'macd', 'sma_20', 'ema_9']}
2025-04-01 20:04:13 | INFO     | models.base_predictor:__init__:62 - Sử dụng cấu hình prediction cho monthly: {'lookback_window': 60, 'update_interval': 1440, 'features': ['open', 'high', 'low', 'close', 'volume', 'rsi_14', 'macd', 'sma_20', 'ema_9']}
2025-04-01 20:04:14 | INFO     | models.base_predictor:__init__:62 - Sử dụng cấu hình prediction cho monthly: {'lookback_window': 60, 'update_interval': 1440, 'features': ['open', 'high', 'low', 'close', 'volume', 'rsi_14', 'macd', 'sma_20', 'ema_9']}
2025-04-01 20:04:15 | INFO     | models.base_predictor:__init__:62 - Sử dụng cấu hình prediction cho intraday: {'lookback_window': 60, 'update_interval': 15, 'features': ['open', 'high', 'low', 'close', 'volume', 'rsi_14', 'macd', 'sma_20', 'ema_9']}
2025-04-01 20:04:54 | INFO     | models.base_predictor:__init__:62 - Sử dụng cấu hình prediction cho five_day: {'lookback_window': 30, 'update_interval': 1440, 'features': ['open', 'high', 'low', 'close', 'volume', 'rsi_14', 'macd', 'sma_20', 'ema_9']}
2025-04-01 20:05:18 | INFO     | models.base_predictor:__init__:62 - Sử dụng cấu hình prediction cho monthly: {'lookback_window': 60, 'update_interval': 1440, 'features': ['open', 'high', 'low', 'close', 'volume', 'rsi_14', 'macd', 'sma_20', 'ema_9']}
2025-04-01 20:09:05 | INFO     | __main__:_check_and_predict:527 - Không trong giờ giao dịch, bỏ qua dự đoán
2025-04-01 20:14:05 | INFO     | __main__:_check_and_predict:527 - Không trong giờ giao dịch, bỏ qua dự đoán
2025-04-01 20:19:07 | INFO     | __main__:_check_and_predict:527 - Không trong giờ giao dịch, bỏ qua dự đoán
2025-04-01 20:24:07 | INFO     | __main__:_check_and_predict:527 - Không trong giờ giao dịch, bỏ qua dự đoán
2025-04-01 20:29:07 | INFO     | __main__:_check_and_predict:527 - Không trong giờ giao dịch, bỏ qua dự đoán
2025-04-01 20:34:10 | INFO     | __main__:_check_and_predict:527 - Không trong giờ giao dịch, bỏ qua dự đoán
2025-04-01 20:39:10 | INFO     | __main__:_check_and_predict:527 - Không trong giờ giao dịch, bỏ qua dự đoán
2025-04-01 20:44:10 | INFO     | __main__:_check_and_predict:527 - Không trong giờ giao dịch, bỏ qua dự đoán
2025-04-01 20:49:13 | INFO     | __main__:_check_and_predict:527 - Không trong giờ giao dịch, bỏ qua dự đoán
2025-04-01 20:54:13 | INFO     | __main__:_check_and_predict:527 - Không trong giờ giao dịch, bỏ qua dự đoán
2025-04-01 20:59:13 | INFO     | __main__:_check_and_predict:527 - Không trong giờ giao dịch, bỏ qua dự đoán
2025-04-01 21:04:06 | INFO     | models.base_predictor:__init__:62 - Sử dụng cấu hình prediction cho intraday: {'lookback_window': 60, 'update_interval': 15, 'features': ['open', 'high', 'low', 'close', 'volume', 'rsi_14', 'macd', 'sma_20', 'ema_9']}
2025-04-01 21:04:06 | INFO     | models.base_predictor:__init__:62 - Sử dụng cấu hình prediction cho five_day: {'lookback_window': 30, 'update_interval': 1440, 'features': ['open', 'high', 'low', 'close', 'volume', 'rsi_14', 'macd', 'sma_20', 'ema_9']}
2025-04-01 21:04:06 | INFO     | models.base_predictor:__init__:62 - Sử dụng cấu hình prediction cho monthly: {'lookback_window': 60, 'update_interval': 1440, 'features': ['open', 'high', 'low', 'close', 'volume', 'rsi_14', 'macd', 'sma_20', 'ema_9']}
2025-04-01 21:04:07 | INFO     | models.base_predictor:__init__:62 - Sử dụng cấu hình prediction cho intraday: {'lookback_window': 60, 'update_interval': 15, 'features': ['open', 'high', 'low', 'close', 'volume', 'rsi_14', 'macd', 'sma_20', 'ema_9']}
2025-04-01 21:04:07 | INFO     | models.base_predictor:__init__:62 - Sử dụng cấu hình prediction cho five_day: {'lookback_window': 30, 'update_interval': 1440, 'features': ['open', 'high', 'low', 'close', 'volume', 'rsi_14', 'macd', 'sma_20', 'ema_9']}
2025-04-01 21:04:07 | INFO     | models.base_predictor:__init__:62 - Sử dụng cấu hình prediction cho monthly: {'lookback_window': 60, 'update_interval': 1440, 'features': ['open', 'high', 'low', 'close', 'volume', 'rsi_14', 'macd', 'sma_20', 'ema_9']}
2025-04-01 21:04:08 | INFO     | models.base_predictor:__init__:62 - Sử dụng cấu hình prediction cho intraday: {'lookback_window': 60, 'update_interval': 15, 'features': ['open', 'high', 'low', 'close', 'volume', 'rsi_14', 'macd', 'sma_20', 'ema_9']}
2025-04-01 21:04:08 | INFO     | models.base_predictor:__init__:62 - Sử dụng cấu hình prediction cho five_day: {'lookback_window': 30, 'update_interval': 1440, 'features': ['open', 'high', 'low', 'close', 'volume', 'rsi_14', 'macd', 'sma_20', 'ema_9']}
2025-04-01 21:04:08 | INFO     | models.base_predictor:__init__:62 - Sử dụng cấu hình prediction cho monthly: {'lookback_window': 60, 'update_interval': 1440, 'features': ['open', 'high', 'low', 'close', 'volume', 'rsi_14', 'macd', 'sma_20', 'ema_9']}
2025-04-01 21:04:08 | INFO     | models.base_predictor:__init__:62 - Sử dụng cấu hình prediction cho intraday: {'lookback_window': 60, 'update_interval': 15, 'features': ['open', 'high', 'low', 'close', 'volume', 'rsi_14', 'macd', 'sma_20', 'ema_9']}
2025-04-01 21:04:08 | INFO     | models.base_predictor:__init__:62 - Sử dụng cấu hình prediction cho five_day: {'lookback_window': 30, 'update_interval': 1440, 'features': ['open', 'high', 'low', 'close', 'volume', 'rsi_14', 'macd', 'sma_20', 'ema_9']}
2025-04-01 21:04:08 | INFO     | models.base_predictor:__init__:62 - Sử dụng cấu hình prediction cho monthly: {'lookback_window': 60, 'update_interval': 1440, 'features': ['open', 'high', 'low', 'close', 'volume', 'rsi_14', 'macd', 'sma_20', 'ema_9']}
2025-04-01 21:04:09 | INFO     | models.base_predictor:__init__:62 - Sử dụng cấu hình prediction cho intraday: {'lookback_window': 60, 'update_interval': 15, 'features': ['open', 'high', 'low', 'close', 'volume', 'rsi_14', 'macd', 'sma_20', 'ema_9']}
2025-04-01 21:04:09 | INFO     | models.base_predictor:__init__:62 - Sử dụng cấu hình prediction cho five_day: {'lookback_window': 30, 'update_interval': 1440, 'features': ['open', 'high', 'low', 'close', 'volume', 'rsi_14', 'macd', 'sma_20', 'ema_9']}
2025-04-01 21:04:09 | INFO     | models.base_predictor:__init__:62 - Sử dụng cấu hình prediction cho monthly: {'lookback_window': 60, 'update_interval': 1440, 'features': ['open', 'high', 'low', 'close', 'volume', 'rsi_14', 'macd', 'sma_20', 'ema_9']}
2025-04-01 22:23:04 | INFO     | models.base_predictor:__init__:62 - Sử dụng cấu hình prediction cho intraday: {'lookback_window': 60, 'update_interval': 15, 'features': ['open', 'high', 'low', 'close', 'volume', 'rsi_14', 'macd', 'sma_20', 'ema_9']}
2025-04-01 22:23:04 | INFO     | models.base_predictor:__init__:62 - Sử dụng cấu hình prediction cho five_day: {'lookback_window': 30, 'update_interval': 1440, 'features': ['open', 'high', 'low', 'close', 'volume', 'rsi_14', 'macd', 'sma_20', 'ema_9']}
2025-04-01 22:23:04 | INFO     | models.base_predictor:__init__:62 - Sử dụng cấu hình prediction cho monthly: {'lookback_window': 60, 'update_interval': 1440, 'features': ['open', 'high', 'low', 'close', 'volume', 'rsi_14', 'macd', 'sma_20', 'ema_9']}
2025-04-01 22:23:04 | INFO     | models.base_predictor:__init__:62 - Sử dụng cấu hình prediction cho intraday: {'lookback_window': 60, 'update_interval': 15, 'features': ['open', 'high', 'low', 'close', 'volume', 'rsi_14', 'macd', 'sma_20', 'ema_9']}
2025-04-01 22:23:04 | INFO     | models.base_predictor:__init__:62 - Sử dụng cấu hình prediction cho five_day: {'lookback_window': 30, 'update_interval': 1440, 'features': ['open', 'high', 'low', 'close', 'volume', 'rsi_14', 'macd', 'sma_20', 'ema_9']}
2025-04-01 22:23:04 | INFO     | models.base_predictor:__init__:62 - Sử dụng cấu hình prediction cho monthly: {'lookback_window': 60, 'update_interval': 1440, 'features': ['open', 'high', 'low', 'close', 'volume', 'rsi_14', 'macd', 'sma_20', 'ema_9']}
2025-04-01 22:23:04 | INFO     | models.base_predictor:__init__:62 - Sử dụng cấu hình prediction cho intraday: {'lookback_window': 60, 'update_interval': 15, 'features': ['open', 'high', 'low', 'close', 'volume', 'rsi_14', 'macd', 'sma_20', 'ema_9']}
2025-04-01 22:23:04 | INFO     | models.base_predictor:__init__:62 - Sử dụng cấu hình prediction cho five_day: {'lookback_window': 30, 'update_interval': 1440, 'features': ['open', 'high', 'low', 'close', 'volume', 'rsi_14', 'macd', 'sma_20', 'ema_9']}
2025-04-01 22:23:04 | INFO     | models.base_predictor:__init__:62 - Sử dụng cấu hình prediction cho monthly: {'lookback_window': 60, 'update_interval': 1440, 'features': ['open', 'high', 'low', 'close', 'volume', 'rsi_14', 'macd', 'sma_20', 'ema_9']}
2025-04-01 22:23:04 | INFO     | models.base_predictor:__init__:62 - Sử dụng cấu hình prediction cho intraday: {'lookback_window': 60, 'update_interval': 15, 'features': ['open', 'high', 'low', 'close', 'volume', 'rsi_14', 'macd', 'sma_20', 'ema_9']}
2025-04-01 22:23:04 | INFO     | models.base_predictor:__init__:62 - Sử dụng cấu hình prediction cho five_day: {'lookback_window': 30, 'update_interval': 1440, 'features': ['open', 'high', 'low', 'close', 'volume', 'rsi_14', 'macd', 'sma_20', 'ema_9']}
2025-04-01 22:23:04 | INFO     | models.base_predictor:__init__:62 - Sử dụng cấu hình prediction cho monthly: {'lookback_window': 60, 'update_interval': 1440, 'features': ['open', 'high', 'low', 'close', 'volume', 'rsi_14', 'macd', 'sma_20', 'ema_9']}
2025-04-01 22:23:04 | INFO     | models.base_predictor:__init__:62 - Sử dụng cấu hình prediction cho intraday: {'lookback_window': 60, 'update_interval': 15, 'features': ['open', 'high', 'low', 'close', 'volume', 'rsi_14', 'macd', 'sma_20', 'ema_9']}
2025-04-01 22:23:04 | INFO     | models.base_predictor:__init__:62 - Sử dụng cấu hình prediction cho five_day: {'lookback_window': 30, 'update_interval': 1440, 'features': ['open', 'high', 'low', 'close', 'volume', 'rsi_14', 'macd', 'sma_20', 'ema_9']}
2025-04-01 22:23:04 | INFO     | models.base_predictor:__init__:62 - Sử dụng cấu hình prediction cho monthly: {'lookback_window': 60, 'update_interval': 1440, 'features': ['open', 'high', 'low', 'close', 'volume', 'rsi_14', 'macd', 'sma_20', 'ema_9']}
2025-04-01 22:23:05 | INFO     | models.base_predictor:__init__:62 - Sử dụng cấu hình prediction cho monthly: {'lookback_window': 60, 'update_interval': 1440, 'features': ['open', 'high', 'low', 'close', 'volume', 'rsi_14', 'macd', 'sma_20', 'ema_9']}
2025-04-01 22:23:07 | INFO     | models.base_predictor:__init__:62 - Sử dụng cấu hình prediction cho monthly: {'lookback_window': 60, 'update_interval': 1440, 'features': ['open', 'high', 'low', 'close', 'volume', 'rsi_14', 'macd', 'sma_20', 'ema_9']}
2025-04-01 22:23:08 | INFO     | models.base_predictor:__init__:62 - Sử dụng cấu hình prediction cho monthly: {'lookback_window': 60, 'update_interval': 1440, 'features': ['open', 'high', 'low', 'close', 'volume', 'rsi_14', 'macd', 'sma_20', 'ema_9']}
2025-04-01 22:23:09 | INFO     | models.base_predictor:__init__:62 - Sử dụng cấu hình prediction cho monthly: {'lookback_window': 60, 'update_interval': 1440, 'features': ['open', 'high', 'low', 'close', 'volume', 'rsi_14', 'macd', 'sma_20', 'ema_9']}
2025-04-01 22:23:10 | INFO     | models.base_predictor:__init__:62 - Sử dụng cấu hình prediction cho monthly: {'lookback_window': 60, 'update_interval': 1440, 'features': ['open', 'high', 'low', 'close', 'volume', 'rsi_14', 'macd', 'sma_20', 'ema_9']}
2025-04-01 22:34:08 | INFO     | models.base_predictor:__init__:62 - Sử dụng cấu hình prediction cho intraday: {'lookback_window': 60, 'update_interval': 15, 'features': ['open', 'high', 'low', 'close', 'volume', 'rsi_14', 'macd', 'sma_20', 'ema_9']}
2025-04-01 22:34:08 | INFO     | models.base_predictor:__init__:62 - Sử dụng cấu hình prediction cho five_day: {'lookback_window': 30, 'update_interval': 1440, 'features': ['open', 'high', 'low', 'close', 'volume', 'rsi_14', 'macd', 'sma_20', 'ema_9']}
2025-04-01 22:34:08 | INFO     | models.base_predictor:__init__:62 - Sử dụng cấu hình prediction cho monthly: {'lookback_window': 60, 'update_interval': 1440, 'features': ['open', 'high', 'low', 'close', 'volume', 'rsi_14', 'macd', 'sma_20', 'ema_9']}
2025-04-01 22:34:08 | INFO     | models.base_predictor:__init__:62 - Sử dụng cấu hình prediction cho intraday: {'lookback_window': 60, 'update_interval': 15, 'features': ['open', 'high', 'low', 'close', 'volume', 'rsi_14', 'macd', 'sma_20', 'ema_9']}
2025-04-01 22:34:08 | INFO     | models.base_predictor:__init__:62 - Sử dụng cấu hình prediction cho five_day: {'lookback_window': 30, 'update_interval': 1440, 'features': ['open', 'high', 'low', 'close', 'volume', 'rsi_14', 'macd', 'sma_20', 'ema_9']}
2025-04-01 22:34:08 | INFO     | models.base_predictor:__init__:62 - Sử dụng cấu hình prediction cho monthly: {'lookback_window': 60, 'update_interval': 1440, 'features': ['open', 'high', 'low', 'close', 'volume', 'rsi_14', 'macd', 'sma_20', 'ema_9']}
2025-04-01 22:34:08 | INFO     | models.base_predictor:__init__:62 - Sử dụng cấu hình prediction cho intraday: {'lookback_window': 60, 'update_interval': 15, 'features': ['open', 'high', 'low', 'close', 'volume', 'rsi_14', 'macd', 'sma_20', 'ema_9']}
2025-04-01 22:34:08 | INFO     | models.base_predictor:__init__:62 - Sử dụng cấu hình prediction cho five_day: {'lookback_window': 30, 'update_interval': 1440, 'features': ['open', 'high', 'low', 'close', 'volume', 'rsi_14', 'macd', 'sma_20', 'ema_9']}
2025-04-01 22:34:08 | INFO     | models.base_predictor:__init__:62 - Sử dụng cấu hình prediction cho monthly: {'lookback_window': 60, 'update_interval': 1440, 'features': ['open', 'high', 'low', 'close', 'volume', 'rsi_14', 'macd', 'sma_20', 'ema_9']}
2025-04-01 22:34:08 | INFO     | models.base_predictor:__init__:62 - Sử dụng cấu hình prediction cho intraday: {'lookback_window': 60, 'update_interval': 15, 'features': ['open', 'high', 'low', 'close', 'volume', 'rsi_14', 'macd', 'sma_20', 'ema_9']}
2025-04-01 22:34:08 | INFO     | models.base_predictor:__init__:62 - Sử dụng cấu hình prediction cho five_day: {'lookback_window': 30, 'update_interval': 1440, 'features': ['open', 'high', 'low', 'close', 'volume', 'rsi_14', 'macd', 'sma_20', 'ema_9']}
2025-04-01 22:34:08 | INFO     | models.base_predictor:__init__:62 - Sử dụng cấu hình prediction cho monthly: {'lookback_window': 60, 'update_interval': 1440, 'features': ['open', 'high', 'low', 'close', 'volume', 'rsi_14', 'macd', 'sma_20', 'ema_9']}
2025-04-01 22:34:08 | INFO     | models.base_predictor:__init__:62 - Sử dụng cấu hình prediction cho intraday: {'lookback_window': 60, 'update_interval': 15, 'features': ['open', 'high', 'low', 'close', 'volume', 'rsi_14', 'macd', 'sma_20', 'ema_9']}
2025-04-01 22:34:08 | INFO     | models.base_predictor:__init__:62 - Sử dụng cấu hình prediction cho five_day: {'lookback_window': 30, 'update_interval': 1440, 'features': ['open', 'high', 'low', 'close', 'volume', 'rsi_14', 'macd', 'sma_20', 'ema_9']}
2025-04-01 22:34:08 | INFO     | models.base_predictor:__init__:62 - Sử dụng cấu hình prediction cho monthly: {'lookback_window': 60, 'update_interval': 1440, 'features': ['open', 'high', 'low', 'close', 'volume', 'rsi_14', 'macd', 'sma_20', 'ema_9']}
2025-04-01 22:34:09 | INFO     | models.base_predictor:__init__:62 - Sử dụng cấu hình prediction cho monthly: {'lookback_window': 60, 'update_interval': 1440, 'features': ['open', 'high', 'low', 'close', 'volume', 'rsi_14', 'macd', 'sma_20', 'ema_9']}
2025-04-01 22:34:24 | INFO     | models.base_predictor:__init__:62 - Sử dụng cấu hình prediction cho monthly: {'lookback_window': 60, 'update_interval': 1440, 'features': ['open', 'high', 'low', 'close', 'volume', 'rsi_14', 'macd', 'sma_20', 'ema_9']}
2025-04-01 22:34:38 | INFO     | models.base_predictor:__init__:62 - Sử dụng cấu hình prediction cho monthly: {'lookback_window': 60, 'update_interval': 1440, 'features': ['open', 'high', 'low', 'close', 'volume', 'rsi_14', 'macd', 'sma_20', 'ema_9']}
2025-04-01 22:34:52 | INFO     | models.base_predictor:__init__:62 - Sử dụng cấu hình prediction cho monthly: {'lookback_window': 60, 'update_interval': 1440, 'features': ['open', 'high', 'low', 'close', 'volume', 'rsi_14', 'macd', 'sma_20', 'ema_9']}
2025-04-01 22:35:06 | INFO     | models.base_predictor:__init__:62 - Sử dụng cấu hình prediction cho monthly: {'lookback_window': 60, 'update_interval': 1440, 'features': ['open', 'high', 'low', 'close', 'volume', 'rsi_14', 'macd', 'sma_20', 'ema_9']}
2025-04-01 22:39:04 | INFO     | __main__:_check_and_predict:527 - Không trong giờ giao dịch, bỏ qua dự đoán
2025-04-01 22:44:04 | INFO     | __main__:_check_and_predict:527 - Không trong giờ giao dịch, bỏ qua dự đoán
2025-04-01 22:49:06 | INFO     | __main__:_check_and_predict:527 - Không trong giờ giao dịch, bỏ qua dự đoán
2025-04-01 22:54:06 | INFO     | __main__:_check_and_predict:527 - Không trong giờ giao dịch, bỏ qua dự đoán
2025-04-01 22:59:07 | INFO     | __main__:_check_and_predict:527 - Không trong giờ giao dịch, bỏ qua dự đoán
2025-04-01 23:04:09 | INFO     | __main__:_check_and_predict:527 - Không trong giờ giao dịch, bỏ qua dự đoán
2025-04-01 23:09:10 | INFO     | __main__:_check_and_predict:527 - Không trong giờ giao dịch, bỏ qua dự đoán
2025-04-01 23:14:10 | INFO     | __main__:_check_and_predict:527 - Không trong giờ giao dịch, bỏ qua dự đoán
2025-04-01 23:19:12 | INFO     | __main__:_check_and_predict:527 - Không trong giờ giao dịch, bỏ qua dự đoán
2025-04-01 23:24:13 | INFO     | __main__:_check_and_predict:527 - Không trong giờ giao dịch, bỏ qua dự đoán
2025-04-01 23:29:13 | INFO     | __main__:_check_and_predict:527 - Không trong giờ giao dịch, bỏ qua dự đoán
2025-04-01 23:34:05 | INFO     | models.base_predictor:__init__:62 - Sử dụng cấu hình prediction cho intraday: {'lookback_window': 60, 'update_interval': 15, 'features': ['open', 'high', 'low', 'close', 'volume', 'rsi_14', 'macd', 'sma_20', 'ema_9']}
2025-04-01 23:34:05 | INFO     | models.base_predictor:__init__:62 - Sử dụng cấu hình prediction cho five_day: {'lookback_window': 30, 'update_interval': 1440, 'features': ['open', 'high', 'low', 'close', 'volume', 'rsi_14', 'macd', 'sma_20', 'ema_9']}
2025-04-01 23:34:05 | INFO     | models.base_predictor:__init__:62 - Sử dụng cấu hình prediction cho monthly: {'lookback_window': 60, 'update_interval': 1440, 'features': ['open', 'high', 'low', 'close', 'volume', 'rsi_14', 'macd', 'sma_20', 'ema_9']}
2025-04-01 23:34:21 | INFO     | models.base_predictor:__init__:62 - Sử dụng cấu hình prediction cho intraday: {'lookback_window': 60, 'update_interval': 15, 'features': ['open', 'high', 'low', 'close', 'volume', 'rsi_14', 'macd', 'sma_20', 'ema_9']}
2025-04-01 23:34:21 | INFO     | models.base_predictor:__init__:62 - Sử dụng cấu hình prediction cho five_day: {'lookback_window': 30, 'update_interval': 1440, 'features': ['open', 'high', 'low', 'close', 'volume', 'rsi_14', 'macd', 'sma_20', 'ema_9']}
2025-04-01 23:34:21 | INFO     | models.base_predictor:__init__:62 - Sử dụng cấu hình prediction cho monthly: {'lookback_window': 60, 'update_interval': 1440, 'features': ['open', 'high', 'low', 'close', 'volume', 'rsi_14', 'macd', 'sma_20', 'ema_9']}
2025-04-01 23:34:36 | INFO     | models.base_predictor:__init__:62 - Sử dụng cấu hình prediction cho intraday: {'lookback_window': 60, 'update_interval': 15, 'features': ['open', 'high', 'low', 'close', 'volume', 'rsi_14', 'macd', 'sma_20', 'ema_9']}
2025-04-01 23:34:36 | INFO     | models.base_predictor:__init__:62 - Sử dụng cấu hình prediction cho five_day: {'lookback_window': 30, 'update_interval': 1440, 'features': ['open', 'high', 'low', 'close', 'volume', 'rsi_14', 'macd', 'sma_20', 'ema_9']}
2025-04-01 23:34:36 | INFO     | models.base_predictor:__init__:62 - Sử dụng cấu hình prediction cho monthly: {'lookback_window': 60, 'update_interval': 1440, 'features': ['open', 'high', 'low', 'close', 'volume', 'rsi_14', 'macd', 'sma_20', 'ema_9']}
2025-04-01 23:34:51 | INFO     | models.base_predictor:__init__:62 - Sử dụng cấu hình prediction cho intraday: {'lookback_window': 60, 'update_interval': 15, 'features': ['open', 'high', 'low', 'close', 'volume', 'rsi_14', 'macd', 'sma_20', 'ema_9']}
2025-04-01 23:34:51 | INFO     | models.base_predictor:__init__:62 - Sử dụng cấu hình prediction cho five_day: {'lookback_window': 30, 'update_interval': 1440, 'features': ['open', 'high', 'low', 'close', 'volume', 'rsi_14', 'macd', 'sma_20', 'ema_9']}
2025-04-01 23:34:51 | INFO     | models.base_predictor:__init__:62 - Sử dụng cấu hình prediction cho monthly: {'lookback_window': 60, 'update_interval': 1440, 'features': ['open', 'high', 'low', 'close', 'volume', 'rsi_14', 'macd', 'sma_20', 'ema_9']}
2025-04-01 23:35:06 | INFO     | models.base_predictor:__init__:62 - Sử dụng cấu hình prediction cho intraday: {'lookback_window': 60, 'update_interval': 15, 'features': ['open', 'high', 'low', 'close', 'volume', 'rsi_14', 'macd', 'sma_20', 'ema_9']}
2025-04-01 23:35:06 | INFO     | models.base_predictor:__init__:62 - Sử dụng cấu hình prediction cho five_day: {'lookback_window': 30, 'update_interval': 1440, 'features': ['open', 'high', 'low', 'close', 'volume', 'rsi_14', 'macd', 'sma_20', 'ema_9']}
2025-04-01 23:35:06 | INFO     | models.base_predictor:__init__:62 - Sử dụng cấu hình prediction cho monthly: {'lookback_window': 60, 'update_interval': 1440, 'features': ['open', 'high', 'low', 'close', 'volume', 'rsi_14', 'macd', 'sma_20', 'ema_9']}
2025-04-02 04:15:18 | INFO     | __main__:_run_predictions:547 - Bắt đầu dự đoán giá cổ phiếu...
2025-04-02 04:15:18 | INFO     | models.base_predictor:__init__:62 - Sử dụng cấu hình prediction cho intraday: {'lookback_window': 60, 'update_interval': 15, 'features': ['open', 'high', 'low', 'close', 'volume', 'rsi_14', 'macd', 'sma_20', 'ema_9']}
2025-04-02 04:15:20 | INFO     | models.base_predictor:predict:476 - Dự đoán TSLA - intraday: up (16.1%) - Giá: 262.93
2025-04-02 04:15:20 | INFO     | models.base_predictor:__init__:62 - Sử dụng cấu hình prediction cho five_day: {'lookback_window': 30, 'update_interval': 1440, 'features': ['open', 'high', 'low', 'close', 'volume', 'rsi_14', 'macd', 'sma_20', 'ema_9']}
2025-04-02 04:15:21 | INFO     | models.base_predictor:predict:476 - Dự đoán TSLA - five_day: down (56.7%) - Giá: 238.02
2025-04-02 04:15:21 | INFO     | models.base_predictor:__init__:62 - Sử dụng cấu hình prediction cho monthly: {'lookback_window': 60, 'update_interval': 1440, 'features': ['open', 'high', 'low', 'close', 'volume', 'rsi_14', 'macd', 'sma_20', 'ema_9']}
2025-04-02 04:15:37 | INFO     | models.base_predictor:predict:476 - Dự đoán TSLA - monthly: down (82.4%) - Giá: 224.19
2025-04-02 04:15:38 | INFO     | utils.visualization:create_price_prediction_chart:279 - Đã lưu biểu đồ dự đoán TSLA tại /home/trietvo/BondZiA/charts/TSLA_prediction_20250402_041537.png
2025-04-02 04:15:39 | INFO     | utils.discord_notifier:send_prediction_message:300 - Đã gửi thông báo dự đoán cho: ['TSLA']
2025-04-02 04:15:40 | INFO     | __main__:_run_predictions:668 - Đã dự đoán giá cho 1 cổ phiếu
2025-04-02 04:20:40 | INFO     | __main__:_run_predictions:547 - Bắt đầu dự đoán giá cổ phiếu...
2025-04-02 04:20:41 | INFO     | __main__:_run_predictions:668 - Đã dự đoán giá cho 0 cổ phiếu
2025-04-02 04:25:42 | INFO     | __main__:_run_predictions:547 - Bắt đầu dự đoán giá cổ phiếu...
2025-04-02 04:25:43 | INFO     | __main__:_run_predictions:668 - Đã dự đoán giá cho 0 cổ phiếu
2025-04-02 04:30:43 | INFO     | __main__:_run_predictions:547 - Bắt đầu dự đoán giá cổ phiếu...
2025-04-02 04:30:43 | INFO     | models.base_predictor:__init__:62 - Sử dụng cấu hình prediction cho intraday: {'lookback_window': 60, 'update_interval': 15, 'features': ['open', 'high', 'low', 'close', 'volume', 'rsi_14', 'macd', 'sma_20', 'ema_9']}
2025-04-02 04:30:45 | INFO     | models.base_predictor:predict:476 - Dự đoán TSLA - intraday: up (16.1%) - Giá: 262.93
2025-04-02 04:30:45 | INFO     | utils.visualization:create_price_prediction_chart:279 - Đã lưu biểu đồ dự đoán TSLA tại /home/trietvo/BondZiA/charts/TSLA_prediction_20250402_043045.png
2025-04-02 04:30:46 | INFO     | utils.discord_notifier:send_prediction_message:300 - Đã gửi thông báo dự đoán cho: ['TSLA']
2025-04-02 04:30:47 | INFO     | __main__:_run_predictions:668 - Đã dự đoán giá cho 1 cổ phiếu
2025-04-02 04:35:47 | INFO     | __main__:_run_predictions:547 - Bắt đầu dự đoán giá cổ phiếu...
2025-04-02 04:35:49 | INFO     | __main__:_run_predictions:668 - Đã dự đoán giá cho 0 cổ phiếu
2025-04-02 04:40:49 | INFO     | __main__:_run_predictions:547 - Bắt đầu dự đoán giá cổ phiếu...
2025-04-02 04:40:50 | INFO     | __main__:_run_predictions:668 - Đã dự đoán giá cho 0 cổ phiếu
2025-04-02 04:45:50 | INFO     | __main__:_run_predictions:547 - Bắt đầu dự đoán giá cổ phiếu...
2025-04-02 04:45:51 | INFO     | models.base_predictor:__init__:62 - Sử dụng cấu hình prediction cho intraday: {'lookback_window': 60, 'update_interval': 15, 'features': ['open', 'high', 'low', 'close', 'volume', 'rsi_14', 'macd', 'sma_20', 'ema_9']}
2025-04-02 04:45:52 | INFO     | models.base_predictor:predict:476 - Dự đoán TSLA - intraday: up (16.1%) - Giá: 262.93
2025-04-02 04:45:52 | INFO     | utils.visualization:create_price_prediction_chart:279 - Đã lưu biểu đồ dự đoán TSLA tại /home/trietvo/BondZiA/charts/TSLA_prediction_20250402_044552.png
2025-04-02 04:45:53 | INFO     | utils.discord_notifier:send_prediction_message:300 - Đã gửi thông báo dự đoán cho: ['TSLA']
2025-04-02 04:45:54 | INFO     | __main__:_run_predictions:668 - Đã dự đoán giá cho 1 cổ phiếu
2025-04-02 04:50:54 | INFO     | __main__:_run_predictions:547 - Bắt đầu dự đoán giá cổ phiếu...
2025-04-02 04:50:55 | INFO     | __main__:_run_predictions:668 - Đã dự đoán giá cho 0 cổ phiếu
2025-04-02 04:55:56 | INFO     | __main__:_run_predictions:547 - Bắt đầu dự đoán giá cổ phiếu...
2025-04-02 04:55:57 | INFO     | __main__:_run_predictions:668 - Đã dự đoán giá cho 0 cổ phiếu
2025-04-02 05:00:57 | INFO     | __main__:_run_predictions:547 - Bắt đầu dự đoán giá cổ phiếu...
2025-04-02 05:00:58 | INFO     | models.base_predictor:__init__:62 - Sử dụng cấu hình prediction cho intraday: {'lookback_window': 60, 'update_interval': 15, 'features': ['open', 'high', 'low', 'close', 'volume', 'rsi_14', 'macd', 'sma_20', 'ema_9']}
2025-04-02 05:01:00 | INFO     | models.base_predictor:predict:476 - Dự đoán TSLA - intraday: up (16.1%) - Giá: 262.93
2025-04-02 05:01:00 | INFO     | utils.visualization:create_price_prediction_chart:279 - Đã lưu biểu đồ dự đoán TSLA tại /home/trietvo/BondZiA/charts/TSLA_prediction_20250402_050100.png
2025-04-02 05:01:01 | INFO     | utils.discord_notifier:send_prediction_message:300 - Đã gửi thông báo dự đoán cho: ['TSLA']
2025-04-02 05:01:02 | INFO     | __main__:_run_predictions:668 - Đã dự đoán giá cho 1 cổ phiếu
2025-04-02 05:06:02 | INFO     | __main__:_run_predictions:547 - Bắt đầu dự đoán giá cổ phiếu...
2025-04-02 05:06:03 | INFO     | __main__:_run_predictions:668 - Đã dự đoán giá cho 0 cổ phiếu
2025-04-02 05:11:04 | INFO     | __main__:_run_predictions:547 - Bắt đầu dự đoán giá cổ phiếu...
2025-04-02 05:11:05 | INFO     | __main__:_run_predictions:668 - Đã dự đoán giá cho 0 cổ phiếu
2025-04-02 05:16:05 | INFO     | __main__:_run_predictions:547 - Bắt đầu dự đoán giá cổ phiếu...
2025-04-02 05:16:05 | INFO     | models.base_predictor:__init__:62 - Sử dụng cấu hình prediction cho intraday: {'lookback_window': 60, 'update_interval': 15, 'features': ['open', 'high', 'low', 'close', 'volume', 'rsi_14', 'macd', 'sma_20', 'ema_9']}
2025-04-02 05:16:06 | INFO     | models.base_predictor:predict:476 - Dự đoán TSLA - intraday: up (16.1%) - Giá: 262.93
2025-04-02 05:16:07 | INFO     | utils.visualization:create_price_prediction_chart:279 - Đã lưu biểu đồ dự đoán TSLA tại /home/trietvo/BondZiA/charts/TSLA_prediction_20250402_051607.png
2025-04-02 05:16:07 | INFO     | utils.discord_notifier:send_prediction_message:300 - Đã gửi thông báo dự đoán cho: ['TSLA']
2025-04-02 05:16:08 | INFO     | __main__:_run_predictions:668 - Đã dự đoán giá cho 1 cổ phiếu
2025-04-02 05:21:09 | INFO     | __main__:_run_predictions:547 - Bắt đầu dự đoán giá cổ phiếu...
2025-04-02 05:21:10 | INFO     | __main__:_run_predictions:668 - Đã dự đoán giá cho 0 cổ phiếu
2025-04-02 05:26:11 | INFO     | __main__:_run_predictions:547 - Bắt đầu dự đoán giá cổ phiếu...
2025-04-02 05:26:12 | INFO     | __main__:_run_predictions:668 - Đã dự đoán giá cho 0 cổ phiếu
2025-04-02 05:31:12 | INFO     | __main__:_run_predictions:547 - Bắt đầu dự đoán giá cổ phiếu...
2025-04-02 05:31:12 | INFO     | models.base_predictor:__init__:62 - Sử dụng cấu hình prediction cho intraday: {'lookback_window': 60, 'update_interval': 15, 'features': ['open', 'high', 'low', 'close', 'volume', 'rsi_14', 'macd', 'sma_20', 'ema_9']}
2025-04-02 05:31:14 | INFO     | models.base_predictor:predict:476 - Dự đoán TSLA - intraday: up (16.1%) - Giá: 262.93
2025-04-02 05:31:14 | INFO     | utils.visualization:create_price_prediction_chart:279 - Đã lưu biểu đồ dự đoán TSLA tại /home/trietvo/BondZiA/charts/TSLA_prediction_20250402_053114.png
2025-04-02 05:31:15 | INFO     | utils.discord_notifier:send_prediction_message:300 - Đã gửi thông báo dự đoán cho: ['TSLA']
2025-04-02 05:31:16 | INFO     | __main__:_run_predictions:668 - Đã dự đoán giá cho 1 cổ phiếu
2025-04-02 05:36:16 | INFO     | __main__:_run_predictions:547 - Bắt đầu dự đoán giá cổ phiếu...
2025-04-02 05:36:17 | INFO     | __main__:_run_predictions:668 - Đã dự đoán giá cho 0 cổ phiếu
2025-04-02 05:41:18 | INFO     | __main__:_run_predictions:547 - Bắt đầu dự đoán giá cổ phiếu...
2025-04-02 05:41:19 | INFO     | __main__:_run_predictions:668 - Đã dự đoán giá cho 0 cổ phiếu
2025-04-02 05:46:19 | INFO     | __main__:_run_predictions:547 - Bắt đầu dự đoán giá cổ phiếu...
2025-04-02 05:46:20 | INFO     | models.base_predictor:__init__:62 - Sử dụng cấu hình prediction cho intraday: {'lookback_window': 60, 'update_interval': 15, 'features': ['open', 'high', 'low', 'close', 'volume', 'rsi_14', 'macd', 'sma_20', 'ema_9']}
2025-04-02 05:46:21 | INFO     | models.base_predictor:predict:476 - Dự đoán TSLA - intraday: up (16.1%) - Giá: 262.93
2025-04-02 05:46:21 | INFO     | utils.visualization:create_price_prediction_chart:279 - Đã lưu biểu đồ dự đoán TSLA tại /home/trietvo/BondZiA/charts/TSLA_prediction_20250402_054621.png
2025-04-02 05:46:22 | INFO     | utils.discord_notifier:send_prediction_message:300 - Đã gửi thông báo dự đoán cho: ['TSLA']
2025-04-02 05:46:23 | INFO     | __main__:_run_predictions:668 - Đã dự đoán giá cho 1 cổ phiếu
2025-04-02 05:51:23 | INFO     | __main__:_run_predictions:547 - Bắt đầu dự đoán giá cổ phiếu...
2025-04-02 05:51:25 | INFO     | __main__:_run_predictions:668 - Đã dự đoán giá cho 0 cổ phiếu
2025-04-02 05:56:25 | INFO     | __main__:_run_predictions:547 - Bắt đầu dự đoán giá cổ phiếu...
2025-04-02 05:56:26 | INFO     | __main__:_run_predictions:668 - Đã dự đoán giá cho 0 cổ phiếu
2025-04-02 06:01:26 | INFO     | __main__:_run_predictions:547 - Bắt đầu dự đoán giá cổ phiếu...
2025-04-02 06:01:26 | INFO     | models.base_predictor:__init__:62 - Sử dụng cấu hình prediction cho intraday: {'lookback_window': 60, 'update_interval': 15, 'features': ['open', 'high', 'low', 'close', 'volume', 'rsi_14', 'macd', 'sma_20', 'ema_9']}
2025-04-02 06:01:28 | INFO     | models.base_predictor:predict:476 - Dự đoán TSLA - intraday: up (16.1%) - Giá: 262.93
2025-04-02 06:01:29 | INFO     | utils.visualization:create_price_prediction_chart:279 - Đã lưu biểu đồ dự đoán TSLA tại /home/trietvo/BondZiA/charts/TSLA_prediction_20250402_060129.png
2025-04-02 06:01:30 | INFO     | utils.discord_notifier:send_prediction_message:300 - Đã gửi thông báo dự đoán cho: ['TSLA']
2025-04-02 06:01:31 | INFO     | __main__:_run_predictions:668 - Đã dự đoán giá cho 1 cổ phiếu
2025-04-02 06:06:31 | INFO     | __main__:_run_predictions:547 - Bắt đầu dự đoán giá cổ phiếu...
2025-04-02 06:06:32 | INFO     | __main__:_run_predictions:668 - Đã dự đoán giá cho 0 cổ phiếu
2025-04-02 06:11:32 | INFO     | __main__:_run_predictions:547 - Bắt đầu dự đoán giá cổ phiếu...
2025-04-02 06:11:37 | INFO     | __main__:_run_predictions:668 - Đã dự đoán giá cho 0 cổ phiếu
2025-04-02 06:16:38 | INFO     | __main__:_run_predictions:547 - Bắt đầu dự đoán giá cổ phiếu...
2025-04-02 06:16:38 | INFO     | models.base_predictor:__init__:62 - Sử dụng cấu hình prediction cho intraday: {'lookback_window': 60, 'update_interval': 15, 'features': ['open', 'high', 'low', 'close', 'volume', 'rsi_14', 'macd', 'sma_20', 'ema_9']}
2025-04-02 06:16:40 | INFO     | models.base_predictor:predict:476 - Dự đoán TSLA - intraday: up (16.1%) - Giá: 262.93
2025-04-02 06:16:40 | INFO     | utils.visualization:create_price_prediction_chart:279 - Đã lưu biểu đồ dự đoán TSLA tại /home/trietvo/BondZiA/charts/TSLA_prediction_20250402_061640.png
2025-04-02 06:16:41 | INFO     | utils.discord_notifier:send_prediction_message:300 - Đã gửi thông báo dự đoán cho: ['TSLA']
2025-04-02 06:16:42 | INFO     | __main__:_run_predictions:668 - Đã dự đoán giá cho 1 cổ phiếu
2025-04-02 06:21:42 | INFO     | __main__:_run_predictions:547 - Bắt đầu dự đoán giá cổ phiếu...
2025-04-02 06:21:43 | INFO     | __main__:_run_predictions:668 - Đã dự đoán giá cho 0 cổ phiếu
2025-04-02 06:26:43 | INFO     | __main__:_run_predictions:547 - Bắt đầu dự đoán giá cổ phiếu...
2025-04-02 06:26:45 | INFO     | __main__:_run_predictions:668 - Đã dự đoán giá cho 0 cổ phiếu
2025-04-02 06:31:45 | INFO     | __main__:_run_predictions:547 - Bắt đầu dự đoán giá cổ phiếu...
2025-04-02 06:31:45 | INFO     | models.base_predictor:__init__:62 - Sử dụng cấu hình prediction cho intraday: {'lookback_window': 60, 'update_interval': 15, 'features': ['open', 'high', 'low', 'close', 'volume', 'rsi_14', 'macd', 'sma_20', 'ema_9']}
2025-04-02 06:31:46 | INFO     | models.base_predictor:predict:476 - Dự đoán TSLA - intraday: up (16.1%) - Giá: 262.93
2025-04-02 06:31:47 | INFO     | utils.visualization:create_price_prediction_chart:279 - Đã lưu biểu đồ dự đoán TSLA tại /home/trietvo/BondZiA/charts/TSLA_prediction_20250402_063146.png
2025-04-02 06:31:47 | INFO     | utils.discord_notifier:send_prediction_message:300 - Đã gửi thông báo dự đoán cho: ['TSLA']
2025-04-02 06:31:48 | INFO     | __main__:_run_predictions:668 - Đã dự đoán giá cho 1 cổ phiếu
2025-04-02 06:36:49 | INFO     | __main__:_run_predictions:547 - Bắt đầu dự đoán giá cổ phiếu...
2025-04-02 06:36:50 | INFO     | __main__:_run_predictions:668 - Đã dự đoán giá cho 0 cổ phiếu
2025-04-02 06:41:50 | INFO     | __main__:_run_predictions:547 - Bắt đầu dự đoán giá cổ phiếu...
2025-04-02 06:41:51 | INFO     | __main__:_run_predictions:668 - Đã dự đoán giá cho 0 cổ phiếu
2025-04-02 06:46:51 | INFO     | __main__:_run_predictions:547 - Bắt đầu dự đoán giá cổ phiếu...
2025-04-02 06:46:51 | INFO     | models.base_predictor:__init__:62 - Sử dụng cấu hình prediction cho intraday: {'lookback_window': 60, 'update_interval': 15, 'features': ['open', 'high', 'low', 'close', 'volume', 'rsi_14', 'macd', 'sma_20', 'ema_9']}
2025-04-02 06:46:53 | INFO     | models.base_predictor:predict:476 - Dự đoán TSLA - intraday: up (16.1%) - Giá: 262.93
2025-04-02 06:46:53 | INFO     | utils.visualization:create_price_prediction_chart:279 - Đã lưu biểu đồ dự đoán TSLA tại /home/trietvo/BondZiA/charts/TSLA_prediction_20250402_064653.png
2025-04-02 06:46:54 | INFO     | utils.discord_notifier:send_prediction_message:300 - Đã gửi thông báo dự đoán cho: ['TSLA']
2025-04-02 06:46:55 | INFO     | __main__:_run_predictions:668 - Đã dự đoán giá cho 1 cổ phiếu
2025-04-02 06:51:55 | INFO     | __main__:_run_predictions:547 - Bắt đầu dự đoán giá cổ phiếu...
2025-04-02 06:51:56 | INFO     | __main__:_run_predictions:668 - Đã dự đoán giá cho 0 cổ phiếu
2025-04-02 06:56:57 | INFO     | __main__:_run_predictions:547 - Bắt đầu dự đoán giá cổ phiếu...
2025-04-02 06:56:58 | INFO     | __main__:_run_predictions:668 - Đã dự đoán giá cho 0 cổ phiếu
