2025-04-03 07:24:10 | ERROR    | utils.telegram_notifier:_send_message:78 - Lỗi khi gửi tin nhắn Telegram: 400 Client Error: Bad Request for url: https://api.telegram.org/bot7975563527:AAEGCkOxvrcbmDgN0v6t796mSJezFn0-mu8/sendMessage
2025-04-03 07:24:14 | ERROR    | utils.telegram_notifier:_send_message:78 - Lỗi khi gửi tin nhắn Telegram: 400 Client Error: Bad Request for url: https://api.telegram.org/bot7975563527:AAEGCkOxvrcbmDgN0v6t796mSJezFn0-mu8/sendMessage
2025-04-03 07:24:18 | ERROR    | utils.telegram_notifier:_send_message:78 - Lỗi khi gửi tin nhắn Telegram: 400 Client Error: Bad Request for url: https://api.telegram.org/bot7975563527:AAEGCkOxvrcbmDgN0v6t796mSJezFn0-mu8/sendMessage
2025-04-03 07:24:22 | ERROR    | utils.telegram_notifier:_send_message:78 - Lỗi khi gửi tin nhắn Telegram: 400 Client Error: Bad Request for url: https://api.telegram.org/bot7975563527:AAEGCkOxvrcbmDgN0v6t796mSJezFn0-mu8/sendMessage
2025-04-03 07:24:22 | ERROR    | utils.telegram_notifier:send_prediction_message:245 - Không thể gửi thông báo dự đoán Telegram cho: NVDA
2025-04-03 07:43:59 | ERROR    | utils.telegram_notifier:_send_message:78 - Lỗi khi gửi tin nhắn Telegram: 400 Client Error: Bad Request for url: https://api.telegram.org/bot7975563527:AAEGCkOxvrcbmDgN0v6t796mSJezFn0-mu8/sendMessage
2025-04-03 07:44:03 | ERROR    | utils.telegram_notifier:_send_message:78 - Lỗi khi gửi tin nhắn Telegram: 400 Client Error: Bad Request for url: https://api.telegram.org/bot7975563527:AAEGCkOxvrcbmDgN0v6t796mSJezFn0-mu8/sendMessage
2025-04-03 07:44:06 | ERROR    | utils.telegram_notifier:_send_message:78 - Lỗi khi gửi tin nhắn Telegram: 400 Client Error: Bad Request for url: https://api.telegram.org/bot7975563527:AAEGCkOxvrcbmDgN0v6t796mSJezFn0-mu8/sendMessage
2025-04-03 07:44:10 | ERROR    | utils.telegram_notifier:_send_message:78 - Lỗi khi gửi tin nhắn Telegram: 400 Client Error: Bad Request for url: https://api.telegram.org/bot7975563527:AAEGCkOxvrcbmDgN0v6t796mSJezFn0-mu8/sendMessage
2025-04-03 07:44:10 | ERROR    | utils.telegram_notifier:send_prediction_message:245 - Không thể gửi thông báo dự đoán Telegram cho: NVDA
2025-04-03 07:59:46 | ERROR    | utils.telegram_notifier:_send_message:78 - Lỗi khi gửi tin nhắn Telegram: 400 Client Error: Bad Request for url: https://api.telegram.org/bot7975563527:AAEGCkOxvrcbmDgN0v6t796mSJezFn0-mu8/sendMessage
2025-04-03 07:59:49 | ERROR    | utils.telegram_notifier:_send_message:78 - Lỗi khi gửi tin nhắn Telegram: 400 Client Error: Bad Request for url: https://api.telegram.org/bot7975563527:AAEGCkOxvrcbmDgN0v6t796mSJezFn0-mu8/sendMessage
2025-04-03 07:59:53 | ERROR    | utils.telegram_notifier:_send_message:78 - Lỗi khi gửi tin nhắn Telegram: 400 Client Error: Bad Request for url: https://api.telegram.org/bot7975563527:AAEGCkOxvrcbmDgN0v6t796mSJezFn0-mu8/sendMessage
2025-04-03 07:59:57 | ERROR    | utils.telegram_notifier:_send_message:78 - Lỗi khi gửi tin nhắn Telegram: 400 Client Error: Bad Request for url: https://api.telegram.org/bot7975563527:AAEGCkOxvrcbmDgN0v6t796mSJezFn0-mu8/sendMessage
2025-04-03 07:59:57 | ERROR    | utils.telegram_notifier:send_prediction_message:245 - Không thể gửi thông báo dự đoán Telegram cho: NVDA
2025-04-03 08:15:34 | ERROR    | utils.telegram_notifier:_send_message:78 - Lỗi khi gửi tin nhắn Telegram: 400 Client Error: Bad Request for url: https://api.telegram.org/bot7975563527:AAEGCkOxvrcbmDgN0v6t796mSJezFn0-mu8/sendMessage
2025-04-03 08:15:38 | ERROR    | utils.telegram_notifier:_send_message:78 - Lỗi khi gửi tin nhắn Telegram: 400 Client Error: Bad Request for url: https://api.telegram.org/bot7975563527:AAEGCkOxvrcbmDgN0v6t796mSJezFn0-mu8/sendMessage
2025-04-03 08:15:42 | ERROR    | utils.telegram_notifier:_send_message:78 - Lỗi khi gửi tin nhắn Telegram: 400 Client Error: Bad Request for url: https://api.telegram.org/bot7975563527:AAEGCkOxvrcbmDgN0v6t796mSJezFn0-mu8/sendMessage
2025-04-03 08:15:46 | ERROR    | utils.telegram_notifier:_send_message:78 - Lỗi khi gửi tin nhắn Telegram: 400 Client Error: Bad Request for url: https://api.telegram.org/bot7975563527:AAEGCkOxvrcbmDgN0v6t796mSJezFn0-mu8/sendMessage
2025-04-03 08:15:46 | ERROR    | utils.telegram_notifier:send_prediction_message:245 - Không thể gửi thông báo dự đoán Telegram cho: NVDA
2025-04-03 08:31:24 | ERROR    | utils.telegram_notifier:_send_message:78 - Lỗi khi gửi tin nhắn Telegram: 400 Client Error: Bad Request for url: https://api.telegram.org/bot7975563527:AAEGCkOxvrcbmDgN0v6t796mSJezFn0-mu8/sendMessage
2025-04-03 08:31:28 | ERROR    | utils.telegram_notifier:_send_message:78 - Lỗi khi gửi tin nhắn Telegram: 400 Client Error: Bad Request for url: https://api.telegram.org/bot7975563527:AAEGCkOxvrcbmDgN0v6t796mSJezFn0-mu8/sendMessage
2025-04-03 08:31:32 | ERROR    | utils.telegram_notifier:_send_message:78 - Lỗi khi gửi tin nhắn Telegram: 400 Client Error: Bad Request for url: https://api.telegram.org/bot7975563527:AAEGCkOxvrcbmDgN0v6t796mSJezFn0-mu8/sendMessage
2025-04-03 08:31:36 | ERROR    | utils.telegram_notifier:_send_message:78 - Lỗi khi gửi tin nhắn Telegram: 400 Client Error: Bad Request for url: https://api.telegram.org/bot7975563527:AAEGCkOxvrcbmDgN0v6t796mSJezFn0-mu8/sendMessage
2025-04-03 08:31:36 | ERROR    | utils.telegram_notifier:send_prediction_message:245 - Không thể gửi thông báo dự đoán Telegram cho: NVDA
2025-04-03 08:47:11 | ERROR    | utils.telegram_notifier:_send_message:78 - Lỗi khi gửi tin nhắn Telegram: 400 Client Error: Bad Request for url: https://api.telegram.org/bot7975563527:AAEGCkOxvrcbmDgN0v6t796mSJezFn0-mu8/sendMessage
2025-04-03 08:47:15 | ERROR    | utils.telegram_notifier:_send_message:78 - Lỗi khi gửi tin nhắn Telegram: 400 Client Error: Bad Request for url: https://api.telegram.org/bot7975563527:AAEGCkOxvrcbmDgN0v6t796mSJezFn0-mu8/sendMessage
2025-04-03 08:47:19 | ERROR    | utils.telegram_notifier:_send_message:78 - Lỗi khi gửi tin nhắn Telegram: 400 Client Error: Bad Request for url: https://api.telegram.org/bot7975563527:AAEGCkOxvrcbmDgN0v6t796mSJezFn0-mu8/sendMessage
2025-04-03 08:47:23 | ERROR    | utils.telegram_notifier:_send_message:78 - Lỗi khi gửi tin nhắn Telegram: 400 Client Error: Bad Request for url: https://api.telegram.org/bot7975563527:AAEGCkOxvrcbmDgN0v6t796mSJezFn0-mu8/sendMessage
2025-04-03 08:47:23 | ERROR    | utils.telegram_notifier:send_prediction_message:245 - Không thể gửi thông báo dự đoán Telegram cho: NVDA
2025-04-03 09:02:57 | ERROR    | utils.telegram_notifier:_send_message:78 - Lỗi khi gửi tin nhắn Telegram: 400 Client Error: Bad Request for url: https://api.telegram.org/bot7975563527:AAEGCkOxvrcbmDgN0v6t796mSJezFn0-mu8/sendMessage
2025-04-03 09:03:01 | ERROR    | utils.telegram_notifier:_send_message:78 - Lỗi khi gửi tin nhắn Telegram: 400 Client Error: Bad Request for url: https://api.telegram.org/bot7975563527:AAEGCkOxvrcbmDgN0v6t796mSJezFn0-mu8/sendMessage
2025-04-03 09:03:05 | ERROR    | utils.telegram_notifier:_send_message:78 - Lỗi khi gửi tin nhắn Telegram: 400 Client Error: Bad Request for url: https://api.telegram.org/bot7975563527:AAEGCkOxvrcbmDgN0v6t796mSJezFn0-mu8/sendMessage
2025-04-03 09:03:09 | ERROR    | utils.telegram_notifier:_send_message:78 - Lỗi khi gửi tin nhắn Telegram: 400 Client Error: Bad Request for url: https://api.telegram.org/bot7975563527:AAEGCkOxvrcbmDgN0v6t796mSJezFn0-mu8/sendMessage
2025-04-03 09:03:09 | ERROR    | utils.telegram_notifier:send_prediction_message:245 - Không thể gửi thông báo dự đoán Telegram cho: NVDA
2025-04-03 09:19:03 | ERROR    | utils.telegram_notifier:_send_message:78 - Lỗi khi gửi tin nhắn Telegram: 400 Client Error: Bad Request for url: https://api.telegram.org/bot7975563527:AAEGCkOxvrcbmDgN0v6t796mSJezFn0-mu8/sendMessage
2025-04-03 09:19:07 | ERROR    | utils.telegram_notifier:_send_message:78 - Lỗi khi gửi tin nhắn Telegram: 400 Client Error: Bad Request for url: https://api.telegram.org/bot7975563527:AAEGCkOxvrcbmDgN0v6t796mSJezFn0-mu8/sendMessage
2025-04-03 09:19:11 | ERROR    | utils.telegram_notifier:_send_message:78 - Lỗi khi gửi tin nhắn Telegram: 400 Client Error: Bad Request for url: https://api.telegram.org/bot7975563527:AAEGCkOxvrcbmDgN0v6t796mSJezFn0-mu8/sendMessage
2025-04-03 09:19:15 | ERROR    | utils.telegram_notifier:_send_message:78 - Lỗi khi gửi tin nhắn Telegram: 400 Client Error: Bad Request for url: https://api.telegram.org/bot7975563527:AAEGCkOxvrcbmDgN0v6t796mSJezFn0-mu8/sendMessage
2025-04-03 09:19:15 | ERROR    | utils.telegram_notifier:send_prediction_message:245 - Không thể gửi thông báo dự đoán Telegram cho: NVDA
2025-04-03 09:34:49 | ERROR    | utils.telegram_notifier:_send_message:78 - Lỗi khi gửi tin nhắn Telegram: 400 Client Error: Bad Request for url: https://api.telegram.org/bot7975563527:AAEGCkOxvrcbmDgN0v6t796mSJezFn0-mu8/sendMessage
2025-04-03 09:34:53 | ERROR    | utils.telegram_notifier:_send_message:78 - Lỗi khi gửi tin nhắn Telegram: 400 Client Error: Bad Request for url: https://api.telegram.org/bot7975563527:AAEGCkOxvrcbmDgN0v6t796mSJezFn0-mu8/sendMessage
2025-04-03 09:34:57 | ERROR    | utils.telegram_notifier:_send_message:78 - Lỗi khi gửi tin nhắn Telegram: 400 Client Error: Bad Request for url: https://api.telegram.org/bot7975563527:AAEGCkOxvrcbmDgN0v6t796mSJezFn0-mu8/sendMessage
2025-04-03 09:35:01 | ERROR    | utils.telegram_notifier:_send_message:78 - Lỗi khi gửi tin nhắn Telegram: 400 Client Error: Bad Request for url: https://api.telegram.org/bot7975563527:AAEGCkOxvrcbmDgN0v6t796mSJezFn0-mu8/sendMessage
2025-04-03 09:35:01 | ERROR    | utils.telegram_notifier:send_prediction_message:245 - Không thể gửi thông báo dự đoán Telegram cho: NVDA
2025-04-03 09:50:35 | ERROR    | utils.telegram_notifier:_send_message:78 - Lỗi khi gửi tin nhắn Telegram: 400 Client Error: Bad Request for url: https://api.telegram.org/bot7975563527:AAEGCkOxvrcbmDgN0v6t796mSJezFn0-mu8/sendMessage
2025-04-03 09:50:39 | ERROR    | utils.telegram_notifier:_send_message:78 - Lỗi khi gửi tin nhắn Telegram: 400 Client Error: Bad Request for url: https://api.telegram.org/bot7975563527:AAEGCkOxvrcbmDgN0v6t796mSJezFn0-mu8/sendMessage
2025-04-03 09:50:43 | ERROR    | utils.telegram_notifier:_send_message:78 - Lỗi khi gửi tin nhắn Telegram: 400 Client Error: Bad Request for url: https://api.telegram.org/bot7975563527:AAEGCkOxvrcbmDgN0v6t796mSJezFn0-mu8/sendMessage
2025-04-03 09:50:47 | ERROR    | utils.telegram_notifier:_send_message:78 - Lỗi khi gửi tin nhắn Telegram: 400 Client Error: Bad Request for url: https://api.telegram.org/bot7975563527:AAEGCkOxvrcbmDgN0v6t796mSJezFn0-mu8/sendMessage
2025-04-03 09:50:47 | ERROR    | utils.telegram_notifier:send_prediction_message:245 - Không thể gửi thông báo dự đoán Telegram cho: NVDA
2025-04-03 10:06:28 | ERROR    | utils.telegram_notifier:_send_message:78 - Lỗi khi gửi tin nhắn Telegram: 400 Client Error: Bad Request for url: https://api.telegram.org/bot7975563527:AAEGCkOxvrcbmDgN0v6t796mSJezFn0-mu8/sendMessage
2025-04-03 10:06:32 | ERROR    | utils.telegram_notifier:_send_message:78 - Lỗi khi gửi tin nhắn Telegram: 400 Client Error: Bad Request for url: https://api.telegram.org/bot7975563527:AAEGCkOxvrcbmDgN0v6t796mSJezFn0-mu8/sendMessage
2025-04-03 10:06:36 | ERROR    | utils.telegram_notifier:_send_message:78 - Lỗi khi gửi tin nhắn Telegram: 400 Client Error: Bad Request for url: https://api.telegram.org/bot7975563527:AAEGCkOxvrcbmDgN0v6t796mSJezFn0-mu8/sendMessage
2025-04-03 10:06:39 | ERROR    | utils.telegram_notifier:_send_message:78 - Lỗi khi gửi tin nhắn Telegram: 400 Client Error: Bad Request for url: https://api.telegram.org/bot7975563527:AAEGCkOxvrcbmDgN0v6t796mSJezFn0-mu8/sendMessage
2025-04-03 10:06:39 | ERROR    | utils.telegram_notifier:send_prediction_message:245 - Không thể gửi thông báo dự đoán Telegram cho: NVDA
2025-04-03 10:22:15 | ERROR    | utils.telegram_notifier:_send_message:78 - Lỗi khi gửi tin nhắn Telegram: 400 Client Error: Bad Request for url: https://api.telegram.org/bot7975563527:AAEGCkOxvrcbmDgN0v6t796mSJezFn0-mu8/sendMessage
2025-04-03 10:22:19 | ERROR    | utils.telegram_notifier:_send_message:78 - Lỗi khi gửi tin nhắn Telegram: 400 Client Error: Bad Request for url: https://api.telegram.org/bot7975563527:AAEGCkOxvrcbmDgN0v6t796mSJezFn0-mu8/sendMessage
2025-04-03 10:22:23 | ERROR    | utils.telegram_notifier:_send_message:78 - Lỗi khi gửi tin nhắn Telegram: 400 Client Error: Bad Request for url: https://api.telegram.org/bot7975563527:AAEGCkOxvrcbmDgN0v6t796mSJezFn0-mu8/sendMessage
2025-04-03 10:22:27 | ERROR    | utils.telegram_notifier:_send_message:78 - Lỗi khi gửi tin nhắn Telegram: 400 Client Error: Bad Request for url: https://api.telegram.org/bot7975563527:AAEGCkOxvrcbmDgN0v6t796mSJezFn0-mu8/sendMessage
2025-04-03 10:22:27 | ERROR    | utils.telegram_notifier:send_prediction_message:245 - Không thể gửi thông báo dự đoán Telegram cho: NVDA
2025-04-03 10:33:18 | ERROR    | utils.data_fetcher:_make_request:97 - Error: HTTPSConnectionPool(host='api.polygon.io', port=443): Max retries exceeded with url: /v2/aggs/ticker/PLTR/range/1/day/2025-01-03/2025-04-03?adjusted=true&apiKey=G4YiWQQNOvZq372tdhVQTEptrXdALhIT (Caused by SSLError(SSLEOFError(8, 'EOF occurred in violation of protocol (_ssl.c:1129)'))) - URL: https://api.polygon.io/v2/aggs/ticker/PLTR/range/1/day/2025-01-03/2025-04-03
2025-04-03 10:33:18 | ERROR    | utils.data_fetcher:get_aggregates:220 - Lỗi khi lấy dữ liệu tổng hợp cho PLTR: HTTPSConnectionPool(host='api.polygon.io', port=443): Max retries exceeded with url: /v2/aggs/ticker/PLTR/range/1/day/2025-01-03/2025-04-03?adjusted=true&apiKey=G4YiWQQNOvZq372tdhVQTEptrXdALhIT (Caused by SSLError(SSLEOFError(8, 'EOF occurred in violation of protocol (_ssl.c:1129)')))
2025-04-03 10:33:19 | ERROR    | utils.data_fetcher:_make_request:97 - Error: ('Connection aborted.', RemoteDisconnected('Remote end closed connection without response')) - URL: https://api.polygon.io/v2/aggs/ticker/MSFT/range/1/day/2025-01-03/2025-04-03
2025-04-03 10:33:19 | ERROR    | utils.data_fetcher:get_aggregates:220 - Lỗi khi lấy dữ liệu tổng hợp cho MSFT: ('Connection aborted.', RemoteDisconnected('Remote end closed connection without response'))
2025-04-03 10:33:19 | ERROR    | utils.data_fetcher:_make_request:97 - Error: ('Connection aborted.', RemoteDisconnected('Remote end closed connection without response')) - URL: https://api.polygon.io/v2/aggs/ticker/AMZN/range/1/day/2025-01-03/2025-04-03
2025-04-03 10:33:19 | ERROR    | utils.data_fetcher:get_aggregates:220 - Lỗi khi lấy dữ liệu tổng hợp cho AMZN: ('Connection aborted.', RemoteDisconnected('Remote end closed connection without response'))
2025-04-03 10:33:19 | ERROR    | utils.data_fetcher:_make_request:97 - Error: ('Connection aborted.', RemoteDisconnected('Remote end closed connection without response')) - URL: https://api.polygon.io/v2/aggs/ticker/TSLA/range/1/day/2025-01-03/2025-04-03
2025-04-03 10:33:19 | ERROR    | utils.data_fetcher:get_aggregates:220 - Lỗi khi lấy dữ liệu tổng hợp cho TSLA: ('Connection aborted.', RemoteDisconnected('Remote end closed connection without response'))
2025-04-03 10:33:19 | ERROR    | utils.data_fetcher:_make_request:97 - Error: ('Connection aborted.', RemoteDisconnected('Remote end closed connection without response')) - URL: https://api.polygon.io/v2/aggs/ticker/NVDA/range/1/day/2025-01-03/2025-04-03
2025-04-03 10:33:19 | ERROR    | utils.data_fetcher:get_aggregates:220 - Lỗi khi lấy dữ liệu tổng hợp cho NVDA: ('Connection aborted.', RemoteDisconnected('Remote end closed connection without response'))
2025-04-03 10:38:45 | ERROR    | utils.telegram_notifier:_send_message:78 - Lỗi khi gửi tin nhắn Telegram: 400 Client Error: Bad Request for url: https://api.telegram.org/bot7975563527:AAEGCkOxvrcbmDgN0v6t796mSJezFn0-mu8/sendMessage
2025-04-03 10:38:49 | ERROR    | utils.telegram_notifier:_send_message:78 - Lỗi khi gửi tin nhắn Telegram: 400 Client Error: Bad Request for url: https://api.telegram.org/bot7975563527:AAEGCkOxvrcbmDgN0v6t796mSJezFn0-mu8/sendMessage
2025-04-03 10:38:53 | ERROR    | utils.telegram_notifier:_send_message:78 - Lỗi khi gửi tin nhắn Telegram: 400 Client Error: Bad Request for url: https://api.telegram.org/bot7975563527:AAEGCkOxvrcbmDgN0v6t796mSJezFn0-mu8/sendMessage
2025-04-03 10:38:56 | ERROR    | utils.telegram_notifier:_send_message:78 - Lỗi khi gửi tin nhắn Telegram: 400 Client Error: Bad Request for url: https://api.telegram.org/bot7975563527:AAEGCkOxvrcbmDgN0v6t796mSJezFn0-mu8/sendMessage
2025-04-03 10:38:56 | ERROR    | utils.telegram_notifier:send_prediction_message:245 - Không thể gửi thông báo dự đoán Telegram cho: NVDA
2025-04-03 10:54:32 | ERROR    | utils.telegram_notifier:_send_message:78 - Lỗi khi gửi tin nhắn Telegram: 400 Client Error: Bad Request for url: https://api.telegram.org/bot7975563527:AAEGCkOxvrcbmDgN0v6t796mSJezFn0-mu8/sendMessage
2025-04-03 10:54:36 | ERROR    | utils.telegram_notifier:_send_message:78 - Lỗi khi gửi tin nhắn Telegram: 400 Client Error: Bad Request for url: https://api.telegram.org/bot7975563527:AAEGCkOxvrcbmDgN0v6t796mSJezFn0-mu8/sendMessage
2025-04-03 10:54:40 | ERROR    | utils.telegram_notifier:_send_message:78 - Lỗi khi gửi tin nhắn Telegram: 400 Client Error: Bad Request for url: https://api.telegram.org/bot7975563527:AAEGCkOxvrcbmDgN0v6t796mSJezFn0-mu8/sendMessage
2025-04-03 10:54:44 | ERROR    | utils.telegram_notifier:_send_message:78 - Lỗi khi gửi tin nhắn Telegram: 400 Client Error: Bad Request for url: https://api.telegram.org/bot7975563527:AAEGCkOxvrcbmDgN0v6t796mSJezFn0-mu8/sendMessage
2025-04-03 10:54:44 | ERROR    | utils.telegram_notifier:send_prediction_message:245 - Không thể gửi thông báo dự đoán Telegram cho: NVDA
2025-04-03 11:10:18 | ERROR    | utils.telegram_notifier:_send_message:78 - Lỗi khi gửi tin nhắn Telegram: 400 Client Error: Bad Request for url: https://api.telegram.org/bot7975563527:AAEGCkOxvrcbmDgN0v6t796mSJezFn0-mu8/sendMessage
2025-04-03 11:10:22 | ERROR    | utils.telegram_notifier:_send_message:78 - Lỗi khi gửi tin nhắn Telegram: 400 Client Error: Bad Request for url: https://api.telegram.org/bot7975563527:AAEGCkOxvrcbmDgN0v6t796mSJezFn0-mu8/sendMessage
2025-04-03 11:10:27 | ERROR    | utils.telegram_notifier:_send_message:78 - Lỗi khi gửi tin nhắn Telegram: 400 Client Error: Bad Request for url: https://api.telegram.org/bot7975563527:AAEGCkOxvrcbmDgN0v6t796mSJezFn0-mu8/sendMessage
2025-04-03 11:10:30 | ERROR    | utils.telegram_notifier:_send_message:78 - Lỗi khi gửi tin nhắn Telegram: 400 Client Error: Bad Request for url: https://api.telegram.org/bot7975563527:AAEGCkOxvrcbmDgN0v6t796mSJezFn0-mu8/sendMessage
2025-04-03 11:10:30 | ERROR    | utils.telegram_notifier:send_prediction_message:245 - Không thể gửi thông báo dự đoán Telegram cho: NVDA
2025-04-03 11:26:12 | ERROR    | utils.telegram_notifier:_send_message:78 - Lỗi khi gửi tin nhắn Telegram: 400 Client Error: Bad Request for url: https://api.telegram.org/bot7975563527:AAEGCkOxvrcbmDgN0v6t796mSJezFn0-mu8/sendMessage
2025-04-03 11:26:16 | ERROR    | utils.telegram_notifier:_send_message:78 - Lỗi khi gửi tin nhắn Telegram: 400 Client Error: Bad Request for url: https://api.telegram.org/bot7975563527:AAEGCkOxvrcbmDgN0v6t796mSJezFn0-mu8/sendMessage
2025-04-03 11:26:20 | ERROR    | utils.telegram_notifier:_send_message:78 - Lỗi khi gửi tin nhắn Telegram: 400 Client Error: Bad Request for url: https://api.telegram.org/bot7975563527:AAEGCkOxvrcbmDgN0v6t796mSJezFn0-mu8/sendMessage
2025-04-03 11:26:24 | ERROR    | utils.telegram_notifier:_send_message:78 - Lỗi khi gửi tin nhắn Telegram: 400 Client Error: Bad Request for url: https://api.telegram.org/bot7975563527:AAEGCkOxvrcbmDgN0v6t796mSJezFn0-mu8/sendMessage
2025-04-03 11:26:24 | ERROR    | utils.telegram_notifier:send_prediction_message:245 - Không thể gửi thông báo dự đoán Telegram cho: NVDA
2025-04-03 11:42:01 | ERROR    | utils.telegram_notifier:_send_message:78 - Lỗi khi gửi tin nhắn Telegram: 400 Client Error: Bad Request for url: https://api.telegram.org/bot7975563527:AAEGCkOxvrcbmDgN0v6t796mSJezFn0-mu8/sendMessage
2025-04-03 11:42:05 | ERROR    | utils.telegram_notifier:_send_message:78 - Lỗi khi gửi tin nhắn Telegram: 400 Client Error: Bad Request for url: https://api.telegram.org/bot7975563527:AAEGCkOxvrcbmDgN0v6t796mSJezFn0-mu8/sendMessage
2025-04-03 11:42:09 | ERROR    | utils.telegram_notifier:_send_message:78 - Lỗi khi gửi tin nhắn Telegram: 400 Client Error: Bad Request for url: https://api.telegram.org/bot7975563527:AAEGCkOxvrcbmDgN0v6t796mSJezFn0-mu8/sendMessage
2025-04-03 11:42:12 | ERROR    | utils.telegram_notifier:_send_message:78 - Lỗi khi gửi tin nhắn Telegram: 400 Client Error: Bad Request for url: https://api.telegram.org/bot7975563527:AAEGCkOxvrcbmDgN0v6t796mSJezFn0-mu8/sendMessage
2025-04-03 11:42:12 | ERROR    | utils.telegram_notifier:send_prediction_message:245 - Không thể gửi thông báo dự đoán Telegram cho: NVDA
2025-04-03 11:57:50 | ERROR    | utils.telegram_notifier:_send_message:78 - Lỗi khi gửi tin nhắn Telegram: 400 Client Error: Bad Request for url: https://api.telegram.org/bot7975563527:AAEGCkOxvrcbmDgN0v6t796mSJezFn0-mu8/sendMessage
2025-04-03 11:57:54 | ERROR    | utils.telegram_notifier:_send_message:78 - Lỗi khi gửi tin nhắn Telegram: 400 Client Error: Bad Request for url: https://api.telegram.org/bot7975563527:AAEGCkOxvrcbmDgN0v6t796mSJezFn0-mu8/sendMessage
2025-04-03 11:57:58 | ERROR    | utils.telegram_notifier:_send_message:78 - Lỗi khi gửi tin nhắn Telegram: 400 Client Error: Bad Request for url: https://api.telegram.org/bot7975563527:AAEGCkOxvrcbmDgN0v6t796mSJezFn0-mu8/sendMessage
2025-04-03 11:58:02 | ERROR    | utils.telegram_notifier:_send_message:78 - Lỗi khi gửi tin nhắn Telegram: 400 Client Error: Bad Request for url: https://api.telegram.org/bot7975563527:AAEGCkOxvrcbmDgN0v6t796mSJezFn0-mu8/sendMessage
2025-04-03 11:58:02 | ERROR    | utils.telegram_notifier:send_prediction_message:245 - Không thể gửi thông báo dự đoán Telegram cho: NVDA
2025-04-03 12:13:38 | ERROR    | utils.telegram_notifier:_send_message:78 - Lỗi khi gửi tin nhắn Telegram: 400 Client Error: Bad Request for url: https://api.telegram.org/bot7975563527:AAEGCkOxvrcbmDgN0v6t796mSJezFn0-mu8/sendMessage
2025-04-03 12:13:42 | ERROR    | utils.telegram_notifier:_send_message:78 - Lỗi khi gửi tin nhắn Telegram: 400 Client Error: Bad Request for url: https://api.telegram.org/bot7975563527:AAEGCkOxvrcbmDgN0v6t796mSJezFn0-mu8/sendMessage
2025-04-03 12:13:46 | ERROR    | utils.telegram_notifier:_send_message:78 - Lỗi khi gửi tin nhắn Telegram: 400 Client Error: Bad Request for url: https://api.telegram.org/bot7975563527:AAEGCkOxvrcbmDgN0v6t796mSJezFn0-mu8/sendMessage
2025-04-03 12:13:50 | ERROR    | utils.telegram_notifier:_send_message:78 - Lỗi khi gửi tin nhắn Telegram: 400 Client Error: Bad Request for url: https://api.telegram.org/bot7975563527:AAEGCkOxvrcbmDgN0v6t796mSJezFn0-mu8/sendMessage
2025-04-03 12:13:50 | ERROR    | utils.telegram_notifier:send_prediction_message:245 - Không thể gửi thông báo dự đoán Telegram cho: NVDA
2025-04-03 12:29:26 | ERROR    | utils.telegram_notifier:_send_message:78 - Lỗi khi gửi tin nhắn Telegram: 400 Client Error: Bad Request for url: https://api.telegram.org/bot7975563527:AAEGCkOxvrcbmDgN0v6t796mSJezFn0-mu8/sendMessage
2025-04-03 12:29:30 | ERROR    | utils.telegram_notifier:_send_message:78 - Lỗi khi gửi tin nhắn Telegram: 400 Client Error: Bad Request for url: https://api.telegram.org/bot7975563527:AAEGCkOxvrcbmDgN0v6t796mSJezFn0-mu8/sendMessage
2025-04-03 12:29:33 | ERROR    | utils.telegram_notifier:_send_message:78 - Lỗi khi gửi tin nhắn Telegram: 400 Client Error: Bad Request for url: https://api.telegram.org/bot7975563527:AAEGCkOxvrcbmDgN0v6t796mSJezFn0-mu8/sendMessage
2025-04-03 12:29:37 | ERROR    | utils.telegram_notifier:_send_message:78 - Lỗi khi gửi tin nhắn Telegram: 400 Client Error: Bad Request for url: https://api.telegram.org/bot7975563527:AAEGCkOxvrcbmDgN0v6t796mSJezFn0-mu8/sendMessage
2025-04-03 12:29:37 | ERROR    | utils.telegram_notifier:send_prediction_message:245 - Không thể gửi thông báo dự đoán Telegram cho: NVDA
2025-04-03 12:39:03 | ERROR    | utils.telegram_notifier:_send_message:78 - Lỗi khi gửi tin nhắn Telegram: 400 Client Error: Bad Request for url: https://api.telegram.org/bot7975563527:AAEGCkOxvrcbmDgN0v6t796mSJezFn0-mu8/sendMessage
2025-04-03 12:39:07 | ERROR    | utils.telegram_notifier:_send_message:78 - Lỗi khi gửi tin nhắn Telegram: 400 Client Error: Bad Request for url: https://api.telegram.org/bot7975563527:AAEGCkOxvrcbmDgN0v6t796mSJezFn0-mu8/sendMessage
2025-04-03 12:39:10 | ERROR    | utils.telegram_notifier:_send_message:78 - Lỗi khi gửi tin nhắn Telegram: 400 Client Error: Bad Request for url: https://api.telegram.org/bot7975563527:AAEGCkOxvrcbmDgN0v6t796mSJezFn0-mu8/sendMessage
2025-04-03 12:39:15 | ERROR    | utils.telegram_notifier:_send_message:78 - Lỗi khi gửi tin nhắn Telegram: 400 Client Error: Bad Request for url: https://api.telegram.org/bot7975563527:AAEGCkOxvrcbmDgN0v6t796mSJezFn0-mu8/sendMessage
2025-04-03 12:39:15 | ERROR    | utils.telegram_notifier:send_prediction_message:245 - Không thể gửi thông báo dự đoán Telegram cho: NVDA
2025-04-03 12:53:54 | ERROR    | utils.telegram_notifier:_send_message:78 - Lỗi khi gửi tin nhắn Telegram: 400 Client Error: Bad Request for url: https://api.telegram.org/bot7975563527:AAEGCkOxvrcbmDgN0v6t796mSJezFn0-mu8/sendMessage
2025-04-03 12:53:57 | ERROR    | utils.telegram_notifier:_send_message:78 - Lỗi khi gửi tin nhắn Telegram: 400 Client Error: Bad Request for url: https://api.telegram.org/bot7975563527:AAEGCkOxvrcbmDgN0v6t796mSJezFn0-mu8/sendMessage
2025-04-03 12:54:01 | ERROR    | utils.telegram_notifier:_send_message:78 - Lỗi khi gửi tin nhắn Telegram: 400 Client Error: Bad Request for url: https://api.telegram.org/bot7975563527:AAEGCkOxvrcbmDgN0v6t796mSJezFn0-mu8/sendMessage
2025-04-03 12:54:05 | ERROR    | utils.telegram_notifier:_send_message:78 - Lỗi khi gửi tin nhắn Telegram: 400 Client Error: Bad Request for url: https://api.telegram.org/bot7975563527:AAEGCkOxvrcbmDgN0v6t796mSJezFn0-mu8/sendMessage
2025-04-03 12:54:05 | ERROR    | utils.telegram_notifier:send_prediction_message:245 - Không thể gửi thông báo dự đoán Telegram cho: NVDA
2025-04-03 13:09:40 | ERROR    | utils.telegram_notifier:_send_message:78 - Lỗi khi gửi tin nhắn Telegram: 400 Client Error: Bad Request for url: https://api.telegram.org/bot7975563527:AAEGCkOxvrcbmDgN0v6t796mSJezFn0-mu8/sendMessage
2025-04-03 13:09:44 | ERROR    | utils.telegram_notifier:_send_message:78 - Lỗi khi gửi tin nhắn Telegram: 400 Client Error: Bad Request for url: https://api.telegram.org/bot7975563527:AAEGCkOxvrcbmDgN0v6t796mSJezFn0-mu8/sendMessage
2025-04-03 13:09:48 | ERROR    | utils.telegram_notifier:_send_message:78 - Lỗi khi gửi tin nhắn Telegram: 400 Client Error: Bad Request for url: https://api.telegram.org/bot7975563527:AAEGCkOxvrcbmDgN0v6t796mSJezFn0-mu8/sendMessage
2025-04-03 13:09:51 | ERROR    | utils.telegram_notifier:_send_message:78 - Lỗi khi gửi tin nhắn Telegram: 400 Client Error: Bad Request for url: https://api.telegram.org/bot7975563527:AAEGCkOxvrcbmDgN0v6t796mSJezFn0-mu8/sendMessage
2025-04-03 13:09:51 | ERROR    | utils.telegram_notifier:send_prediction_message:245 - Không thể gửi thông báo dự đoán Telegram cho: NVDA
2025-04-03 13:25:29 | ERROR    | utils.telegram_notifier:_send_message:78 - Lỗi khi gửi tin nhắn Telegram: 400 Client Error: Bad Request for url: https://api.telegram.org/bot7975563527:AAEGCkOxvrcbmDgN0v6t796mSJezFn0-mu8/sendMessage
2025-04-03 13:25:33 | ERROR    | utils.telegram_notifier:_send_message:78 - Lỗi khi gửi tin nhắn Telegram: 400 Client Error: Bad Request for url: https://api.telegram.org/bot7975563527:AAEGCkOxvrcbmDgN0v6t796mSJezFn0-mu8/sendMessage
2025-04-03 13:25:37 | ERROR    | utils.telegram_notifier:_send_message:78 - Lỗi khi gửi tin nhắn Telegram: 400 Client Error: Bad Request for url: https://api.telegram.org/bot7975563527:AAEGCkOxvrcbmDgN0v6t796mSJezFn0-mu8/sendMessage
2025-04-03 13:25:41 | ERROR    | utils.telegram_notifier:_send_message:78 - Lỗi khi gửi tin nhắn Telegram: 400 Client Error: Bad Request for url: https://api.telegram.org/bot7975563527:AAEGCkOxvrcbmDgN0v6t796mSJezFn0-mu8/sendMessage
2025-04-03 13:25:41 | ERROR    | utils.telegram_notifier:send_prediction_message:245 - Không thể gửi thông báo dự đoán Telegram cho: NVDA
2025-04-03 13:41:17 | ERROR    | utils.telegram_notifier:_send_message:78 - Lỗi khi gửi tin nhắn Telegram: 400 Client Error: Bad Request for url: https://api.telegram.org/bot7975563527:AAEGCkOxvrcbmDgN0v6t796mSJezFn0-mu8/sendMessage
2025-04-03 13:41:21 | ERROR    | utils.telegram_notifier:_send_message:78 - Lỗi khi gửi tin nhắn Telegram: 400 Client Error: Bad Request for url: https://api.telegram.org/bot7975563527:AAEGCkOxvrcbmDgN0v6t796mSJezFn0-mu8/sendMessage
2025-04-03 13:41:25 | ERROR    | utils.telegram_notifier:_send_message:78 - Lỗi khi gửi tin nhắn Telegram: 400 Client Error: Bad Request for url: https://api.telegram.org/bot7975563527:AAEGCkOxvrcbmDgN0v6t796mSJezFn0-mu8/sendMessage
2025-04-03 13:41:29 | ERROR    | utils.telegram_notifier:_send_message:78 - Lỗi khi gửi tin nhắn Telegram: 400 Client Error: Bad Request for url: https://api.telegram.org/bot7975563527:AAEGCkOxvrcbmDgN0v6t796mSJezFn0-mu8/sendMessage
2025-04-03 13:41:29 | ERROR    | utils.telegram_notifier:send_prediction_message:245 - Không thể gửi thông báo dự đoán Telegram cho: NVDA
2025-04-04 00:34:27 | ERROR    | evolution.hyperparameter_tuner:tune:515 - Không tìm thấy mô hình tốt cho TSLA - intraday
2025-04-04 04:58:37 | ERROR    | evolution.hyperparameter_tuner:tune:515 - Không tìm thấy mô hình tốt cho PLTR - five_day
2025-04-04 08:46:13 | ERROR    | __main__:_run_accuracy_evaluation:971 - Lỗi khi đánh giá độ chính xác: No module named 'accuracy_evaluator'
2025-04-04 08:46:13 | ERROR    | __main__:_run_accuracy_evaluation:972 - Traceback (most recent call last):
  File "/home/trietvo/BondZiA/main.py", line 941, in _run_accuracy_evaluation
    from accuracy_evaluator import AccuracyEvaluator
ModuleNotFoundError: No module named 'accuracy_evaluator'

